{"meta": {"format": 3, "version": "7.10.7", "timestamp": "2025-10-19T20:26:53.697368", "branch_coverage": false, "show_contexts": false}, "files": {"src/spacetraders_bot/__init__.py": {"executed_lines": [1, 3, 4, 5, 7, 8, 9, 10, 12, 13, 28, 44, 45, 48, 49, 50, 51, 52, 53, 55], "summary": {"covered_lines": 12, "num_statements": 12, "percent_covered": 100.0, "percent_covered_display": "100", "missing_lines": 0, "excluded_lines": 7}, "missing_lines": [], "excluded_lines": [9, 10, 44, 45, 51, 52, 53], "functions": {"": {"executed_lines": [1, 3, 4, 5, 7, 8, 9, 10, 12, 13, 28, 44, 45, 48, 49, 50, 51, 52, 53, 55], "summary": {"covered_lines": 12, "num_statements": 12, "percent_covered": 100.0, "percent_covered_display": "100", "missing_lines": 0, "excluded_lines": 7}, "missing_lines": [], "excluded_lines": [9, 10, 44, 45, 51, 52, 53]}}, "classes": {"": {"executed_lines": [1, 3, 4, 5, 7, 8, 9, 10, 12, 13, 28, 44, 45, 48, 49, 50, 51, 52, 53, 55], "summary": {"covered_lines": 12, "num_statements": 12, "percent_covered": 100.0, "percent_covered_display": "100", "missing_lines": 0, "excluded_lines": 7}, "missing_lines": [], "excluded_lines": [9, 10, 44, 45, 51, 52, 53]}}}, "src/spacetraders_bot/cli/__init__.py": {"executed_lines": [1, 3, 5], "summary": {"covered_lines": 2, "num_statements": 2, "percent_covered": 100.0, "percent_covered_display": "100", "missing_lines": 0, "excluded_lines": 0}, "missing_lines": [], "excluded_lines": [], "functions": {"": {"executed_lines": [1, 3, 5], "summary": {"covered_lines": 2, "num_statements": 2, "percent_covered": 100.0, "percent_covered_display": "100", "missing_lines": 0, "excluded_lines": 0}, "missing_lines": [], "excluded_lines": []}}, "classes": {"": {"executed_lines": [1, 3, 5], "summary": {"covered_lines": 2, "num_statements": 2, "percent_covered": 100.0, "percent_covered_display": "100", "missing_lines": 0, "excluded_lines": 0}, "missing_lines": [], "excluded_lines": []}}}, "src/spacetraders_bot/cli/__main__.py": {"executed_lines": [], "summary": {"covered_lines": 0, "num_statements": 3, "percent_covered": 0.0, "percent_covered_display": "0", "missing_lines": 3, "excluded_lines": 0}, "missing_lines": [4, 7, 8], "excluded_lines": [], "functions": {"": {"executed_lines": [], "summary": {"covered_lines": 0, "num_statements": 3, "percent_covered": 0.0, "percent_covered_display": "0", "missing_lines": 3, "excluded_lines": 0}, "missing_lines": [4, 7, 8], "excluded_lines": []}}, "classes": {"": {"executed_lines": [], "summary": {"covered_lines": 0, "num_statements": 3, "percent_covered": 0.0, "percent_covered_display": "0", "missing_lines": 3, "excluded_lines": 0}, "missing_lines": [4, 7, 8], "excluded_lines": []}}}, "src/spacetraders_bot/cli/main.py": {"executed_lines": [2, 25, 26, 27, 28, 29, 30, 31, 33, 34, 73, 74, 80, 84, 87, 88, 89, 90, 91, 92, 95, 96, 97, 98, 99, 100, 103, 104, 105, 106, 107, 108, 111, 112, 113, 114, 115, 118, 119, 120, 123, 124, 125, 126, 127, 129, 133, 134, 135, 136, 139, 143, 144, 145, 146, 148, 149, 150, 151, 152, 153, 154, 159, 160, 161, 164, 165, 166, 167, 168, 171, 172, 173, 176, 177, 178, 181, 182, 183, 184, 187, 188, 189, 192, 193, 194, 195, 196, 197, 198, 201, 202, 203, 204, 207, 208, 209, 210, 211, 212, 213, 216, 217, 218, 219, 220, 221, 222, 223, 224, 225, 228, 229, 230, 231, 232, 235, 236, 239, 240, 241, 242, 243, 247, 248, 249, 252, 253, 254, 257, 258, 259, 260, 263, 264, 267, 268, 271, 272, 273, 276, 277, 278, 279, 280, 281, 282, 285, 286, 287, 288, 291, 292, 293, 296, 297, 298, 299, 302, 303, 306, 307, 308, 309, 310, 311, 314, 315, 316, 319, 320, 323, 324, 327, 328, 329, 330, 331, 334, 335, 336, 339, 340, 341, 344, 345, 346, 349, 350, 351, 354, 355, 358, 359, 360, 363, 364, 365, 366, 367, 368, 371, 372, 373, 376, 377, 378, 379, 383, 384, 385, 386, 387, 388, 389, 390, 391, 394, 395, 396, 397, 400, 401, 402, 403, 406, 407, 408, 409, 410, 411, 412, 415, 416, 417, 419, 421, 423, 428, 430, 432, 434, 436, 438, 440, 453, 455, 457, 459, 461, 462, 463, 464, 465, 468, 471, 474, 476, 477, 478, 487, 488, 489, 490, 491, 492, 509, 510, 512, 514, 516, 518, 519, 529], "summary": {"covered_lines": 273, "num_statements": 344, "percent_covered": 79.36046511627907, "percent_covered_display": "79", "missing_lines": 71, "excluded_lines": 0}, "missing_lines": [424, 425, 429, 431, 433, 435, 437, 439, 442, 444, 445, 448, 449, 450, 451, 452, 454, 456, 458, 460, 466, 467, 469, 470, 472, 473, 475, 479, 480, 481, 482, 483, 484, 485, 486, 493, 494, 495, 496, 497, 498, 499, 500, 501, 502, 503, 504, 505, 506, 507, 508, 511, 513, 515, 517, 520, 521, 522, 523, 524, 526, 530, 531, 532, 533, 534, 535, 536, 537, 538, 539], "excluded_lines": [], "functions": {"main": {"executed_lines": [74, 80, 84, 87, 88, 89, 90, 91, 92, 95, 96, 97, 98, 99, 100, 103, 104, 105, 106, 107, 108, 111, 112, 113, 114, 115, 118, 119, 120, 123, 124, 125, 126, 127, 129, 133, 134, 135, 136, 139, 143, 144, 145, 146, 148, 149, 150, 151, 152, 153, 154, 159, 160, 161, 164, 165, 166, 167, 168, 171, 172, 173, 176, 177, 178, 181, 182, 183, 184, 187, 188, 189, 192, 193, 194, 195, 196, 197, 198, 201, 202, 203, 204, 207, 208, 209, 210, 211, 212, 213, 216, 217, 218, 219, 220, 221, 222, 223, 224, 225, 228, 229, 230, 231, 232, 235, 236, 239, 240, 241, 242, 243, 247, 248, 249, 252, 253, 254, 257, 258, 259, 260, 263, 264, 267, 268, 271, 272, 273, 276, 277, 278, 279, 280, 281, 282, 285, 286, 287, 288, 291, 292, 293, 296, 297, 298, 299, 302, 303, 306, 307, 308, 309, 310, 311, 314, 315, 316, 319, 320, 323, 324, 327, 328, 329, 330, 331, 334, 335, 336, 339, 340, 341, 344, 345, 346, 349, 350, 351, 354, 355, 358, 359, 360, 363, 364, 365, 366, 367, 368, 371, 372, 373, 376, 377, 378, 379, 383, 384, 385, 386, 387, 388, 389, 390, 391, 394, 395, 396, 397, 400, 401, 402, 403, 406, 407, 408, 409, 410, 411, 412, 415, 416, 417, 419, 421, 423, 428, 430, 432, 434, 436, 438, 440, 453, 455, 457, 459, 461, 462, 463, 464, 465, 468, 471, 474, 476, 477, 478, 487, 488, 489, 490, 491, 492, 509, 510, 512, 514, 516, 518, 519], "summary": {"covered_lines": 262, "num_statements": 323, "percent_covered": 81.11455108359134, "percent_covered_display": "81", "missing_lines": 61, "excluded_lines": 0}, "missing_lines": [424, 425, 429, 431, 433, 435, 437, 439, 442, 444, 445, 448, 449, 450, 451, 452, 454, 456, 458, 460, 466, 467, 469, 470, 472, 473, 475, 479, 480, 481, 482, 483, 484, 485, 486, 493, 494, 495, 496, 497, 498, 499, 500, 501, 502, 503, 504, 505, 506, 507, 508, 511, 513, 515, 517, 520, 521, 522, 523, 524, 526], "excluded_lines": []}, "": {"executed_lines": [2, 25, 26, 27, 28, 29, 30, 31, 33, 34, 73, 529], "summary": {"covered_lines": 11, "num_statements": 21, "percent_covered": 52.38095238095238, "percent_covered_display": "52", "missing_lines": 10, "excluded_lines": 0}, "missing_lines": [530, 531, 532, 533, 534, 535, 536, 537, 538, 539], "excluded_lines": []}}, "classes": {"": {"executed_lines": [2, 25, 26, 27, 28, 29, 30, 31, 33, 34, 73, 74, 80, 84, 87, 88, 89, 90, 91, 92, 95, 96, 97, 98, 99, 100, 103, 104, 105, 106, 107, 108, 111, 112, 113, 114, 115, 118, 119, 120, 123, 124, 125, 126, 127, 129, 133, 134, 135, 136, 139, 143, 144, 145, 146, 148, 149, 150, 151, 152, 153, 154, 159, 160, 161, 164, 165, 166, 167, 168, 171, 172, 173, 176, 177, 178, 181, 182, 183, 184, 187, 188, 189, 192, 193, 194, 195, 196, 197, 198, 201, 202, 203, 204, 207, 208, 209, 210, 211, 212, 213, 216, 217, 218, 219, 220, 221, 222, 223, 224, 225, 228, 229, 230, 231, 232, 235, 236, 239, 240, 241, 242, 243, 247, 248, 249, 252, 253, 254, 257, 258, 259, 260, 263, 264, 267, 268, 271, 272, 273, 276, 277, 278, 279, 280, 281, 282, 285, 286, 287, 288, 291, 292, 293, 296, 297, 298, 299, 302, 303, 306, 307, 308, 309, 310, 311, 314, 315, 316, 319, 320, 323, 324, 327, 328, 329, 330, 331, 334, 335, 336, 339, 340, 341, 344, 345, 346, 349, 350, 351, 354, 355, 358, 359, 360, 363, 364, 365, 366, 367, 368, 371, 372, 373, 376, 377, 378, 379, 383, 384, 385, 386, 387, 388, 389, 390, 391, 394, 395, 396, 397, 400, 401, 402, 403, 406, 407, 408, 409, 410, 411, 412, 415, 416, 417, 419, 421, 423, 428, 430, 432, 434, 436, 438, 440, 453, 455, 457, 459, 461, 462, 463, 464, 465, 468, 471, 474, 476, 477, 478, 487, 488, 489, 490, 491, 492, 509, 510, 512, 514, 516, 518, 519, 529], "summary": {"covered_lines": 273, "num_statements": 344, "percent_covered": 79.36046511627907, "percent_covered_display": "79", "missing_lines": 71, "excluded_lines": 0}, "missing_lines": [424, 425, 429, 431, 433, 435, 437, 439, 442, 444, 445, 448, 449, 450, 451, 452, 454, 456, 458, 460, 466, 467, 469, 470, 472, 473, 475, 479, 480, 481, 482, 483, 484, 485, 486, 493, 494, 495, 496, 497, 498, 499, 500, 501, 502, 503, 504, 505, 506, 507, 508, 511, 513, 515, 517, 520, 521, 522, 523, 524, 526, 530, 531, 532, 533, 534, 535, 536, 537, 538, 539], "excluded_lines": []}}}, "src/spacetraders_bot/core/__init__.py": {"executed_lines": [1, 3, 4, 5, 6, 7, 16, 17, 18, 19, 20, 26, 27, 28, 29, 34], "summary": {"covered_lines": 15, "num_statements": 15, "percent_covered": 100.0, "percent_covered_display": "100", "missing_lines": 0, "excluded_lines": 0}, "missing_lines": [], "excluded_lines": [], "functions": {"": {"executed_lines": [1, 3, 4, 5, 6, 7, 16, 17, 18, 19, 20, 26, 27, 28, 29, 34], "summary": {"covered_lines": 15, "num_statements": 15, "percent_covered": 100.0, "percent_covered_display": "100", "missing_lines": 0, "excluded_lines": 0}, "missing_lines": [], "excluded_lines": []}}, "classes": {"": {"executed_lines": [1, 3, 4, 5, 6, 7, 16, 17, 18, 19, 20, 26, 27, 28, 29, 34], "summary": {"covered_lines": 15, "num_statements": 15, "percent_covered": 100.0, "percent_covered_display": "100", "missing_lines": 0, "excluded_lines": 0}, "missing_lines": [], "excluded_lines": []}}}, "src/spacetraders_bot/core/api_client.py": {"executed_lines": [2, 7, 8, 9, 10, 12, 15, 18, 19, 20, 22, 23, 24, 25, 27, 28, 33, 34, 35, 37, 38, 44, 47, 48, 50, 51, 52, 54, 66, 67, 69, 70, 71, 72, 76, 78, 97, 99, 102, 103, 104, 108, 110, 119, 120, 121, 123, 124, 126, 127, 128, 137, 138, 151, 156, 157, 158, 166, 167, 168, 169, 178, 179, 181, 182, 190, 198, 204, 205, 206, 215, 220, 221, 317, 321, 325, 330, 335, 340, 345, 350, 355, 360, 365], "summary": {"covered_lines": 80, "num_statements": 163, "percent_covered": 49.079754601226995, "percent_covered_display": "49", "missing_lines": 83, "excluded_lines": 0}, "missing_lines": [29, 30, 31, 56, 57, 59, 60, 61, 63, 100, 105, 106, 129, 130, 131, 132, 134, 135, 139, 140, 146, 171, 172, 216, 217, 218, 227, 228, 234, 235, 236, 243, 244, 245, 246, 247, 248, 253, 254, 255, 262, 263, 264, 265, 266, 267, 272, 273, 274, 282, 283, 284, 285, 286, 292, 297, 298, 305, 306, 311, 312, 319, 323, 327, 332, 333, 337, 338, 342, 343, 347, 348, 352, 353, 357, 358, 362, 363, 367, 368, 369, 370, 372], "excluded_lines": [], "functions": {"APIResult.message": {"executed_lines": [], "summary": {"covered_lines": 0, "num_statements": 3, "percent_covered": 0.0, "percent_covered_display": "0", "missing_lines": 3, "excluded_lines": 0}, "missing_lines": [29, 30, 31], "excluded_lines": []}, "APIResult.success": {"executed_lines": [35], "summary": {"covered_lines": 1, "num_statements": 1, "percent_covered": 100.0, "percent_covered_display": "100", "missing_lines": 0, "excluded_lines": 0}, "missing_lines": [], "excluded_lines": []}, "APIResult.failure": {"executed_lines": [44], "summary": {"covered_lines": 1, "num_statements": 1, "percent_covered": 100.0, "percent_covered_display": "100", "missing_lines": 0, "excluded_lines": 0}, "missing_lines": [], "excluded_lines": []}, "RateLimiter.__init__": {"executed_lines": [51, 52], "summary": {"covered_lines": 2, "num_statements": 2, "percent_covered": 100.0, "percent_covered_display": "100", "missing_lines": 0, "excluded_lines": 0}, "missing_lines": [], "excluded_lines": []}, "RateLimiter.wait": {"executed_lines": [], "summary": {"covered_lines": 0, "num_statements": 6, "percent_covered": 0.0, "percent_covered_display": "0", "missing_lines": 6, "excluded_lines": 0}, "missing_lines": [56, 57, 59, 60, 61, 63], "excluded_lines": []}, "APIClient.__init__": {"executed_lines": [70, 71, 72, 76], "summary": {"covered_lines": 4, "num_statements": 4, "percent_covered": 100.0, "percent_covered_display": "100", "missing_lines": 0, "excluded_lines": 0}, "missing_lines": [], "excluded_lines": []}, "APIClient.request": {"executed_lines": [97, 99, 102, 103, 104, 108], "summary": {"covered_lines": 6, "num_statements": 9, "percent_covered": 66.66666666666667, "percent_covered_display": "67", "missing_lines": 3, "excluded_lines": 0}, "missing_lines": [100, 105, 106], "excluded_lines": []}, "APIClient.request_result": {"executed_lines": [119, 120, 121, 123, 124, 126, 127, 128, 137, 138, 151, 156, 157, 158, 166, 167, 168, 169, 178, 179, 181, 182, 190, 198, 204, 205, 206, 215, 220, 221], "summary": {"covered_lines": 30, "num_statements": 79, "percent_covered": 37.9746835443038, "percent_covered_display": "38", "missing_lines": 49, "excluded_lines": 0}, "missing_lines": [129, 130, 131, 132, 134, 135, 139, 140, 146, 171, 172, 216, 217, 218, 227, 228, 234, 235, 236, 243, 244, 245, 246, 247, 248, 253, 254, 255, 262, 263, 264, 265, 266, 267, 272, 273, 274, 282, 283, 284, 285, 286, 292, 297, 298, 305, 306, 311, 312], "excluded_lines": []}, "APIClient.get": {"executed_lines": [], "summary": {"covered_lines": 0, "num_statements": 1, "percent_covered": 0.0, "percent_covered_display": "0", "missing_lines": 1, "excluded_lines": 0}, "missing_lines": [319], "excluded_lines": []}, "APIClient.post": {"executed_lines": [], "summary": {"covered_lines": 0, "num_statements": 1, "percent_covered": 0.0, "percent_covered_display": "0", "missing_lines": 1, "excluded_lines": 0}, "missing_lines": [323], "excluded_lines": []}, "APIClient.patch": {"executed_lines": [], "summary": {"covered_lines": 0, "num_statements": 1, "percent_covered": 0.0, "percent_covered_display": "0", "missing_lines": 1, "excluded_lines": 0}, "missing_lines": [327], "excluded_lines": []}, "APIClient.get_agent": {"executed_lines": [], "summary": {"covered_lines": 0, "num_statements": 2, "percent_covered": 0.0, "percent_covered_display": "0", "missing_lines": 2, "excluded_lines": 0}, "missing_lines": [332, 333], "excluded_lines": []}, "APIClient.get_ship": {"executed_lines": [], "summary": {"covered_lines": 0, "num_statements": 2, "percent_covered": 0.0, "percent_covered_display": "0", "missing_lines": 2, "excluded_lines": 0}, "missing_lines": [337, 338], "excluded_lines": []}, "APIClient.list_ships": {"executed_lines": [], "summary": {"covered_lines": 0, "num_statements": 2, "percent_covered": 0.0, "percent_covered_display": "0", "missing_lines": 2, "excluded_lines": 0}, "missing_lines": [342, 343], "excluded_lines": []}, "APIClient.get_contract": {"executed_lines": [], "summary": {"covered_lines": 0, "num_statements": 2, "percent_covered": 0.0, "percent_covered_display": "0", "missing_lines": 2, "excluded_lines": 0}, "missing_lines": [347, 348], "excluded_lines": []}, "APIClient.list_contracts": {"executed_lines": [], "summary": {"covered_lines": 0, "num_statements": 2, "percent_covered": 0.0, "percent_covered_display": "0", "missing_lines": 2, "excluded_lines": 0}, "missing_lines": [352, 353], "excluded_lines": []}, "APIClient.get_market": {"executed_lines": [], "summary": {"covered_lines": 0, "num_statements": 2, "percent_covered": 0.0, "percent_covered_display": "0", "missing_lines": 2, "excluded_lines": 0}, "missing_lines": [357, 358], "excluded_lines": []}, "APIClient.get_waypoint": {"executed_lines": [], "summary": {"covered_lines": 0, "num_statements": 2, "percent_covered": 0.0, "percent_covered_display": "0", "missing_lines": 2, "excluded_lines": 0}, "missing_lines": [362, 363], "excluded_lines": []}, "APIClient.list_waypoints": {"executed_lines": [], "summary": {"covered_lines": 0, "num_statements": 5, "percent_covered": 0.0, "percent_covered_display": "0", "missing_lines": 5, "excluded_lines": 0}, "missing_lines": [367, 368, 369, 370, 372], "excluded_lines": []}, "": {"executed_lines": [2, 7, 8, 9, 10, 12, 15, 18, 19, 20, 22, 23, 24, 25, 27, 28, 33, 34, 37, 38, 47, 48, 50, 54, 66, 67, 69, 78, 110, 317, 321, 325, 330, 335, 340, 345, 350, 355, 360, 365], "summary": {"covered_lines": 36, "num_statements": 36, "percent_covered": 100.0, "percent_covered_display": "100", "missing_lines": 0, "excluded_lines": 0}, "missing_lines": [], "excluded_lines": []}}, "classes": {"APIResult": {"executed_lines": [35, 44], "summary": {"covered_lines": 2, "num_statements": 5, "percent_covered": 40.0, "percent_covered_display": "40", "missing_lines": 3, "excluded_lines": 0}, "missing_lines": [29, 30, 31], "excluded_lines": []}, "RateLimiter": {"executed_lines": [51, 52], "summary": {"covered_lines": 2, "num_statements": 8, "percent_covered": 25.0, "percent_covered_display": "25", "missing_lines": 6, "excluded_lines": 0}, "missing_lines": [56, 57, 59, 60, 61, 63], "excluded_lines": []}, "APIClient": {"executed_lines": [70, 71, 72, 76, 97, 99, 102, 103, 104, 108, 119, 120, 121, 123, 124, 126, 127, 128, 137, 138, 151, 156, 157, 158, 166, 167, 168, 169, 178, 179, 181, 182, 190, 198, 204, 205, 206, 215, 220, 221], "summary": {"covered_lines": 40, "num_statements": 114, "percent_covered": 35.08771929824562, "percent_covered_display": "35", "missing_lines": 74, "excluded_lines": 0}, "missing_lines": [100, 105, 106, 129, 130, 131, 132, 134, 135, 139, 140, 146, 171, 172, 216, 217, 218, 227, 228, 234, 235, 236, 243, 244, 245, 246, 247, 248, 253, 254, 255, 262, 263, 264, 265, 266, 267, 272, 273, 274, 282, 283, 284, 285, 286, 292, 297, 298, 305, 306, 311, 312, 319, 323, 327, 332, 333, 337, 338, 342, 343, 347, 348, 352, 353, 357, 358, 362, 363, 367, 368, 369, 370, 372], "excluded_lines": []}, "": {"executed_lines": [2, 7, 8, 9, 10, 12, 15, 18, 19, 20, 22, 23, 24, 25, 27, 28, 33, 34, 37, 38, 47, 48, 50, 54, 66, 67, 69, 78, 110, 317, 321, 325, 330, 335, 340, 345, 350, 355, 360, 365], "summary": {"covered_lines": 36, "num_statements": 36, "percent_covered": 100.0, "percent_covered_display": "100", "missing_lines": 0, "excluded_lines": 0}, "missing_lines": [], "excluded_lines": []}}}, "src/spacetraders_bot/core/assignment_manager.py": {"executed_lines": [2, 11, 12, 14, 15, 16, 17, 20, 21, 42, 85, 100, 101, 105, 144, 173, 193, 198, 227, 248, 282, 327], "summary": {"covered_lines": 20, "num_statements": 131, "percent_covered": 15.267175572519085, "percent_covered_display": "15", "missing_lines": 111, "excluded_lines": 59}, "missing_lines": [60, 61, 63, 65, 66, 67, 68, 69, 70, 71, 72, 74, 75, 76, 77, 79, 81, 82, 83, 96, 97, 98, 103, 120, 122, 124, 125, 126, 129, 130, 131, 134, 137, 139, 140, 142, 155, 156, 158, 159, 160, 162, 163, 166, 168, 169, 171, 175, 176, 178, 179, 182, 183, 186, 187, 189, 191, 195, 196, 208, 209, 210, 213, 214, 215, 217, 218, 220, 221, 223, 225, 237, 238, 239, 241, 242, 244, 246, 255, 261, 262, 264, 265, 266, 268, 269, 272, 274, 275, 276, 278, 280, 296, 298, 299, 301, 302, 303, 305, 307, 308, 309, 311, 314, 315, 316, 317, 318, 319, 322, 324], "excluded_lines": [327, 329, 331, 332, 335, 336, 337, 338, 339, 342, 343, 344, 347, 348, 351, 352, 355, 358, 360, 362, 364, 365, 367, 368, 370, 371, 372, 373, 374, 375, 377, 378, 380, 381, 382, 383, 384, 386, 387, 388, 389, 390, 392, 394, 397, 398, 399, 400, 401, 402, 403, 405, 406, 407, 408, 409, 410, 412, 413], "functions": {"AssignmentManager.__init__": {"executed_lines": [], "summary": {"covered_lines": 0, "num_statements": 19, "percent_covered": 0.0, "percent_covered_display": "0", "missing_lines": 19, "excluded_lines": 0}, "missing_lines": [60, 61, 63, 65, 66, 67, 68, 69, 70, 71, 72, 74, 75, 76, 77, 79, 81, 82, 83], "excluded_lines": []}, "AssignmentManager.get_api_client": {"executed_lines": [], "summary": {"covered_lines": 0, "num_statements": 3, "percent_covered": 0.0, "percent_covered_display": "0", "missing_lines": 3, "excluded_lines": 0}, "missing_lines": [96, 97, 98], "excluded_lines": []}, "AssignmentManager.api": {"executed_lines": [], "summary": {"covered_lines": 0, "num_statements": 1, "percent_covered": 0.0, "percent_covered_display": "0", "missing_lines": 1, "excluded_lines": 0}, "missing_lines": [103], "excluded_lines": []}, "AssignmentManager.assign": {"executed_lines": [], "summary": {"covered_lines": 0, "num_statements": 13, "percent_covered": 0.0, "percent_covered_display": "0", "missing_lines": 13, "excluded_lines": 0}, "missing_lines": [120, 122, 124, 125, 126, 129, 130, 131, 134, 137, 139, 140, 142], "excluded_lines": []}, "AssignmentManager.release": {"executed_lines": [], "summary": {"covered_lines": 0, "num_statements": 11, "percent_covered": 0.0, "percent_covered_display": "0", "missing_lines": 11, "excluded_lines": 0}, "missing_lines": [155, 156, 158, 159, 160, 162, 163, 166, 168, 169, 171], "excluded_lines": []}, "AssignmentManager.is_available": {"executed_lines": [], "summary": {"covered_lines": 0, "num_statements": 10, "percent_covered": 0.0, "percent_covered_display": "0", "missing_lines": 10, "excluded_lines": 0}, "missing_lines": [175, 176, 178, 179, 182, 183, 186, 187, 189, 191], "excluded_lines": []}, "AssignmentManager.get_assignment": {"executed_lines": [], "summary": {"covered_lines": 0, "num_statements": 2, "percent_covered": 0.0, "percent_covered_display": "0", "missing_lines": 2, "excluded_lines": 0}, "missing_lines": [195, 196], "excluded_lines": []}, "AssignmentManager.list_all": {"executed_lines": [], "summary": {"covered_lines": 0, "num_statements": 12, "percent_covered": 0.0, "percent_covered_display": "0", "missing_lines": 12, "excluded_lines": 0}, "missing_lines": [208, 209, 210, 213, 214, 215, 217, 218, 220, 221, 223, 225], "excluded_lines": []}, "AssignmentManager.find_available": {"executed_lines": [], "summary": {"covered_lines": 0, "num_statements": 7, "percent_covered": 0.0, "percent_covered_display": "0", "missing_lines": 7, "excluded_lines": 0}, "missing_lines": [237, 238, 239, 241, 242, 244, 246], "excluded_lines": []}, "AssignmentManager.sync_with_daemons": {"executed_lines": [], "summary": {"covered_lines": 0, "num_statements": 14, "percent_covered": 0.0, "percent_covered_display": "0", "missing_lines": 14, "excluded_lines": 0}, "missing_lines": [255, 261, 262, 264, 265, 266, 268, 269, 272, 274, 275, 276, 278, 280], "excluded_lines": []}, "AssignmentManager.reassign_ships": {"executed_lines": [], "summary": {"covered_lines": 0, "num_statements": 19, "percent_covered": 0.0, "percent_covered_display": "0", "missing_lines": 19, "excluded_lines": 0}, "missing_lines": [296, 298, 299, 301, 302, 303, 305, 307, 308, 309, 311, 314, 315, 316, 317, 318, 319, 322, 324], "excluded_lines": []}, "": {"executed_lines": [2, 11, 12, 14, 15, 16, 17, 20, 21, 42, 85, 100, 101, 105, 144, 173, 193, 198, 227, 248, 282, 327], "summary": {"covered_lines": 20, "num_statements": 20, "percent_covered": 100.0, "percent_covered_display": "100", "missing_lines": 0, "excluded_lines": 59}, "missing_lines": [], "excluded_lines": [327, 329, 331, 332, 335, 336, 337, 338, 339, 342, 343, 344, 347, 348, 351, 352, 355, 358, 360, 362, 364, 365, 367, 368, 370, 371, 372, 373, 374, 375, 377, 378, 380, 381, 382, 383, 384, 386, 387, 388, 389, 390, 392, 394, 397, 398, 399, 400, 401, 402, 403, 405, 406, 407, 408, 409, 410, 412, 413]}}, "classes": {"AssignmentManager": {"executed_lines": [], "summary": {"covered_lines": 0, "num_statements": 111, "percent_covered": 0.0, "percent_covered_display": "0", "missing_lines": 111, "excluded_lines": 0}, "missing_lines": [60, 61, 63, 65, 66, 67, 68, 69, 70, 71, 72, 74, 75, 76, 77, 79, 81, 82, 83, 96, 97, 98, 103, 120, 122, 124, 125, 126, 129, 130, 131, 134, 137, 139, 140, 142, 155, 156, 158, 159, 160, 162, 163, 166, 168, 169, 171, 175, 176, 178, 179, 182, 183, 186, 187, 189, 191, 195, 196, 208, 209, 210, 213, 214, 215, 217, 218, 220, 221, 223, 225, 237, 238, 239, 241, 242, 244, 246, 255, 261, 262, 264, 265, 266, 268, 269, 272, 274, 275, 276, 278, 280, 296, 298, 299, 301, 302, 303, 305, 307, 308, 309, 311, 314, 315, 316, 317, 318, 319, 322, 324], "excluded_lines": []}, "": {"executed_lines": [2, 11, 12, 14, 15, 16, 17, 20, 21, 42, 85, 100, 101, 105, 144, 173, 193, 198, 227, 248, 282, 327], "summary": {"covered_lines": 20, "num_statements": 20, "percent_covered": 100.0, "percent_covered_display": "100", "missing_lines": 0, "excluded_lines": 59}, "missing_lines": [], "excluded_lines": [327, 329, 331, 332, 335, 336, 337, 338, 339, 342, 343, 344, 347, 348, 351, 352, 355, 358, 360, 362, 364, 365, 367, 368, 370, 371, 372, 373, 374, 375, 377, 378, 380, 381, 382, 383, 384, 386, 387, 388, 389, 390, 392, 394, 397, 398, 399, 400, 401, 402, 403, 405, 406, 407, 408, 409, 410, 412, 413]}}}, "src/spacetraders_bot/core/daemon_manager.py": {"executed_lines": [2, 10, 11, 12, 13, 14, 15, 17, 18, 21, 22, 40, 78, 83, 95, 112, 113, 117, 173, 190, 196, 229, 282, 291, 299, 304, 320, 367, 381, 403, 422, 460], "summary": {"covered_lines": 30, "num_statements": 213, "percent_covered": 14.084507042253522, "percent_covered_display": "14", "missing_lines": 183, "excluded_lines": 39}, "missing_lines": [54, 56, 57, 58, 59, 60, 62, 63, 64, 67, 68, 69, 70, 71, 73, 74, 76, 80, 81, 86, 87, 106, 108, 109, 110, 115, 130, 131, 132, 134, 135, 139, 142, 143, 146, 156, 157, 167, 168, 169, 171, 175, 176, 178, 179, 180, 181, 182, 183, 186, 188, 192, 193, 194, 214, 215, 218, 219, 221, 223, 225, 227, 240, 241, 242, 243, 245, 247, 248, 249, 250, 252, 253, 254, 255, 256, 257, 258, 259, 260, 261, 262, 263, 264, 266, 271, 273, 274, 275, 276, 278, 279, 280, 284, 285, 286, 287, 288, 289, 293, 301, 302, 306, 307, 308, 310, 311, 312, 313, 315, 316, 317, 318, 327, 329, 330, 332, 333, 334, 335, 336, 338, 339, 340, 341, 342, 343, 346, 347, 349, 350, 352, 369, 370, 371, 373, 374, 375, 376, 377, 379, 383, 385, 386, 387, 389, 391, 392, 393, 396, 397, 398, 400, 401, 405, 407, 408, 410, 411, 413, 415, 416, 417, 419, 429, 430, 431, 433, 434, 435, 436, 439, 440, 441, 444, 445, 446, 448, 449, 450, 451, 454, 455], "excluded_lines": [460, 462, 464, 465, 468, 469, 470, 473, 474, 477, 478, 481, 484, 485, 486, 489, 491, 493, 495, 496, 498, 499, 501, 502, 503, 504, 505, 506, 508, 509, 510, 511, 512, 515, 516, 518, 519, 521, 522], "functions": {"DaemonManager.__init__": {"executed_lines": [], "summary": {"covered_lines": 0, "num_statements": 17, "percent_covered": 0.0, "percent_covered_display": "0", "missing_lines": 17, "excluded_lines": 0}, "missing_lines": [54, 56, 57, 58, 59, 60, 62, 63, 64, 67, 68, 69, 70, 71, 73, 74, 76], "excluded_lines": []}, "DaemonManager._fetch_daemon": {"executed_lines": [], "summary": {"covered_lines": 0, "num_statements": 2, "percent_covered": 0.0, "percent_covered_display": "0", "missing_lines": 2, "excluded_lines": 0}, "missing_lines": [80, 81], "excluded_lines": []}, "DaemonManager._update_daemon_status": {"executed_lines": [], "summary": {"covered_lines": 0, "num_statements": 2, "percent_covered": 0.0, "percent_covered_display": "0", "missing_lines": 2, "excluded_lines": 0}, "missing_lines": [86, 87], "excluded_lines": []}, "DaemonManager.get_api_client": {"executed_lines": [], "summary": {"covered_lines": 0, "num_statements": 4, "percent_covered": 0.0, "percent_covered_display": "0", "missing_lines": 4, "excluded_lines": 0}, "missing_lines": [106, 108, 109, 110], "excluded_lines": []}, "DaemonManager.api": {"executed_lines": [], "summary": {"covered_lines": 0, "num_statements": 1, "percent_covered": 0.0, "percent_covered_display": "0", "missing_lines": 1, "excluded_lines": 0}, "missing_lines": [115], "excluded_lines": []}, "DaemonManager.start": {"executed_lines": [], "summary": {"covered_lines": 0, "num_statements": 15, "percent_covered": 0.0, "percent_covered_display": "0", "missing_lines": 15, "excluded_lines": 0}, "missing_lines": [130, 131, 132, 134, 135, 139, 142, 143, 146, 156, 157, 167, 168, 169, 171], "excluded_lines": []}, "DaemonManager._prepare_log_files": {"executed_lines": [], "summary": {"covered_lines": 0, "num_statements": 10, "percent_covered": 0.0, "percent_covered_display": "0", "missing_lines": 10, "excluded_lines": 0}, "missing_lines": [175, 176, 178, 179, 180, 181, 182, 183, 186, 188], "excluded_lines": []}, "DaemonManager._open_log_streams": {"executed_lines": [], "summary": {"covered_lines": 0, "num_statements": 3, "percent_covered": 0.0, "percent_covered_display": "0", "missing_lines": 3, "excluded_lines": 0}, "missing_lines": [192, 193, 194], "excluded_lines": []}, "DaemonManager._inject_python_no_cache_flag": {"executed_lines": [], "summary": {"covered_lines": 0, "num_statements": 8, "percent_covered": 0.0, "percent_covered_display": "0", "missing_lines": 8, "excluded_lines": 0}, "missing_lines": [214, 215, 218, 219, 221, 223, 225, 227], "excluded_lines": []}, "DaemonManager.stop": {"executed_lines": [], "summary": {"covered_lines": 0, "num_statements": 31, "percent_covered": 0.0, "percent_covered_display": "0", "missing_lines": 31, "excluded_lines": 0}, "missing_lines": [240, 241, 242, 243, 245, 247, 248, 249, 250, 252, 253, 254, 255, 256, 257, 258, 259, 260, 261, 262, 263, 264, 266, 271, 273, 274, 275, 276, 278, 279, 280], "excluded_lines": []}, "DaemonManager._fetch_process": {"executed_lines": [], "summary": {"covered_lines": 0, "num_statements": 6, "percent_covered": 0.0, "percent_covered_display": "0", "missing_lines": 6, "excluded_lines": 0}, "missing_lines": [284, 285, 286, 287, 288, 289], "excluded_lines": []}, "DaemonManager._mark_crashed": {"executed_lines": [], "summary": {"covered_lines": 0, "num_statements": 1, "percent_covered": 0.0, "percent_covered_display": "0", "missing_lines": 1, "excluded_lines": 0}, "missing_lines": [293], "excluded_lines": []}, "DaemonManager.get_pid": {"executed_lines": [], "summary": {"covered_lines": 0, "num_statements": 2, "percent_covered": 0.0, "percent_covered_display": "0", "missing_lines": 2, "excluded_lines": 0}, "missing_lines": [301, 302], "excluded_lines": []}, "DaemonManager.is_running": {"executed_lines": [], "summary": {"covered_lines": 0, "num_statements": 11, "percent_covered": 0.0, "percent_covered_display": "0", "missing_lines": 11, "excluded_lines": 0}, "missing_lines": [306, 307, 308, 310, 311, 312, 313, 315, 316, 317, 318], "excluded_lines": []}, "DaemonManager.status": {"executed_lines": [], "summary": {"covered_lines": 0, "num_statements": 19, "percent_covered": 0.0, "percent_covered_display": "0", "missing_lines": 19, "excluded_lines": 0}, "missing_lines": [327, 329, 330, 332, 333, 334, 335, 336, 338, 339, 340, 341, 342, 343, 346, 347, 349, 350, 352], "excluded_lines": []}, "DaemonManager.list_all": {"executed_lines": [], "summary": {"covered_lines": 0, "num_statements": 9, "percent_covered": 0.0, "percent_covered_display": "0", "missing_lines": 9, "excluded_lines": 0}, "missing_lines": [369, 370, 371, 373, 374, 375, 376, 377, 379], "excluded_lines": []}, "DaemonManager.tail_logs": {"executed_lines": [], "summary": {"covered_lines": 0, "num_statements": 13, "percent_covered": 0.0, "percent_covered_display": "0", "missing_lines": 13, "excluded_lines": 0}, "missing_lines": [383, 385, 386, 387, 389, 391, 392, 393, 396, 397, 398, 400, 401], "excluded_lines": []}, "DaemonManager.cleanup_stopped": {"executed_lines": [], "summary": {"covered_lines": 0, "num_statements": 10, "percent_covered": 0.0, "percent_covered_display": "0", "missing_lines": 10, "excluded_lines": 0}, "missing_lines": [405, 407, 408, 410, 411, 413, 415, 416, 417, 419], "excluded_lines": []}, "daemonize_current_process": {"executed_lines": [], "summary": {"covered_lines": 0, "num_statements": 19, "percent_covered": 0.0, "percent_covered_display": "0", "missing_lines": 19, "excluded_lines": 0}, "missing_lines": [429, 430, 431, 433, 434, 435, 436, 439, 440, 441, 444, 445, 446, 448, 449, 450, 451, 454, 455], "excluded_lines": []}, "": {"executed_lines": [2, 10, 11, 12, 13, 14, 15, 17, 18, 21, 22, 40, 78, 83, 95, 112, 113, 117, 173, 190, 196, 229, 282, 291, 299, 304, 320, 367, 381, 403, 422, 460], "summary": {"covered_lines": 30, "num_statements": 30, "percent_covered": 100.0, "percent_covered_display": "100", "missing_lines": 0, "excluded_lines": 39}, "missing_lines": [], "excluded_lines": [460, 462, 464, 465, 468, 469, 470, 473, 474, 477, 478, 481, 484, 485, 486, 489, 491, 493, 495, 496, 498, 499, 501, 502, 503, 504, 505, 506, 508, 509, 510, 511, 512, 515, 516, 518, 519, 521, 522]}}, "classes": {"DaemonManager": {"executed_lines": [], "summary": {"covered_lines": 0, "num_statements": 164, "percent_covered": 0.0, "percent_covered_display": "0", "missing_lines": 164, "excluded_lines": 0}, "missing_lines": [54, 56, 57, 58, 59, 60, 62, 63, 64, 67, 68, 69, 70, 71, 73, 74, 76, 80, 81, 86, 87, 106, 108, 109, 110, 115, 130, 131, 132, 134, 135, 139, 142, 143, 146, 156, 157, 167, 168, 169, 171, 175, 176, 178, 179, 180, 181, 182, 183, 186, 188, 192, 193, 194, 214, 215, 218, 219, 221, 223, 225, 227, 240, 241, 242, 243, 245, 247, 248, 249, 250, 252, 253, 254, 255, 256, 257, 258, 259, 260, 261, 262, 263, 264, 266, 271, 273, 274, 275, 276, 278, 279, 280, 284, 285, 286, 287, 288, 289, 293, 301, 302, 306, 307, 308, 310, 311, 312, 313, 315, 316, 317, 318, 327, 329, 330, 332, 333, 334, 335, 336, 338, 339, 340, 341, 342, 343, 346, 347, 349, 350, 352, 369, 370, 371, 373, 374, 375, 376, 377, 379, 383, 385, 386, 387, 389, 391, 392, 393, 396, 397, 398, 400, 401, 405, 407, 408, 410, 411, 413, 415, 416, 417, 419], "excluded_lines": []}, "": {"executed_lines": [2, 10, 11, 12, 13, 14, 15, 17, 18, 21, 22, 40, 78, 83, 95, 112, 113, 117, 173, 190, 196, 229, 282, 291, 299, 304, 320, 367, 381, 403, 422, 460], "summary": {"covered_lines": 30, "num_statements": 49, "percent_covered": 61.224489795918366, "percent_covered_display": "61", "missing_lines": 19, "excluded_lines": 39}, "missing_lines": [429, 430, 431, 433, 434, 435, 436, 439, 440, 441, 444, 445, 446, 448, 449, 450, 451, 454, 455], "excluded_lines": [460, 462, 464, 465, 468, 469, 470, 473, 474, 477, 478, 481, 484, 485, 486, 489, 491, 493, 495, 496, 498, 499, 501, 502, 503, 504, 505, 506, 508, 509, 510, 511, 512, 515, 516, 518, 519, 521, 522]}}}, "src/spacetraders_bot/core/database.py": {"executed_lines": [2, 17, 18, 19, 20, 21, 22, 23, 25, 28, 31, 36, 37, 49, 56, 57, 60, 62, 64, 66, 73, 76, 79, 81, 83, 85, 86, 91, 102, 110, 127, 132, 137, 145, 161, 166, 171, 179, 191, 204, 209, 217, 228, 233, 238, 246, 262, 267, 272, 280, 296, 301, 306, 311, 319, 332, 337, 342, 344, 345, 365, 366, 374, 375, 376, 378, 384, 414, 430, 446, 463, 475, 529, 547, 564, 589, 604, 618, 638, 654, 679, 693, 739, 742, 744, 748, 749, 750, 753, 761, 777, 803, 821, 838, 872, 916, 954, 976, 979, 983, 984, 986, 987, 989], "summary": {"covered_lines": 103, "num_statements": 278, "percent_covered": 37.05035971223022, "percent_covered_display": "37", "missing_lines": 175, "excluded_lines": 0}, "missing_lines": [33, 354, 355, 356, 357, 358, 359, 360, 361, 363, 398, 400, 401, 411, 412, 416, 418, 422, 423, 424, 425, 426, 427, 428, 432, 434, 438, 439, 440, 441, 442, 443, 444, 448, 450, 454, 455, 456, 457, 458, 459, 461, 465, 467, 493, 496, 502, 504, 505, 506, 509, 510, 527, 532, 534, 545, 550, 552, 556, 557, 558, 559, 560, 561, 562, 567, 569, 570, 575, 580, 581, 582, 583, 584, 585, 587, 591, 593, 598, 608, 610, 616, 621, 623, 624, 630, 636, 640, 642, 646, 647, 648, 649, 650, 651, 652, 657, 659, 660, 665, 670, 671, 672, 673, 674, 675, 677, 681, 683, 687, 700, 701, 704, 713, 714, 717, 718, 729, 730, 737, 751, 755, 757, 759, 764, 766, 771, 782, 784, 801, 807, 809, 810, 815, 819, 826, 828, 836, 844, 846, 847, 849, 850, 851, 853, 854, 855, 857, 858, 859, 861, 862, 864, 866, 887, 890, 891, 894, 895, 901, 907, 908, 909, 914, 934, 937, 938, 939, 941, 952, 965, 967, 968, 970, 972], "excluded_lines": [], "functions": {"_now_iso": {"executed_lines": [], "summary": {"covered_lines": 0, "num_statements": 1, "percent_covered": 0.0, "percent_covered_display": "0", "missing_lines": 1, "excluded_lines": 0}, "missing_lines": [33], "excluded_lines": []}, "Database.__init__": {"executed_lines": [56, 57, 60, 62], "summary": {"covered_lines": 4, "num_statements": 4, "percent_covered": 100.0, "percent_covered_display": "100", "missing_lines": 0, "excluded_lines": 0}, "missing_lines": [], "excluded_lines": []}, "Database._get_connection": {"executed_lines": [66, 73, 76, 79, 81], "summary": {"covered_lines": 5, "num_statements": 5, "percent_covered": 100.0, "percent_covered_display": "100", "missing_lines": 0, "excluded_lines": 0}, "missing_lines": [], "excluded_lines": []}, "Database._init_database": {"executed_lines": [85, 86, 91, 102, 110, 127, 132, 137, 145, 161, 166, 171, 179, 191, 204, 209, 217, 228, 233, 238, 246, 262, 267, 272, 280, 296, 301, 306, 311, 319, 332, 337, 342], "summary": {"covered_lines": 33, "num_statements": 33, "percent_covered": 100.0, "percent_covered_display": "100", "missing_lines": 0, "excluded_lines": 0}, "missing_lines": [], "excluded_lines": []}, "Database.transaction": {"executed_lines": [], "summary": {"covered_lines": 0, "num_statements": 9, "percent_covered": 0.0, "percent_covered_display": "0", "missing_lines": 9, "excluded_lines": 0}, "missing_lines": [354, 355, 356, 357, 358, 359, 360, 361, 363], "excluded_lines": []}, "Database.connection": {"executed_lines": [374, 375, 376, 378], "summary": {"covered_lines": 4, "num_statements": 4, "percent_covered": 100.0, "percent_covered_display": "100", "missing_lines": 0, "excluded_lines": 0}, "missing_lines": [], "excluded_lines": []}, "Database.create_player": {"executed_lines": [], "summary": {"covered_lines": 0, "num_statements": 5, "percent_covered": 0.0, "percent_covered_display": "0", "missing_lines": 5, "excluded_lines": 0}, "missing_lines": [398, 400, 401, 411, 412], "excluded_lines": []}, "Database.get_player": {"executed_lines": [], "summary": {"covered_lines": 0, "num_statements": 9, "percent_covered": 0.0, "percent_covered_display": "0", "missing_lines": 9, "excluded_lines": 0}, "missing_lines": [416, 418, 422, 423, 424, 425, 426, 427, 428], "excluded_lines": []}, "Database.get_player_by_id": {"executed_lines": [], "summary": {"covered_lines": 0, "num_statements": 9, "percent_covered": 0.0, "percent_covered_display": "0", "missing_lines": 9, "excluded_lines": 0}, "missing_lines": [432, 434, 438, 439, 440, 441, 442, 443, 444], "excluded_lines": []}, "Database.list_players": {"executed_lines": [], "summary": {"covered_lines": 0, "num_statements": 9, "percent_covered": 0.0, "percent_covered_display": "0", "missing_lines": 9, "excluded_lines": 0}, "missing_lines": [448, 450, 454, 455, 456, 457, 458, 459, 461], "excluded_lines": []}, "Database.update_player_activity": {"executed_lines": [], "summary": {"covered_lines": 0, "num_statements": 2, "percent_covered": 0.0, "percent_covered_display": "0", "missing_lines": 2, "excluded_lines": 0}, "missing_lines": [465, 467], "excluded_lines": []}, "Database.assign_ship": {"executed_lines": [], "summary": {"covered_lines": 0, "num_statements": 9, "percent_covered": 0.0, "percent_covered_display": "0", "missing_lines": 9, "excluded_lines": 0}, "missing_lines": [493, 496, 502, 504, 505, 506, 509, 510, 527], "excluded_lines": []}, "Database.release_ship": {"executed_lines": [], "summary": {"covered_lines": 0, "num_statements": 3, "percent_covered": 0.0, "percent_covered_display": "0", "missing_lines": 3, "excluded_lines": 0}, "missing_lines": [532, 534, 545], "excluded_lines": []}, "Database.get_ship_assignment": {"executed_lines": [], "summary": {"covered_lines": 0, "num_statements": 9, "percent_covered": 0.0, "percent_covered_display": "0", "missing_lines": 9, "excluded_lines": 0}, "missing_lines": [550, 552, 556, 557, 558, 559, 560, 561, 562], "excluded_lines": []}, "Database.list_ship_assignments": {"executed_lines": [], "summary": {"covered_lines": 0, "num_statements": 11, "percent_covered": 0.0, "percent_covered_display": "0", "missing_lines": 11, "excluded_lines": 0}, "missing_lines": [567, 569, 570, 575, 580, 581, 582, 583, 584, 585, 587], "excluded_lines": []}, "Database.find_available_ships": {"executed_lines": [], "summary": {"covered_lines": 0, "num_statements": 3, "percent_covered": 0.0, "percent_covered_display": "0", "missing_lines": 3, "excluded_lines": 0}, "missing_lines": [591, 593, 598], "excluded_lines": []}, "Database.create_daemon": {"executed_lines": [], "summary": {"covered_lines": 0, "num_statements": 3, "percent_covered": 0.0, "percent_covered_display": "0", "missing_lines": 3, "excluded_lines": 0}, "missing_lines": [608, 610, 616], "excluded_lines": []}, "Database.update_daemon_status": {"executed_lines": [], "summary": {"covered_lines": 0, "num_statements": 5, "percent_covered": 0.0, "percent_covered_display": "0", "missing_lines": 5, "excluded_lines": 0}, "missing_lines": [621, 623, 624, 630, 636], "excluded_lines": []}, "Database.get_daemon": {"executed_lines": [], "summary": {"covered_lines": 0, "num_statements": 9, "percent_covered": 0.0, "percent_covered_display": "0", "missing_lines": 9, "excluded_lines": 0}, "missing_lines": [640, 642, 646, 647, 648, 649, 650, 651, 652], "excluded_lines": []}, "Database.list_daemons": {"executed_lines": [], "summary": {"covered_lines": 0, "num_statements": 11, "percent_covered": 0.0, "percent_covered_display": "0", "missing_lines": 11, "excluded_lines": 0}, "missing_lines": [657, 659, 660, 665, 670, 671, 672, 673, 674, 675, 677], "excluded_lines": []}, "Database.delete_daemon": {"executed_lines": [], "summary": {"covered_lines": 0, "num_statements": 3, "percent_covered": 0.0, "percent_covered_display": "0", "missing_lines": 3, "excluded_lines": 0}, "missing_lines": [681, 683, 687], "excluded_lines": []}, "Database.save_system_graph": {"executed_lines": [], "summary": {"covered_lines": 0, "num_statements": 10, "percent_covered": 0.0, "percent_covered_display": "0", "missing_lines": 10, "excluded_lines": 0}, "missing_lines": [700, 701, 704, 713, 714, 717, 718, 729, 730, 737], "excluded_lines": []}, "Database.get_system_graph": {"executed_lines": [742, 744, 748, 749, 750], "summary": {"covered_lines": 5, "num_statements": 6, "percent_covered": 83.33333333333333, "percent_covered_display": "83", "missing_lines": 1, "excluded_lines": 0}, "missing_lines": [751], "excluded_lines": []}, "Database.list_systems": {"executed_lines": [], "summary": {"covered_lines": 0, "num_statements": 3, "percent_covered": 0.0, "percent_covered_display": "0", "missing_lines": 3, "excluded_lines": 0}, "missing_lines": [755, 757, 759], "excluded_lines": []}, "Database.find_fuel_stations": {"executed_lines": [], "summary": {"covered_lines": 0, "num_statements": 3, "percent_covered": 0.0, "percent_covered_display": "0", "missing_lines": 3, "excluded_lines": 0}, "missing_lines": [764, 766, 771], "excluded_lines": []}, "Database.update_market_data": {"executed_lines": [], "summary": {"covered_lines": 0, "num_statements": 3, "percent_covered": 0.0, "percent_covered_display": "0", "missing_lines": 3, "excluded_lines": 0}, "missing_lines": [782, 784, 801], "excluded_lines": []}, "Database.get_market_data": {"executed_lines": [], "summary": {"covered_lines": 0, "num_statements": 5, "percent_covered": 0.0, "percent_covered_display": "0", "missing_lines": 5, "excluded_lines": 0}, "missing_lines": [807, 809, 810, 815, 819], "excluded_lines": []}, "Database.record_transaction": {"executed_lines": [], "summary": {"covered_lines": 0, "num_statements": 3, "percent_covered": 0.0, "percent_covered_display": "0", "missing_lines": 3, "excluded_lines": 0}, "missing_lines": [826, 828, 836], "excluded_lines": []}, "Database.get_transactions": {"executed_lines": [], "summary": {"covered_lines": 0, "num_statements": 16, "percent_covered": 0.0, "percent_covered_display": "0", "missing_lines": 16, "excluded_lines": 0}, "missing_lines": [844, 846, 847, 849, 850, 851, 853, 854, 855, 857, 858, 859, 861, 862, 864, 866], "excluded_lines": []}, "Database.get_cached_tour": {"executed_lines": [], "summary": {"covered_lines": 0, "num_statements": 10, "percent_covered": 0.0, "percent_covered_display": "0", "missing_lines": 10, "excluded_lines": 0}, "missing_lines": [887, 890, 891, 894, 895, 901, 907, 908, 909, 914], "excluded_lines": []}, "Database.save_tour_cache": {"executed_lines": [], "summary": {"covered_lines": 0, "num_statements": 6, "percent_covered": 0.0, "percent_covered_display": "0", "missing_lines": 6, "excluded_lines": 0}, "missing_lines": [934, 937, 938, 939, 941, 952], "excluded_lines": []}, "Database.clear_tour_cache": {"executed_lines": [], "summary": {"covered_lines": 0, "num_statements": 5, "percent_covered": 0.0, "percent_covered_display": "0", "missing_lines": 5, "excluded_lines": 0}, "missing_lines": [965, 967, 968, 970, 972], "excluded_lines": []}, "get_database": {"executed_lines": [983, 984, 986, 987, 989], "summary": {"covered_lines": 5, "num_statements": 5, "percent_covered": 100.0, "percent_covered_display": "100", "missing_lines": 0, "excluded_lines": 0}, "missing_lines": [], "excluded_lines": []}, "": {"executed_lines": [2, 17, 18, 19, 20, 21, 22, 23, 25, 28, 31, 36, 37, 49, 64, 83, 344, 345, 365, 366, 384, 414, 430, 446, 463, 475, 529, 547, 564, 589, 604, 618, 638, 654, 679, 693, 739, 753, 761, 777, 803, 821, 838, 872, 916, 954, 976, 979], "summary": {"covered_lines": 47, "num_statements": 47, "percent_covered": 100.0, "percent_covered_display": "100", "missing_lines": 0, "excluded_lines": 0}, "missing_lines": [], "excluded_lines": []}}, "classes": {"Database": {"executed_lines": [56, 57, 60, 62, 66, 73, 76, 79, 81, 85, 86, 91, 102, 110, 127, 132, 137, 145, 161, 166, 171, 179, 191, 204, 209, 217, 228, 233, 238, 246, 262, 267, 272, 280, 296, 301, 306, 311, 319, 332, 337, 342, 374, 375, 376, 378, 742, 744, 748, 749, 750], "summary": {"covered_lines": 51, "num_statements": 225, "percent_covered": 22.666666666666668, "percent_covered_display": "23", "missing_lines": 174, "excluded_lines": 0}, "missing_lines": [354, 355, 356, 357, 358, 359, 360, 361, 363, 398, 400, 401, 411, 412, 416, 418, 422, 423, 424, 425, 426, 427, 428, 432, 434, 438, 439, 440, 441, 442, 443, 444, 448, 450, 454, 455, 456, 457, 458, 459, 461, 465, 467, 493, 496, 502, 504, 505, 506, 509, 510, 527, 532, 534, 545, 550, 552, 556, 557, 558, 559, 560, 561, 562, 567, 569, 570, 575, 580, 581, 582, 583, 584, 585, 587, 591, 593, 598, 608, 610, 616, 621, 623, 624, 630, 636, 640, 642, 646, 647, 648, 649, 650, 651, 652, 657, 659, 660, 665, 670, 671, 672, 673, 674, 675, 677, 681, 683, 687, 700, 701, 704, 713, 714, 717, 718, 729, 730, 737, 751, 755, 757, 759, 764, 766, 771, 782, 784, 801, 807, 809, 810, 815, 819, 826, 828, 836, 844, 846, 847, 849, 850, 851, 853, 854, 855, 857, 858, 859, 861, 862, 864, 866, 887, 890, 891, 894, 895, 901, 907, 908, 909, 914, 934, 937, 938, 939, 941, 952, 965, 967, 968, 970, 972], "excluded_lines": []}, "": {"executed_lines": [2, 17, 18, 19, 20, 21, 22, 23, 25, 28, 31, 36, 37, 49, 64, 83, 344, 345, 365, 366, 384, 414, 430, 446, 463, 475, 529, 547, 564, 589, 604, 618, 638, 654, 679, 693, 739, 753, 761, 777, 803, 821, 838, 872, 916, 954, 976, 979, 983, 984, 986, 987, 989], "summary": {"covered_lines": 52, "num_statements": 53, "percent_covered": 98.11320754716981, "percent_covered_display": "98", "missing_lines": 1, "excluded_lines": 0}, "missing_lines": [33], "excluded_lines": []}}}, "src/spacetraders_bot/core/market_data.py": {"executed_lines": [1, 3, 5, 6, 7, 9, 10, 12, 14, 22, 30, 37, 43, 60, 82, 106, 153, 200, 232, 262, 318, 332, 341, 420], "summary": {"covered_lines": 23, "num_statements": 171, "percent_covered": 13.450292397660819, "percent_covered_display": "13", "missing_lines": 148, "excluded_lines": 0}, "missing_lines": [31, 32, 33, 34, 38, 39, 40, 44, 45, 46, 47, 48, 49, 50, 51, 52, 53, 54, 55, 56, 57, 67, 68, 69, 79, 90, 91, 92, 102, 103, 117, 118, 119, 121, 122, 123, 125, 126, 127, 128, 130, 139, 140, 141, 143, 144, 146, 164, 165, 166, 168, 169, 170, 172, 173, 174, 175, 177, 186, 187, 188, 190, 191, 193, 208, 209, 210, 212, 213, 214, 216, 218, 227, 228, 229, 240, 241, 242, 243, 245, 246, 247, 249, 257, 258, 259, 270, 271, 272, 274, 275, 276, 278, 292, 293, 294, 296, 297, 299, 302, 303, 304, 305, 306, 307, 308, 370, 371, 373, 380, 382, 383, 384, 385, 387, 388, 389, 393, 394, 395, 397, 404, 405, 408, 409, 411, 417, 451, 452, 454, 477, 480, 485, 486, 489, 492, 493, 494, 496, 497, 498, 499, 501, 508, 511, 512, 514, 520], "excluded_lines": [], "functions": {"_resolve_db": {"executed_lines": [], "summary": {"covered_lines": 0, "num_statements": 4, "percent_covered": 0.0, "percent_covered_display": "0", "missing_lines": 4, "excluded_lines": 0}, "missing_lines": [31, 32, 33, 34], "excluded_lines": []}, "_system_like": {"executed_lines": [], "summary": {"covered_lines": 0, "num_statements": 3, "percent_covered": 0.0, "percent_covered_display": "0", "missing_lines": 3, "excluded_lines": 0}, "missing_lines": [38, 39, 40], "excluded_lines": []}, "_filter_by_minimum": {"executed_lines": [], "summary": {"covered_lines": 0, "num_statements": 14, "percent_covered": 0.0, "percent_covered_display": "0", "missing_lines": 14, "excluded_lines": 0}, "missing_lines": [44, 45, 46, 47, 48, 49, 50, 51, 52, 53, 54, 55, 56, 57], "excluded_lines": []}, "get_waypoint_goods": {"executed_lines": [], "summary": {"covered_lines": 0, "num_statements": 4, "percent_covered": 0.0, "percent_covered_display": "0", "missing_lines": 4, "excluded_lines": 0}, "missing_lines": [67, 68, 69, 79], "excluded_lines": []}, "get_waypoint_good": {"executed_lines": [], "summary": {"covered_lines": 0, "num_statements": 5, "percent_covered": 0.0, "percent_covered_display": "0", "missing_lines": 5, "excluded_lines": 0}, "missing_lines": [90, 91, 92, 102, 103], "excluded_lines": []}, "find_markets_selling": {"executed_lines": [], "summary": {"covered_lines": 0, "num_statements": 17, "percent_covered": 0.0, "percent_covered_display": "0", "missing_lines": 17, "excluded_lines": 0}, "missing_lines": [117, 118, 119, 121, 122, 123, 125, 126, 127, 128, 130, 139, 140, 141, 143, 144, 146], "excluded_lines": []}, "find_markets_buying": {"executed_lines": [], "summary": {"covered_lines": 0, "num_statements": 17, "percent_covered": 0.0, "percent_covered_display": "0", "missing_lines": 17, "excluded_lines": 0}, "missing_lines": [164, 165, 166, 168, 169, 170, 172, 173, 174, 175, 177, 186, 187, 188, 190, 191, 193], "excluded_lines": []}, "get_recent_updates": {"executed_lines": [], "summary": {"covered_lines": 0, "num_statements": 11, "percent_covered": 0.0, "percent_covered_display": "0", "missing_lines": 11, "excluded_lines": 0}, "missing_lines": [208, 209, 210, 212, 213, 214, 216, 218, 227, 228, 229], "excluded_lines": []}, "get_stale_markets": {"executed_lines": [], "summary": {"covered_lines": 0, "num_statements": 11, "percent_covered": 0.0, "percent_covered_display": "0", "missing_lines": 11, "excluded_lines": 0}, "missing_lines": [240, 241, 242, 243, 245, 246, 247, 249, 257, 258, 259], "excluded_lines": []}, "summarize_good": {"executed_lines": [], "summary": {"covered_lines": 0, "num_statements": 20, "percent_covered": 0.0, "percent_covered_display": "0", "missing_lines": 20, "excluded_lines": 0}, "missing_lines": [270, 271, 272, 274, 275, 276, 278, 292, 293, 294, 296, 297, 299, 302, 303, 304, 305, 306, 307, 308], "excluded_lines": []}, "calculate_batch_purchase_cost": {"executed_lines": [], "summary": {"covered_lines": 0, "num_statements": 21, "percent_covered": 0.0, "percent_covered_display": "0", "missing_lines": 21, "excluded_lines": 0}, "missing_lines": [370, 371, 373, 380, 382, 383, 384, 385, 387, 388, 389, 393, 394, 395, 397, 404, 405, 408, 409, 411, 417], "excluded_lines": []}, "calculate_batch_sale_revenue": {"executed_lines": [], "summary": {"covered_lines": 0, "num_statements": 21, "percent_covered": 0.0, "percent_covered_display": "0", "missing_lines": 21, "excluded_lines": 0}, "missing_lines": [451, 452, 454, 477, 480, 485, 486, 489, 492, 493, 494, 496, 497, 498, 499, 501, 508, 511, 512, 514, 520], "excluded_lines": []}, "": {"executed_lines": [1, 3, 5, 6, 7, 9, 10, 12, 14, 22, 30, 37, 43, 60, 82, 106, 153, 200, 232, 262, 318, 332, 341, 420], "summary": {"covered_lines": 23, "num_statements": 23, "percent_covered": 100.0, "percent_covered_display": "100", "missing_lines": 0, "excluded_lines": 0}, "missing_lines": [], "excluded_lines": []}}, "classes": {"": {"executed_lines": [1, 3, 5, 6, 7, 9, 10, 12, 14, 22, 30, 37, 43, 60, 82, 106, 153, 200, 232, 262, 318, 332, 341, 420], "summary": {"covered_lines": 23, "num_statements": 171, "percent_covered": 13.450292397660819, "percent_covered_display": "13", "missing_lines": 148, "excluded_lines": 0}, "missing_lines": [31, 32, 33, 34, 38, 39, 40, 44, 45, 46, 47, 48, 49, 50, 51, 52, 53, 54, 55, 56, 57, 67, 68, 69, 79, 90, 91, 92, 102, 103, 117, 118, 119, 121, 122, 123, 125, 126, 127, 128, 130, 139, 140, 141, 143, 144, 146, 164, 165, 166, 168, 169, 170, 172, 173, 174, 175, 177, 186, 187, 188, 190, 191, 193, 208, 209, 210, 212, 213, 214, 216, 218, 227, 228, 229, 240, 241, 242, 243, 245, 246, 247, 249, 257, 258, 259, 270, 271, 272, 274, 275, 276, 278, 292, 293, 294, 296, 297, 299, 302, 303, 304, 305, 306, 307, 308, 370, 371, 373, 380, 382, 383, 384, 385, 387, 388, 389, 393, 394, 395, 397, 404, 405, 408, 409, 411, 417, 451, 452, 454, 477, 480, 485, 486, 489, 492, 493, 494, 496, 497, 498, 499, 501, 508, 511, 512, 514, 520], "excluded_lines": []}}}, "src/spacetraders_bot/core/market_partitioning.py": {"executed_lines": [1, 3, 5, 6, 7, 8, 9, 11, 12, 14, 17, 18, 19, 21, 22, 25, 26, 28, 44, 62, 65, 68, 71, 88, 96, 97, 101, 102, 104, 126, 127, 129, 132, 161, 186, 187, 207, 208, 227, 228, 242, 243, 245, 280, 281, 293, 317, 318, 320, 323], "summary": {"covered_lines": 43, "num_statements": 196, "percent_covered": 21.93877551020408, "percent_covered_display": "22", "missing_lines": 153, "excluded_lines": 0}, "missing_lines": [37, 38, 39, 40, 41, 42, 47, 48, 55, 56, 58, 63, 66, 69, 72, 74, 75, 77, 78, 80, 81, 82, 83, 86, 89, 90, 98, 105, 106, 107, 109, 110, 111, 113, 114, 116, 118, 119, 120, 121, 123, 130, 133, 134, 135, 137, 138, 139, 140, 142, 144, 146, 147, 149, 150, 151, 153, 154, 155, 157, 159, 167, 168, 170, 171, 173, 174, 176, 177, 178, 179, 181, 182, 184, 191, 192, 194, 195, 197, 198, 199, 200, 202, 203, 205, 213, 214, 216, 217, 218, 219, 221, 222, 223, 225, 233, 235, 236, 237, 239, 246, 247, 248, 250, 251, 252, 254, 255, 257, 258, 259, 261, 262, 263, 264, 266, 267, 269, 271, 272, 273, 274, 276, 278, 282, 283, 285, 286, 288, 289, 291, 302, 303, 304, 306, 307, 309, 310, 311, 312, 314, 321, 324, 325, 327, 328, 330, 331, 332, 337, 338, 339, 340], "excluded_lines": [], "functions": {"MarketPartitioner.__init__": {"executed_lines": [], "summary": {"covered_lines": 0, "num_statements": 6, "percent_covered": 0.0, "percent_covered_display": "0", "missing_lines": 6, "excluded_lines": 0}, "missing_lines": [37, 38, 39, 40, 41, 42], "excluded_lines": []}, "MarketPartitioner.partition": {"executed_lines": [], "summary": {"covered_lines": 0, "num_statements": 5, "percent_covered": 0.0, "percent_covered_display": "0", "missing_lines": 5, "excluded_lines": 0}, "missing_lines": [47, 48, 55, 56, 58], "excluded_lines": []}, "MarketPartitioner.available_ship_ids": {"executed_lines": [], "summary": {"covered_lines": 0, "num_statements": 1, "percent_covered": 0.0, "percent_covered_display": "0", "missing_lines": 1, "excluded_lines": 0}, "missing_lines": [63], "excluded_lines": []}, "MarketPartitioner.market_coordinates": {"executed_lines": [], "summary": {"covered_lines": 0, "num_statements": 1, "percent_covered": 0.0, "percent_covered_display": "0", "missing_lines": 1, "excluded_lines": 0}, "missing_lines": [66], "excluded_lines": []}, "MarketPartitioner.create_empty_partitions": {"executed_lines": [], "summary": {"covered_lines": 0, "num_statements": 1, "percent_covered": 0.0, "percent_covered_display": "0", "missing_lines": 1, "excluded_lines": 0}, "missing_lines": [69], "excluded_lines": []}, "MarketPartitioner.estimate_tour_seconds": {"executed_lines": [], "summary": {"covered_lines": 0, "num_statements": 10, "percent_covered": 0.0, "percent_covered_display": "0", "missing_lines": 10, "excluded_lines": 0}, "missing_lines": [72, 74, 75, 77, 78, 80, 81, 82, 83, 86], "excluded_lines": []}, "MarketPartitioner._extract_market_coords": {"executed_lines": [], "summary": {"covered_lines": 0, "num_statements": 2, "percent_covered": 0.0, "percent_covered_display": "0", "missing_lines": 2, "excluded_lines": 0}, "missing_lines": [89, 90], "excluded_lines": []}, "MarketPartitioner._distance": {"executed_lines": [], "summary": {"covered_lines": 0, "num_statements": 1, "percent_covered": 0.0, "percent_covered_display": "0", "missing_lines": 1, "excluded_lines": 0}, "missing_lines": [98], "excluded_lines": []}, "GreedyPartitionStrategy.partition": {"executed_lines": [], "summary": {"covered_lines": 0, "num_statements": 14, "percent_covered": 0.0, "percent_covered_display": "0", "missing_lines": 14, "excluded_lines": 0}, "missing_lines": [105, 106, 107, 109, 110, 111, 113, 114, 116, 118, 119, 120, 121, 123], "excluded_lines": []}, "KMeansPartitionStrategy.__init__": {"executed_lines": [], "summary": {"covered_lines": 0, "num_statements": 1, "percent_covered": 0.0, "percent_covered_display": "0", "missing_lines": 1, "excluded_lines": 0}, "missing_lines": [130], "excluded_lines": []}, "KMeansPartitionStrategy.partition": {"executed_lines": [], "summary": {"covered_lines": 0, "num_statements": 19, "percent_covered": 0.0, "percent_covered_display": "0", "missing_lines": 19, "excluded_lines": 0}, "missing_lines": [133, 134, 135, 137, 138, 139, 140, 142, 144, 146, 147, 149, 150, 151, 153, 154, 155, 157, 159], "excluded_lines": []}, "KMeansPartitionStrategy._initial_centroids": {"executed_lines": [], "summary": {"covered_lines": 0, "num_statements": 13, "percent_covered": 0.0, "percent_covered_display": "0", "missing_lines": 13, "excluded_lines": 0}, "missing_lines": [167, 168, 170, 171, 173, 174, 176, 177, 178, 179, 181, 182, 184], "excluded_lines": []}, "KMeansPartitionStrategy._assign_to_centroids": {"executed_lines": [], "summary": {"covered_lines": 0, "num_statements": 11, "percent_covered": 0.0, "percent_covered_display": "0", "missing_lines": 11, "excluded_lines": 0}, "missing_lines": [191, 192, 194, 195, 197, 198, 199, 200, 202, 203, 205], "excluded_lines": []}, "KMeansPartitionStrategy._recalculate_centroids": {"executed_lines": [], "summary": {"covered_lines": 0, "num_statements": 10, "percent_covered": 0.0, "percent_covered_display": "0", "missing_lines": 10, "excluded_lines": 0}, "missing_lines": [213, 214, 216, 217, 218, 219, 221, 222, 223, 225], "excluded_lines": []}, "KMeansPartitionStrategy._clusters_to_partitions": {"executed_lines": [], "summary": {"covered_lines": 0, "num_statements": 5, "percent_covered": 0.0, "percent_covered_display": "0", "missing_lines": 5, "excluded_lines": 0}, "missing_lines": [233, 235, 236, 237, 239], "excluded_lines": []}, "GeographicPartitionStrategy.partition": {"executed_lines": [], "summary": {"covered_lines": 0, "num_statements": 24, "percent_covered": 0.0, "percent_covered_display": "0", "missing_lines": 24, "excluded_lines": 0}, "missing_lines": [246, 247, 248, 250, 251, 252, 254, 255, 257, 258, 259, 261, 262, 263, 264, 266, 267, 269, 271, 272, 273, 274, 276, 278], "excluded_lines": []}, "GeographicPartitionStrategy._distribute_evenly": {"executed_lines": [], "summary": {"covered_lines": 0, "num_statements": 7, "percent_covered": 0.0, "percent_covered_display": "0", "missing_lines": 7, "excluded_lines": 0}, "missing_lines": [282, 283, 285, 286, 288, 289, 291], "excluded_lines": []}, "GeographicPartitionStrategy._partition_by_axis": {"executed_lines": [], "summary": {"covered_lines": 0, "num_statements": 10, "percent_covered": 0.0, "percent_covered_display": "0", "missing_lines": 10, "excluded_lines": 0}, "missing_lines": [302, 303, 304, 306, 307, 309, 310, 311, 312, 314], "excluded_lines": []}, "ORToolsPartitionStrategy.__init__": {"executed_lines": [], "summary": {"covered_lines": 0, "num_statements": 1, "percent_covered": 0.0, "percent_covered_display": "0", "missing_lines": 1, "excluded_lines": 0}, "missing_lines": [321], "excluded_lines": []}, "ORToolsPartitionStrategy.partition": {"executed_lines": [], "summary": {"covered_lines": 0, "num_statements": 11, "percent_covered": 0.0, "percent_covered_display": "0", "missing_lines": 11, "excluded_lines": 0}, "missing_lines": [324, 325, 327, 328, 330, 331, 332, 337, 338, 339, 340], "excluded_lines": []}, "": {"executed_lines": [1, 3, 5, 6, 7, 8, 9, 11, 12, 14, 17, 18, 19, 21, 22, 25, 26, 28, 44, 62, 65, 68, 71, 88, 96, 97, 101, 102, 104, 126, 127, 129, 132, 161, 186, 187, 207, 208, 227, 228, 242, 243, 245, 280, 281, 293, 317, 318, 320, 323], "summary": {"covered_lines": 43, "num_statements": 43, "percent_covered": 100.0, "percent_covered_display": "100", "missing_lines": 0, "excluded_lines": 0}, "missing_lines": [], "excluded_lines": []}}, "classes": {"PartitionResult": {"executed_lines": [], "summary": {"covered_lines": 0, "num_statements": 0, "percent_covered": 100.0, "percent_covered_display": "100", "missing_lines": 0, "excluded_lines": 0}, "missing_lines": [], "excluded_lines": []}, "MarketPartitioner": {"executed_lines": [], "summary": {"covered_lines": 0, "num_statements": 27, "percent_covered": 0.0, "percent_covered_display": "0", "missing_lines": 27, "excluded_lines": 0}, "missing_lines": [37, 38, 39, 40, 41, 42, 47, 48, 55, 56, 58, 63, 66, 69, 72, 74, 75, 77, 78, 80, 81, 82, 83, 86, 89, 90, 98], "excluded_lines": []}, "GreedyPartitionStrategy": {"executed_lines": [], "summary": {"covered_lines": 0, "num_statements": 14, "percent_covered": 0.0, "percent_covered_display": "0", "missing_lines": 14, "excluded_lines": 0}, "missing_lines": [105, 106, 107, 109, 110, 111, 113, 114, 116, 118, 119, 120, 121, 123], "excluded_lines": []}, "KMeansPartitionStrategy": {"executed_lines": [], "summary": {"covered_lines": 0, "num_statements": 59, "percent_covered": 0.0, "percent_covered_display": "0", "missing_lines": 59, "excluded_lines": 0}, "missing_lines": [130, 133, 134, 135, 137, 138, 139, 140, 142, 144, 146, 147, 149, 150, 151, 153, 154, 155, 157, 159, 167, 168, 170, 171, 173, 174, 176, 177, 178, 179, 181, 182, 184, 191, 192, 194, 195, 197, 198, 199, 200, 202, 203, 205, 213, 214, 216, 217, 218, 219, 221, 222, 223, 225, 233, 235, 236, 237, 239], "excluded_lines": []}, "GeographicPartitionStrategy": {"executed_lines": [], "summary": {"covered_lines": 0, "num_statements": 41, "percent_covered": 0.0, "percent_covered_display": "0", "missing_lines": 41, "excluded_lines": 0}, "missing_lines": [246, 247, 248, 250, 251, 252, 254, 255, 257, 258, 259, 261, 262, 263, 264, 266, 267, 269, 271, 272, 273, 274, 276, 278, 282, 283, 285, 286, 288, 289, 291, 302, 303, 304, 306, 307, 309, 310, 311, 312, 314], "excluded_lines": []}, "ORToolsPartitionStrategy": {"executed_lines": [], "summary": {"covered_lines": 0, "num_statements": 12, "percent_covered": 0.0, "percent_covered_display": "0", "missing_lines": 12, "excluded_lines": 0}, "missing_lines": [321, 324, 325, 327, 328, 330, 331, 332, 337, 338, 339, 340], "excluded_lines": []}, "": {"executed_lines": [1, 3, 5, 6, 7, 8, 9, 11, 12, 14, 17, 18, 19, 21, 22, 25, 26, 28, 44, 62, 65, 68, 71, 88, 96, 97, 101, 102, 104, 126, 127, 129, 132, 161, 186, 187, 207, 208, 227, 228, 242, 243, 245, 280, 281, 293, 317, 318, 320, 323], "summary": {"covered_lines": 43, "num_statements": 43, "percent_covered": 100.0, "percent_covered_display": "100", "missing_lines": 0, "excluded_lines": 0}, "missing_lines": [], "excluded_lines": []}}}, "src/spacetraders_bot/core/operation_controller.py": {"executed_lines": [2, 14, 15, 16, 17, 18, 19, 21, 23, 26, 28, 31, 32, 33, 34, 35, 36, 37, 38, 41, 42, 63, 71, 72, 73, 74, 77, 79, 81, 82, 83, 96, 98, 99, 100, 102, 104, 105, 106, 108, 115, 120, 122, 137, 143, 149, 166, 171, 179, 188, 193, 203, 208, 232, 239, 268], "summary": {"covered_lines": 54, "num_statements": 118, "percent_covered": 45.76271186440678, "percent_covered_display": "46", "missing_lines": 64, "excluded_lines": 0}, "missing_lines": [86, 129, 133, 134, 135, 139, 140, 141, 145, 146, 147, 156, 157, 158, 160, 162, 163, 164, 168, 169, 173, 174, 175, 176, 177, 181, 186, 190, 191, 200, 201, 205, 206, 215, 217, 218, 219, 220, 221, 223, 234, 235, 236, 248, 249, 251, 252, 253, 255, 256, 258, 259, 261, 262, 264, 265, 275, 276, 277, 279, 280, 281, 282, 284], "excluded_lines": [], "functions": {"_now_iso": {"executed_lines": [28], "summary": {"covered_lines": 1, "num_statements": 1, "percent_covered": 100.0, "percent_covered_display": "100", "missing_lines": 0, "excluded_lines": 0}, "missing_lines": [], "excluded_lines": []}, "OperationController.__init__": {"executed_lines": [71, 72, 73, 74, 77], "summary": {"covered_lines": 5, "num_statements": 5, "percent_covered": 100.0, "percent_covered_display": "100", "missing_lines": 0, "excluded_lines": 0}, "missing_lines": [], "excluded_lines": []}, "OperationController._load_state": {"executed_lines": [81, 82, 83], "summary": {"covered_lines": 3, "num_statements": 4, "percent_covered": 75.0, "percent_covered_display": "75", "missing_lines": 1, "excluded_lines": 0}, "missing_lines": [86], "excluded_lines": []}, "OperationController._save_state": {"executed_lines": [98, 99, 100], "summary": {"covered_lines": 3, "num_statements": 3, "percent_covered": 100.0, "percent_covered_display": "100", "missing_lines": 0, "excluded_lines": 0}, "missing_lines": [], "excluded_lines": []}, "OperationController._set_status": {"executed_lines": [104, 105, 106], "summary": {"covered_lines": 3, "num_statements": 3, "percent_covered": 100.0, "percent_covered_display": "100", "missing_lines": 0, "excluded_lines": 0}, "missing_lines": [], "excluded_lines": []}, "OperationController.start": {"executed_lines": [115, 120], "summary": {"covered_lines": 2, "num_statements": 2, "percent_covered": 100.0, "percent_covered_display": "100", "missing_lines": 0, "excluded_lines": 0}, "missing_lines": [], "excluded_lines": []}, "OperationController.checkpoint": {"executed_lines": [], "summary": {"covered_lines": 0, "num_statements": 4, "percent_covered": 0.0, "percent_covered_display": "0", "missing_lines": 4, "excluded_lines": 0}, "missing_lines": [129, 133, 134, 135], "excluded_lines": []}, "OperationController.get_last_checkpoint": {"executed_lines": [], "summary": {"covered_lines": 0, "num_statements": 3, "percent_covered": 0.0, "percent_covered_display": "0", "missing_lines": 3, "excluded_lines": 0}, "missing_lines": [139, 140, 141], "excluded_lines": []}, "OperationController.can_resume": {"executed_lines": [], "summary": {"covered_lines": 0, "num_statements": 3, "percent_covered": 0.0, "percent_covered_display": "0", "missing_lines": 3, "excluded_lines": 0}, "missing_lines": [145, 146, 147], "excluded_lines": []}, "OperationController.resume": {"executed_lines": [], "summary": {"covered_lines": 0, "num_statements": 7, "percent_covered": 0.0, "percent_covered_display": "0", "missing_lines": 7, "excluded_lines": 0}, "missing_lines": [156, 157, 158, 160, 162, 163, 164], "excluded_lines": []}, "OperationController.pause": {"executed_lines": [], "summary": {"covered_lines": 0, "num_statements": 2, "percent_covered": 0.0, "percent_covered_display": "0", "missing_lines": 2, "excluded_lines": 0}, "missing_lines": [168, 169], "excluded_lines": []}, "OperationController.complete": {"executed_lines": [], "summary": {"covered_lines": 0, "num_statements": 5, "percent_covered": 0.0, "percent_covered_display": "0", "missing_lines": 5, "excluded_lines": 0}, "missing_lines": [173, 174, 175, 176, 177], "excluded_lines": []}, "OperationController.fail": {"executed_lines": [], "summary": {"covered_lines": 0, "num_statements": 2, "percent_covered": 0.0, "percent_covered_display": "0", "missing_lines": 2, "excluded_lines": 0}, "missing_lines": [181, 186], "excluded_lines": []}, "OperationController.cancel": {"executed_lines": [], "summary": {"covered_lines": 0, "num_statements": 2, "percent_covered": 0.0, "percent_covered_display": "0", "missing_lines": 2, "excluded_lines": 0}, "missing_lines": [190, 191], "excluded_lines": []}, "OperationController.should_pause": {"executed_lines": [], "summary": {"covered_lines": 0, "num_statements": 2, "percent_covered": 0.0, "percent_covered_display": "0", "missing_lines": 2, "excluded_lines": 0}, "missing_lines": [200, 201], "excluded_lines": []}, "OperationController.should_cancel": {"executed_lines": [], "summary": {"covered_lines": 0, "num_statements": 2, "percent_covered": 0.0, "percent_covered_display": "0", "missing_lines": 2, "excluded_lines": 0}, "missing_lines": [205, 206], "excluded_lines": []}, "OperationController.get_progress": {"executed_lines": [], "summary": {"covered_lines": 0, "num_statements": 7, "percent_covered": 0.0, "percent_covered_display": "0", "missing_lines": 7, "excluded_lines": 0}, "missing_lines": [215, 217, 218, 219, 220, 221, 223], "excluded_lines": []}, "OperationController.cleanup": {"executed_lines": [], "summary": {"covered_lines": 0, "num_statements": 3, "percent_covered": 0.0, "percent_covered_display": "0", "missing_lines": 3, "excluded_lines": 0}, "missing_lines": [234, 235, 236], "excluded_lines": []}, "send_control_command": {"executed_lines": [], "summary": {"covered_lines": 0, "num_statements": 13, "percent_covered": 0.0, "percent_covered_display": "0", "missing_lines": 13, "excluded_lines": 0}, "missing_lines": [248, 249, 251, 252, 253, 255, 256, 258, 259, 261, 262, 264, 265], "excluded_lines": []}, "list_operations": {"executed_lines": [], "summary": {"covered_lines": 0, "num_statements": 8, "percent_covered": 0.0, "percent_covered_display": "0", "missing_lines": 8, "excluded_lines": 0}, "missing_lines": [275, 276, 277, 279, 280, 281, 282, 284], "excluded_lines": []}, "": {"executed_lines": [2, 14, 15, 16, 17, 18, 19, 21, 23, 26, 31, 32, 33, 34, 35, 36, 37, 38, 41, 42, 63, 79, 96, 102, 108, 122, 137, 143, 149, 166, 171, 179, 188, 193, 203, 208, 232, 239, 268], "summary": {"covered_lines": 37, "num_statements": 37, "percent_covered": 100.0, "percent_covered_display": "100", "missing_lines": 0, "excluded_lines": 0}, "missing_lines": [], "excluded_lines": []}}, "classes": {"OperationStatus": {"executed_lines": [], "summary": {"covered_lines": 0, "num_statements": 0, "percent_covered": 100.0, "percent_covered_display": "100", "missing_lines": 0, "excluded_lines": 0}, "missing_lines": [], "excluded_lines": []}, "OperationController": {"executed_lines": [71, 72, 73, 74, 77, 81, 82, 83, 98, 99, 100, 104, 105, 106, 115, 120], "summary": {"covered_lines": 16, "num_statements": 59, "percent_covered": 27.11864406779661, "percent_covered_display": "27", "missing_lines": 43, "excluded_lines": 0}, "missing_lines": [86, 129, 133, 134, 135, 139, 140, 141, 145, 146, 147, 156, 157, 158, 160, 162, 163, 164, 168, 169, 173, 174, 175, 176, 177, 181, 186, 190, 191, 200, 201, 205, 206, 215, 217, 218, 219, 220, 221, 223, 234, 235, 236], "excluded_lines": []}, "": {"executed_lines": [2, 14, 15, 16, 17, 18, 19, 21, 23, 26, 28, 31, 32, 33, 34, 35, 36, 37, 38, 41, 42, 63, 79, 96, 102, 108, 122, 137, 143, 149, 166, 171, 179, 188, 193, 203, 208, 232, 239, 268], "summary": {"covered_lines": 38, "num_statements": 59, "percent_covered": 64.40677966101696, "percent_covered_display": "64", "missing_lines": 21, "excluded_lines": 0}, "missing_lines": [248, 249, 251, 252, 253, 255, 256, 258, 259, 261, 262, 264, 265, 275, 276, 277, 279, 280, 281, 282, 284], "excluded_lines": []}}}, "src/spacetraders_bot/core/ortools_mining_optimizer.py": {"executed_lines": [2, 9, 11, 12, 13, 14, 16, 18, 19, 20, 22, 25, 26, 27, 29, 30, 31, 32, 33, 34, 35, 36, 39, 40, 41, 43, 44, 45, 46, 47, 48, 49, 50, 53, 54, 61, 62, 63, 65, 86, 139, 168, 186, 259, 285, 333, 343, 407, 428, 511, 527], "summary": {"covered_lines": 47, "num_statements": 209, "percent_covered": 22.48803827751196, "percent_covered_display": "22", "missing_lines": 162, "excluded_lines": 0}, "missing_lines": [81, 82, 83, 84, 103, 106, 107, 108, 109, 111, 114, 115, 116, 117, 119, 123, 124, 125, 128, 131, 133, 141, 142, 145, 152, 154, 155, 156, 158, 159, 160, 162, 163, 165, 166, 170, 171, 173, 174, 176, 177, 179, 180, 197, 200, 201, 203, 205, 206, 207, 208, 210, 212, 213, 214, 215, 217, 218, 219, 220, 223, 224, 226, 227, 233, 235, 236, 237, 239, 240, 241, 255, 257, 266, 268, 269, 271, 272, 274, 275, 276, 277, 278, 280, 281, 283, 307, 308, 309, 313, 316, 319, 322, 325, 328, 329, 331, 335, 336, 337, 358, 359, 362, 364, 365, 366, 379, 381, 382, 383, 384, 386, 387, 389, 390, 393, 400, 401, 403, 405, 420, 421, 426, 440, 443, 444, 445, 447, 449, 450, 452, 453, 454, 457, 458, 459, 461, 462, 463, 465, 466, 467, 469, 470, 471, 473, 474, 476, 478, 479, 482, 488, 493, 497, 508, 509, 520, 523, 525, 530, 533, 535], "excluded_lines": [], "functions": {"ORToolsMiningOptimizer.__init__": {"executed_lines": [], "summary": {"covered_lines": 0, "num_statements": 4, "percent_covered": 0.0, "percent_covered_display": "0", "missing_lines": 4, "excluded_lines": 0}, "missing_lines": [81, 82, 83, 84], "excluded_lines": []}, "ORToolsMiningOptimizer.optimize_fleet_assignment": {"executed_lines": [], "summary": {"covered_lines": 0, "num_statements": 17, "percent_covered": 0.0, "percent_covered_display": "0", "missing_lines": 17, "excluded_lines": 0}, "missing_lines": [103, 106, 107, 108, 109, 111, 114, 115, 116, 117, 119, 123, 124, 125, 128, 131, 133], "excluded_lines": []}, "ORToolsMiningOptimizer._discover_asteroids": {"executed_lines": [], "summary": {"covered_lines": 0, "num_statements": 14, "percent_covered": 0.0, "percent_covered_display": "0", "missing_lines": 14, "excluded_lines": 0}, "missing_lines": [141, 142, 145, 152, 154, 155, 156, 158, 159, 160, 162, 163, 165, 166], "excluded_lines": []}, "ORToolsMiningOptimizer._discover_markets": {"executed_lines": [], "summary": {"covered_lines": 0, "num_statements": 8, "percent_covered": 0.0, "percent_covered_display": "0", "missing_lines": 8, "excluded_lines": 0}, "missing_lines": [170, 171, 173, 174, 176, 177, 179, 180], "excluded_lines": []}, "ORToolsMiningOptimizer._generate_opportunities": {"executed_lines": [], "summary": {"covered_lines": 0, "num_statements": 30, "percent_covered": 0.0, "percent_covered_display": "0", "missing_lines": 30, "excluded_lines": 0}, "missing_lines": [197, 200, 201, 203, 205, 206, 207, 208, 210, 212, 213, 214, 215, 217, 218, 219, 220, 223, 224, 226, 227, 233, 235, 236, 237, 239, 240, 241, 255, 257], "excluded_lines": []}, "ORToolsMiningOptimizer._get_market_prices": {"executed_lines": [], "summary": {"covered_lines": 0, "num_statements": 13, "percent_covered": 0.0, "percent_covered_display": "0", "missing_lines": 13, "excluded_lines": 0}, "missing_lines": [266, 268, 269, 271, 272, 274, 275, 276, 277, 278, 280, 281, 283], "excluded_lines": []}, "ORToolsMiningOptimizer._estimate_profit_per_hour": {"executed_lines": [], "summary": {"covered_lines": 0, "num_statements": 11, "percent_covered": 0.0, "percent_covered_display": "0", "missing_lines": 11, "excluded_lines": 0}, "missing_lines": [307, 308, 309, 313, 316, 319, 322, 325, 328, 329, 331], "excluded_lines": []}, "ORToolsMiningOptimizer._calculate_distance": {"executed_lines": [], "summary": {"covered_lines": 0, "num_statements": 3, "percent_covered": 0.0, "percent_covered_display": "0", "missing_lines": 3, "excluded_lines": 0}, "missing_lines": [335, 336, 337], "excluded_lines": []}, "ORToolsMiningOptimizer._build_cost_matrix": {"executed_lines": [], "summary": {"covered_lines": 0, "num_statements": 20, "percent_covered": 0.0, "percent_covered_display": "0", "missing_lines": 20, "excluded_lines": 0}, "missing_lines": [358, 359, 362, 364, 365, 366, 379, 381, 382, 383, 384, 386, 387, 389, 390, 393, 400, 401, 403, 405], "excluded_lines": []}, "ORToolsMiningOptimizer._adjust_profit_for_ship": {"executed_lines": [], "summary": {"covered_lines": 0, "num_statements": 3, "percent_covered": 0.0, "percent_covered_display": "0", "missing_lines": 3, "excluded_lines": 0}, "missing_lines": [420, 421, 426], "excluded_lines": []}, "ORToolsMiningOptimizer._solve_assignment": {"executed_lines": [], "summary": {"covered_lines": 0, "num_statements": 33, "percent_covered": 0.0, "percent_covered_display": "0", "missing_lines": 33, "excluded_lines": 0}, "missing_lines": [440, 443, 444, 445, 447, 449, 450, 452, 453, 454, 457, 458, 459, 461, 462, 463, 465, 466, 467, 469, 470, 471, 473, 474, 476, 478, 479, 482, 488, 493, 497, 508, 509], "excluded_lines": []}, "ORToolsMiningOptimizer._calculate_cycle_time": {"executed_lines": [], "summary": {"covered_lines": 0, "num_statements": 3, "percent_covered": 0.0, "percent_covered_display": "0", "missing_lines": 3, "excluded_lines": 0}, "missing_lines": [520, 523, 525], "excluded_lines": []}, "ORToolsMiningOptimizer._calculate_fuel_cost": {"executed_lines": [], "summary": {"covered_lines": 0, "num_statements": 3, "percent_covered": 0.0, "percent_covered_display": "0", "missing_lines": 3, "excluded_lines": 0}, "missing_lines": [530, 533, 535], "excluded_lines": []}, "": {"executed_lines": [2, 9, 11, 12, 13, 14, 16, 18, 19, 20, 22, 25, 26, 27, 29, 30, 31, 32, 33, 34, 35, 36, 39, 40, 41, 43, 44, 45, 46, 47, 48, 49, 50, 53, 54, 61, 62, 63, 65, 86, 139, 168, 186, 259, 285, 333, 343, 407, 428, 511, 527], "summary": {"covered_lines": 47, "num_statements": 47, "percent_covered": 100.0, "percent_covered_display": "100", "missing_lines": 0, "excluded_lines": 0}, "missing_lines": [], "excluded_lines": []}}, "classes": {"MiningOpportunity": {"executed_lines": [], "summary": {"covered_lines": 0, "num_statements": 0, "percent_covered": 100.0, "percent_covered_display": "100", "missing_lines": 0, "excluded_lines": 0}, "missing_lines": [], "excluded_lines": []}, "MiningAssignment": {"executed_lines": [], "summary": {"covered_lines": 0, "num_statements": 0, "percent_covered": 100.0, "percent_covered_display": "100", "missing_lines": 0, "excluded_lines": 0}, "missing_lines": [], "excluded_lines": []}, "ORToolsMiningOptimizer": {"executed_lines": [], "summary": {"covered_lines": 0, "num_statements": 162, "percent_covered": 0.0, "percent_covered_display": "0", "missing_lines": 162, "excluded_lines": 0}, "missing_lines": [81, 82, 83, 84, 103, 106, 107, 108, 109, 111, 114, 115, 116, 117, 119, 123, 124, 125, 128, 131, 133, 141, 142, 145, 152, 154, 155, 156, 158, 159, 160, 162, 163, 165, 166, 170, 171, 173, 174, 176, 177, 179, 180, 197, 200, 201, 203, 205, 206, 207, 208, 210, 212, 213, 214, 215, 217, 218, 219, 220, 223, 224, 226, 227, 233, 235, 236, 237, 239, 240, 241, 255, 257, 266, 268, 269, 271, 272, 274, 275, 276, 277, 278, 280, 281, 283, 307, 308, 309, 313, 316, 319, 322, 325, 328, 329, 331, 335, 336, 337, 358, 359, 362, 364, 365, 366, 379, 381, 382, 383, 384, 386, 387, 389, 390, 393, 400, 401, 403, 405, 420, 421, 426, 440, 443, 444, 445, 447, 449, 450, 452, 453, 454, 457, 458, 459, 461, 462, 463, 465, 466, 467, 469, 470, 471, 473, 474, 476, 478, 479, 482, 488, 493, 497, 508, 509, 520, 523, 525, 530, 533, 535], "excluded_lines": []}, "": {"executed_lines": [2, 9, 11, 12, 13, 14, 16, 18, 19, 20, 22, 25, 26, 27, 29, 30, 31, 32, 33, 34, 35, 36, 39, 40, 41, 43, 44, 45, 46, 47, 48, 49, 50, 53, 54, 61, 62, 63, 65, 86, 139, 168, 186, 259, 285, 333, 343, 407, 428, 511, 527], "summary": {"covered_lines": 47, "num_statements": 47, "percent_covered": 100.0, "percent_covered_display": "100", "missing_lines": 0, "excluded_lines": 0}, "missing_lines": [], "excluded_lines": []}}}, "src/spacetraders_bot/core/ortools_router.py": {"executed_lines": [2, 13, 14, 15, 16, 18, 19, 21, 22, 23, 25, 33, 35, 37, 39, 40, 43, 45, 47, 48, 51, 63, 64, 65, 67, 68, 69, 70, 71, 73, 74, 78, 79, 82, 83, 84, 86, 87, 88, 97, 98, 101, 102, 104, 106, 107, 109, 111, 114, 115, 116, 118, 121, 122, 123, 127, 128, 130, 132, 135, 136, 138, 141, 145, 146, 152, 160, 162, 163, 174, 175, 180, 184, 185, 191, 195, 199, 201, 202, 203, 204, 205, 206, 207, 208, 210, 223, 225, 226, 227, 230, 231, 232, 233, 235, 238, 239, 242, 243, 244, 246, 247, 
[...]
ered_lines": 20, "num_statements": 22, "percent_covered": 90.9090909090909, "percent_covered_display": "91", "missing_lines": 2, "excluded_lines": 0}, "missing_lines": [54, 55], "excluded_lines": []}, "_ensure_ship_ready": {"executed_lines": [77, 78, 83, 86, 87, 90, 91, 96, 97, 100, 109, 112, 113, 119, 120, 121, 122, 123, 127, 128, 133], "summary": {"covered_lines": 21, "num_statements": 39, "percent_covered": 53.84615384615385, "percent_covered_display": "54", "missing_lines": 18, "excluded_lines": 0}, "missing_lines": [79, 80, 81, 92, 93, 94, 102, 103, 104, 105, 106, 114, 115, 116, 125, 129, 130, 131], "excluded_lines": []}, "_fetch_shipyard_listing": {"executed_lines": [137, 138, 139, 140, 145, 146, 147, 148, 153, 154, 159], "summary": {"covered_lines": 11, "num_statements": 20, "percent_covered": 55.0, "percent_covered_display": "55", "missing_lines": 9, "excluded_lines": 0}, "missing_lines": [141, 142, 143, 149, 150, 151, 155, 156, 157], "excluded_lines": []}, "_load_agent_credits": {"executed_lines": [163, 164, 169], "summary": {"covered_lines": 3, "num_statements": 6, "percent_covered": 50.0, "percent_covered_display": "50", "missing_lines": 3, "excluded_lines": 0}, "missing_lines": [165, 166, 167], "excluded_lines": []}, "_calculate_purchase_plan": {"executed_lines": [173, 174, 175, 177, 178, 182, 187, 189], "summary": {"covered_lines": 8, "num_statements": 8, "percent_covered": 100.0, "percent_covered_display": "100", "missing_lines": 0, "excluded_lines": 0}, "missing_lines": [], "excluded_lines": []}, "_execute_purchases": {"executed_lines": [211, 212, 213, 215, 216, 217, 221, 225, 226, 227, 228, 229, 230, 231, 233, 234, 235, 236, 237, 238, 242, 243, 245, 246, 247, 249, 259], "summary": {"covered_lines": 27, "num_statements": 32, "percent_covered": 84.375, "percent_covered_display": "84", "missing_lines": 5, "excluded_lines": 0}, "missing_lines": [218, 219, 222, 223, 240], "excluded_lines": []}, "purchase_ship_operation": {"executed_lines": [265, 271, 273, 274, 275, 277, 279, 280, 281, 282, 284, 285, 286, 288, 302, 303, 305, 306, 309, 310, 313, 314, 315, 317, 326, 340, 341, 342, 344, 345, 346, 347, 348, 349, 350, 352], "summary": {"covered_lines": 36, "num_statements": 38, "percent_covered": 94.73684210526316, "percent_covered_display": "95", "missing_lines": 2, "excluded_lines": 0}, "missing_lines": [307, 311], "excluded_lines": []}, "purchase_ship_operation.log_error": {"executed_lines": [289], "summary": {"covered_lines": 1, "num_statements": 1, "percent_covered": 100.0, "percent_covered_display": "100", "missing_lines": 0, "excluded_lines": 0}, "missing_lines": [], "excluded_lines": []}, "": {"executed_lines": [2, 4, 5, 6, 8, 9, 10, 12, 21, 22, 23, 25, 26, 27, 28, 29, 32, 60, 136, 162, 172, 198, 262], "summary": {"covered_lines": 21, "num_statements": 21, "percent_covered": 100.0, "percent_covered_display": "100", "missing_lines": 0, "excluded_lines": 0}, "missing_lines": [], "excluded_lines": []}}, "classes": {"PurchasePlan": {"executed_lines": [], "summary": {"covered_lines": 0, "num_statements": 0, "percent_covered": 100.0, "percent_covered_display": "100", "missing_lines": 0, "excluded_lines": 0}, "missing_lines": [], "excluded_lines": []}, "": {"executed_lines": [2, 4, 5, 6, 8, 9, 10, 12, 21, 22, 23, 25, 26, 27, 28, 29, 32, 33, 34, 35, 36, 37, 39, 40, 41, 42, 43, 44, 45, 46, 48, 49, 50, 51, 52, 53, 57, 60, 77, 78, 83, 86, 87, 90, 91, 96, 97, 100, 109, 112, 113, 119, 120, 121, 122, 123, 127, 128, 133, 136, 137, 138, 139, 140, 145, 146, 147, 148, 153, 154, 159, 162, 163, 164, 169, 172, 173, 174, 175, 177, 178, 182, 187, 189, 198, 211, 212, 213, 215, 216, 217, 221, 225, 226, 227, 228, 229, 230, 231, 233, 234, 235, 236, 237, 238, 242, 243, 245, 246, 247, 249, 259, 262, 265, 271, 273, 274, 275, 277, 279, 280, 281, 282, 284, 285, 286, 288, 289, 302, 303, 305, 306, 309, 310, 313, 314, 315, 317, 326, 340, 341, 342, 344, 345, 346, 347, 348, 349, 350, 352], "summary": {"covered_lines": 148, "num_statements": 187, "percent_covered": 79.14438502673796, "percent_covered_display": "79", "missing_lines": 39, "excluded_lines": 0}, "missing_lines": [54, 55, 79, 80, 81, 92, 93, 94, 102, 103, 104, 105, 106, 114, 115, 116, 125, 129, 130, 131, 141, 142, 143, 149, 150, 151, 155, 156, 157, 165, 166, 167, 218, 219, 222, 223, 240, 307, 311], "excluded_lines": []}}}, "src/spacetraders_bot/operations/routing.py": {"executed_lines": [2, 6, 7, 8, 9, 10, 12, 13, 14, 15, 25, 56, 218], "summary": {"covered_lines": 12, "num_statements": 344, "percent_covered": 3.488372093023256, "percent_covered_display": "3", "missing_lines": 332, "excluded_lines": 0}, "missing_lines": [27, 28, 30, 31, 32, 33, 34, 36, 37, 40, 42, 43, 44, 45, 46, 47, 48, 49, 50, 52, 53, 58, 60, 61, 62, 64, 65, 68, 69, 71, 72, 73, 74, 75, 76, 77, 78, 81, 82, 83, 84, 86, 87, 88, 89, 90, 92, 93, 94, 95, 98, 99, 105, 106, 107, 110, 111, 112, 113, 114, 116, 117, 118, 119, 120, 121, 122, 123, 124, 125, 126, 128, 131, 132, 133, 134, 135, 136, 138, 150, 152, 153, 154, 155, 156, 157, 158, 159, 162, 163, 164, 165, 168, 170, 171, 172, 173, 176, 177, 178, 187, 188, 189, 192, 193, 194, 195, 196, 197, 199, 200, 201, 202, 203, 205, 208, 209, 210, 211, 212, 213, 215, 228, 229, 231, 232, 233, 234, 235, 237, 238, 239, 240, 243, 245, 246, 247, 249, 252, 266, 267, 268, 274, 275, 286, 287, 304, 305, 306, 309, 311, 312, 314, 315, 316, 317, 320, 321, 322, 324, 325, 326, 327, 330, 331, 333, 334, 335, 336, 337, 338, 344, 347, 348, 349, 350, 356, 358, 359, 362, 366, 367, 371, 372, 376, 379, 380, 382, 383, 384, 390, 393, 394, 397, 398, 399, 401, 402, 403, 404, 405, 406, 412, 413, 414, 415, 416, 418, 419, 420, 421, 423, 424, 425, 428, 429, 430, 431, 432, 433, 439, 440, 441, 442, 445, 448, 450, 451, 454, 455, 458, 459, 460, 461, 463, 464, 465, 467, 470, 471, 473, 474, 475, 481, 482, 483, 495, 497, 499, 502, 503, 506, 507, 509, 510, 513, 514, 516, 525, 526, 527, 528, 534, 535, 536, 537, 540, 541, 542, 543, 544, 545, 546, 547, 548, 549, 550, 551, 552, 553, 554, 557, 558, 559, 560, 561, 562, 565, 566, 567, 569, 570, 571, 572, 574, 575, 576, 578, 579, 582, 583, 584, 587, 588, 589, 592, 595, 596, 598, 599, 600, 606, 607, 608, 620, 622, 623, 625, 627, 628, 629, 630, 631, 632, 634, 635, 637, 638, 641, 643, 644, 646], "excluded_lines": [], "functions": {"graph_build_operation": {"executed_lines": [], "summary": {"covered_lines": 0, "num_statements": 21, "percent_covered": 0.0, "percent_covered_display": "0", "missing_lines": 21, "excluded_lines": 0}, "missing_lines": [27, 28, 30, 31, 32, 33, 34, 36, 37, 40, 42, 43, 44, 45, 46, 47, 48, 49, 50, 52, 53], "excluded_lines": []}, "route_plan_operation": {"executed_lines": [], "summary": {"covered_lines": 0, "num_statements": 101, "percent_covered": 0.0, "percent_covered_display": "0", "missing_lines": 101, "excluded_lines": 0}, "missing_lines": [58, 60, 61, 62, 64, 65, 68, 69, 71, 72, 73, 74, 75, 76, 77, 78, 81, 82, 83, 84, 86, 87, 88, 89, 90, 92, 93, 94, 95, 98, 99, 105, 106, 107, 110, 111, 112, 113, 114, 116, 117, 118, 119, 120, 121, 122, 123, 124, 125, 126, 128, 131, 132, 133, 134, 135, 136, 138, 150, 152, 153, 154, 155, 156, 157, 158, 159, 162, 163, 164, 165, 168, 170, 171, 172, 173, 176, 177, 178, 187, 188, 189, 192, 193, 194, 195, 196, 197, 199, 200, 201, 202, 203, 205, 208, 209, 210, 211, 212, 213, 215], "excluded_lines": []}, "scout_markets_operation": {"executed_lines": [], "summary": {"covered_lines": 0, "num_statements": 202, "percent_covered": 0.0, "percent_covered_display": "0", "missing_lines": 202, "excluded_lines": 0}, "missing_lines": [228, 229, 231, 232, 233, 234, 235, 237, 238, 239, 240, 243, 245, 246, 247, 249, 266, 286, 304, 305, 306, 309, 314, 315, 316, 317, 320, 321, 322, 324, 325, 326, 327, 330, 331, 333, 334, 335, 336, 337, 338, 344, 347, 348, 349, 350, 356, 358, 359, 362, 366, 367, 371, 372, 376, 379, 380, 382, 383, 384, 390, 393, 394, 397, 398, 399, 401, 402, 403, 404, 405, 406, 412, 413, 414, 415, 416, 418, 419, 420, 421, 423, 424, 425, 428, 429, 430, 431, 432, 433, 439, 440, 441, 442, 445, 448, 450, 451, 454, 455, 458, 459, 460, 461, 463, 464, 465, 467, 470, 471, 473, 474, 475, 481, 482, 483, 495, 497, 499, 502, 503, 506, 507, 509, 510, 513, 514, 516, 525, 526, 527, 528, 534, 535, 536, 537, 540, 541, 542, 543, 544, 545, 546, 547, 548, 549, 550, 551, 552, 553, 554, 557, 558, 559, 560, 561, 562, 565, 566, 567, 569, 570, 571, 572, 574, 575, 576, 578, 579, 582, 583, 584, 587, 588, 589, 592, 595, 596, 598, 599, 600, 606, 607, 608, 620, 622, 623, 625, 627, 628, 629, 630, 631, 632, 634, 635, 637, 638, 641, 643, 644, 646], "excluded_lines": []}, "scout_markets_operation.log_error": {"executed_lines": [], "summary": {"covered_lines": 0, "num_statements": 1, "percent_covered": 0.0, "percent_covered_display": "0", "missing_lines": 1, "excluded_lines": 0}, "missing_lines": [252], "excluded_lines": []}, "scout_markets_operation.log_tour_completion": {"executed_lines": [], "summary": {"covered_lines": 0, "num_statements": 4, "percent_covered": 0.0, "percent_covered_display": "0", "missing_lines": 4, "excluded_lines": 0}, "missing_lines": [267, 268, 274, 275], "excluded_lines": []}, "scout_markets_operation.log_tour_summary": {"executed_lines": [], "summary": {"covered_lines": 0, "num_statements": 1, "percent_covered": 0.0, "percent_covered_display": "0", "missing_lines": 1, "excluded_lines": 0}, "missing_lines": [287], "excluded_lines": []}, "scout_markets_operation.handle_shutdown": {"executed_lines": [], "summary": {"covered_lines": 0, "num_statements": 2, "percent_covered": 0.0, "percent_covered_display": "0", "missing_lines": 2, "excluded_lines": 0}, "missing_lines": [311, 312], "excluded_lines": []}, "": {"executed_lines": [2, 6, 7, 8, 9, 10, 12, 13, 14, 15, 25, 56, 218], "summary": {"covered_lines": 12, "num_statements": 12, "percent_covered": 100.0, "percent_covered_display": "100", "missing_lines": 0, "excluded_lines": 0}, "missing_lines": [], "excluded_lines": []}}, "classes": {"": {"executed_lines": [2, 6, 7, 8, 9, 10, 12, 13, 14, 15, 25, 56, 218], "summary": {"covered_lines": 12, "num_statements": 344, "percent_covered": 3.488372093023256, "percent_covered_display": "3", "missing_lines": 332, "excluded_lines": 0}, "missing_lines": [27, 28, 30, 31, 32, 33, 34, 36, 37, 40, 42, 43, 44, 45, 46, 47, 48, 49, 50, 52, 53, 58, 60, 61, 62, 64, 65, 68, 69, 71, 72, 73, 74, 75, 76, 77, 78, 81, 82, 83, 84, 86, 87, 88, 89, 90, 92, 93, 94, 95, 98, 99, 105, 106, 107, 110, 111, 112, 113, 114, 116, 117, 118, 119, 120, 121, 122, 123, 124, 125, 126, 128, 131, 132, 133, 134, 135, 136, 138, 150, 152, 153, 154, 155, 156, 157, 158, 159, 162, 163, 164, 165, 168, 170, 171, 172, 173, 176, 177, 178, 187, 188, 189, 192, 193, 194, 195, 196, 197, 199, 200, 201, 202, 203, 205, 208, 209, 210, 211, 212, 213, 215, 228, 229, 231, 232, 233, 234, 235, 237, 238, 239, 240, 243, 245, 246, 247, 249, 252, 266, 267, 268, 274, 275, 286, 287, 304, 305, 306, 309, 311, 312, 314, 315, 316, 317, 320, 321, 322, 324, 325, 326, 327, 330, 331, 333, 334, 335, 336, 337, 338, 344, 347, 348, 349, 350, 356, 358, 359, 362, 366, 367, 371, 372, 376, 379, 380, 382, 383, 384, 390, 393, 394, 397, 398, 399, 401, 402, 403, 404, 405, 406, 412, 413, 414, 415, 416, 418, 419, 420, 421, 423, 424, 425, 428, 429, 430, 431, 432, 433, 439, 440, 441, 442, 445, 448, 450, 451, 454, 455, 458, 459, 460, 461, 463, 464, 465, 467, 470, 471, 473, 474, 475, 481, 482, 483, 495, 497, 499, 502, 503, 506, 507, 509, 510, 513, 514, 516, 525, 526, 527, 528, 534, 535, 536, 537, 540, 541, 542, 543, 544, 545, 546, 547, 548, 549, 550, 551, 552, 553, 554, 557, 558, 559, 560, 561, 562, 565, 566, 567, 569, 570, 571, 572, 574, 575, 576, 578, 579, 582, 583, 584, 587, 588, 589, 592, 595, 596, 598, 599, 600, 606, 607, 608, 620, 622, 623, 625, 627, 628, 629, 630, 631, 632, 634, 635, 637, 638, 641, 643, 644, 646], "excluded_lines": []}}}, "src/spacetraders_bot/operations/scout_coordination.py": {"executed_lines": [2, 6, 7, 9, 10, 11, 12, 15, 89, 139, 194, 243], "summary": {"covered_lines": 11, "num_statements": 160, "percent_covered": 6.875, "percent_covered_display": "7", "missing_lines": 149, "excluded_lines": 0}, "missing_lines": [22, 23, 24, 27, 28, 31, 34, 35, 36, 39, 40, 41, 42, 43, 44, 45, 47, 49, 50, 52, 54, 63, 66, 69, 70, 73, 74, 75, 77, 79, 80, 81, 82, 83, 84, 85, 86, 96, 98, 99, 100, 102, 104, 105, 106, 107, 109, 111, 112, 114, 116, 117, 118, 121, 122, 123, 125, 126, 128, 129, 130, 132, 134, 135, 136, 146, 148, 149, 150, 152, 154, 155, 156, 158, 160, 161, 163, 165, 166, 167, 170, 172, 173, 174, 175, 177, 178, 180, 181, 183, 184, 185, 187, 189, 190, 191, 200, 202, 203, 204, 206, 208, 209, 210, 212, 214, 215, 217, 220, 221, 223, 225, 226, 227, 228, 229, 232, 234, 236, 238, 239, 240, 249, 251, 253, 254, 255, 257, 259, 260, 262, 264, 265, 266, 267, 268, 271, 272, 274, 275, 276, 277, 278, 280, 281, 283, 285, 286, 287], "excluded_lines": [], "functions": {"coordinator_start_operation": {"executed_lines": [], "summary": {"covered_lines": 0, "num_statements": 37, "percent_covered": 0.0, "percent_covered_display": "0", "missing_lines": 37, "excluded_lines": 0}, "missing_lines": [22, 23, 24, 27, 28, 31, 34, 35, 36, 39, 40, 41, 42, 43, 44, 45, 47, 49, 50, 52, 54, 63, 66, 69, 70, 73, 74, 75, 77, 79, 80, 81, 82, 83, 84, 85, 86], "excluded_lines": []}, "coordinator_add_ship_operation": {"executed_lines": [], "summary": {"covered_lines": 0, "num_statements": 28, "percent_covered": 0.0, "percent_covered_display": "0", "missing_lines": 28, "excluded_lines": 0}, "missing_lines": [96, 98, 99, 100, 102, 104, 105, 106, 107, 109, 111, 112, 114, 116, 117, 118, 121, 122, 123, 125, 126, 128, 129, 130, 132, 134, 135, 136], "excluded_lines": []}, "coordinator_remove_ship_operation": {"executed_lines": [], "summary": {"covered_lines": 0, "num_statements": 31, "percent_covered": 0.0, "percent_covered_display": "0", "missing_lines": 31, "excluded_lines": 0}, "missing_lines": [146, 148, 149, 150, 152, 154, 155, 156, 158, 160, 161, 163, 165, 166, 167, 170, 172, 173, 174, 175, 177, 178, 180, 181, 183, 184, 185, 187, 189, 190, 191], "excluded_lines": []}, "coordinator_stop_operation": {"executed_lines": [], "summary": {"covered_lines": 0, "num_statements": 26, "percent_covered": 0.0, "percent_covered_display": "0", "missing_lines": 26, "excluded_lines": 0}, "missing_lines": [200, 202, 203, 204, 206, 208, 209, 210, 212, 214, 215, 217, 220, 221, 223, 225, 226, 227, 228, 229, 232, 234, 236, 238, 239, 240], "excluded_lines": []}, "coordinator_status_operation": {"executed_lines": [], "summary": {"covered_lines": 0, "num_statements": 27, "percent_covered": 0.0, "percent_covered_display": "0", "missing_lines": 27, "excluded_lines": 0}, "missing_lines": [249, 251, 253, 254, 255, 257, 259, 260, 262, 264, 265, 266, 267, 268, 271, 272, 274, 275, 276, 277, 278, 280, 281, 283, 285, 286, 287], "excluded_lines": []}, "": {"executed_lines": [2, 6, 7, 9, 10, 11, 12, 15, 89, 139, 194, 243], "summary": {"covered_lines": 11, "num_statements": 11, "percent_covered": 100.0, "percent_covered_display": "100", "missing_lines": 0, "excluded_lines": 0}, "missing_lines": [], "excluded_lines": []}}, "classes": {"": {"executed_lines": [2, 6, 7, 9, 10, 11, 12, 15, 89, 139, 194, 243], "summary": {"covered_lines": 11, "num_statements": 160, "percent_covered": 6.875, "percent_covered_display": "7", "missing_lines": 149, "excluded_lines": 0}, "missing_lines": [22, 23, 24, 27, 28, 31, 34, 35, 36, 39, 40, 41, 42, 43, 44, 45, 47, 49, 50, 52, 54, 63, 66, 69, 70, 73, 74, 75, 77, 79, 80, 81, 82, 83, 84, 85, 86, 96, 98, 99, 100, 102, 104, 105, 106, 107, 109, 111, 112, 114, 116, 117, 118, 121, 122, 123, 125, 126, 128, 129, 130, 132, 134, 135, 136, 146, 148, 149, 150, 152, 154, 155, 156, 158, 160, 161, 163, 165, 166, 167, 170, 172, 173, 174, 175, 177, 178, 180, 181, 183, 184, 185, 187, 189, 190, 191, 200, 202, 203, 204, 206, 208, 209, 210, 212, 214, 215, 217, 220, 221, 223, 225, 226, 227, 228, 229, 232, 234, 236, 238, 239, 240, 249, 251, 253, 254, 255, 257, 259, 260, 262, 264, 265, 266, 267, 268, 271, 272, 274, 275, 276, 277, 278, 280, 281, 283, 285, 286, 287], "excluded_lines": []}}}, "src/spacetraders_bot/operations/validate_routing.py": {"executed_lines": [1, 3, 4, 6, 7, 8, 9, 10, 13], "summary": {"covered_lines": 8, "num_statements": 62, "percent_covered": 12.903225806451612, "percent_covered_display": "13", "missing_lines": 54, "excluded_lines": 0}, "missing_lines": [16, 17, 18, 20, 21, 22, 24, 25, 26, 28, 29, 30, 32, 34, 35, 36, 37, 39, 40, 41, 43, 44, 45, 47, 48, 54, 55, 56, 58, 59, 60, 61, 62, 63, 64, 66, 67, 68, 70, 71, 72, 74, 75, 76, 78, 79, 80, 81, 82, 84, 85, 86, 87, 88], "excluded_lines": [], "functions": {"validate_routing_operation": {"executed_lines": [], "summary": {"covered_lines": 0, "num_statements": 54, "percent_covered": 0.0, "percent_covered_display": "0", "missing_lines": 54, "excluded_lines": 0}, "missing_lines": [16, 17, 18, 20, 21, 22, 24, 25, 26, 28, 29, 30, 32, 34, 35, 36, 37, 39, 40, 41, 43, 44, 45, 47, 48, 54, 55, 56, 58, 59, 60, 61, 62, 63, 64, 66, 67, 68, 70, 71, 72, 74, 75, 76, 78, 79, 80, 81, 82, 84, 85, 86, 87, 88], "excluded_lines": []}, "": {"executed_lines": [1, 3, 4, 6, 7, 8, 9, 10, 13], "summary": {"covered_lines": 8, "num_statements": 8, "percent_covered": 100.0, "percent_covered_display": "100", "missing_lines": 0, "excluded_lines": 0}, "missing_lines": [], "excluded_lines": []}}, "classes": {"": {"executed_lines": [1, 3, 4, 6, 7, 8, 9, 10, 13], "summary": {"covered_lines": 8, "num_statements": 62, "percent_covered": 12.903225806451612, "percent_covered_display": "13", "missing_lines": 54, "excluded_lines": 0}, "missing_lines": [16, 17, 18, 20, 21, 22, 24, 25, 26, 28, 29, 30, 32, 34, 35, 36, 37, 39, 40, 41, 43, 44, 45, 47, 48, 54, 55, 56, 58, 59, 60, 61, 62, 63, 64, 66, 67, 68, 70, 71, 72, 74, 75, 76, 78, 79, 80, 81, 82, 84, 85, 86, 87, 88], "excluded_lines": []}}}, "src/spacetraders_bot/operations/waypoint_query.py": {"executed_lines": [2, 4, 6, 7, 10], "summary": {"covered_lines": 4, "num_statements": 72, "percent_covered": 5.555555555555555, "percent_covered_display": "6", "missing_lines": 68, "excluded_lines": 0}, "missing_lines": [21, 22, 25, 28, 31, 32, 33, 34, 35, 36, 37, 38, 39, 41, 44, 45, 46, 47, 48, 51, 52, 55, 60, 63, 64, 65, 68, 69, 72, 75, 76, 79, 80, 81, 82, 83, 86, 89, 90, 93, 94, 95, 96, 97, 100, 101, 102, 103, 104, 105, 106, 107, 110, 111, 114, 117, 118, 121, 122, 123, 124, 127, 128, 129, 131, 132, 133, 135], "excluded_lines": [], "functions": {"waypoint_query_operation": {"executed_lines": [], "summary": {"covered_lines": 0, "num_statements": 68, "percent_covered": 0.0, "percent_covered_display": "0", "missing_lines": 68, "excluded_lines": 0}, "missing_lines": [21, 22, 25, 28, 31, 32, 33, 34, 35, 36, 37, 38, 39, 41, 44, 45, 46, 47, 48, 51, 52, 55, 60, 63, 64, 65, 68, 69, 72, 75, 76, 79, 80, 81, 82, 83, 86, 89, 90, 93, 94, 95, 96, 97, 100, 101, 102, 103, 104, 105, 106, 107, 110, 111, 114, 117, 118, 121, 122, 123, 124, 127, 128, 129, 131, 132, 133, 135], "excluded_lines": []}, "": {"executed_lines": [2, 4, 6, 7, 10], "summary": {"covered_lines": 4, "num_statements": 4, "percent_covered": 100.0, "percent_covered_display": "100", "missing_lines": 0, "excluded_lines": 0}, "missing_lines": [], "excluded_lines": []}}, "classes": {"": {"executed_lines": [2, 4, 6, 7, 10], "summary": {"covered_lines": 4, "num_statements": 72, "percent_covered": 5.555555555555555, "percent_covered_display": "6", "missing_lines": 68, "excluded_lines": 0}, "missing_lines": [21, 22, 25, 28, 31, 32, 33, 34, 35, 36, 37, 38, 39, 41, 44, 45, 46, 47, 48, 51, 52, 55, 60, 63, 64, 65, 68, 69, 72, 75, 76, 79, 80, 81, 82, 83, 86, 89, 90, 93, 94, 95, 96, 97, 100, 101, 102, 103, 104, 105, 106, 107, 110, 111, 114, 117, 118, 121, 122, 123, 124, 127, 128, 129, 131, 132, 133, 135], "excluded_lines": []}}}}, "totals": {"covered_lines": 2301, "num_statements": 9794, "percent_covered": 23.49397590361446, "percent_covered_display": "23", "missing_lines": 7493, "excluded_lines": 110}}