{"meta": {"format": 3, "version": "7.10.7", "timestamp": "2025-10-20T14:44:28.816741", "branch_coverage": true, "show_contexts": false}, "files": {"src/spacetraders_bot/__init__.py": {"executed_lines": [1, 3, 4, 5, 7, 8, 9, 10, 12, 13, 28, 44, 45, 48, 49, 50, 51, 52, 53, 55], "summary": {"covered_lines": 12, "num_statements": 12, "percent_covered": 100.0, "percent_covered_display": "100.0", "missing_lines": 0, "excluded_lines": 7, "num_branches": 0, "num_partial_branches": 0, "covered_branches": 0, "missing_branches": 0}, "missing_lines": [], "excluded_lines": [9, 10, 44, 45, 51, 52, 53], "executed_branches": [], "missing_branches": [], "functions": {"": {"executed_lines": [1, 3, 4, 5, 7, 8, 9, 10, 12, 13, 28, 44, 45, 48, 49, 50, 51, 52, 53, 55], "summary": {"covered_lines": 12, "num_statements": 12, "percent_covered": 100.0, "percent_covered_display": "100.0", "missing_lines": 0, "excluded_lines": 7, "num_branches": 0, "num_partial_branches": 0, "covered_branches": 0, "missing_branches": 0}, "missing_lines": [], "excluded_lines": [9, 10, 44, 45, 51, 52, 53], "executed_branches": [], "missing_branches": []}}, "classes": {"": {"executed_lines": [1, 3, 4, 5, 7, 8, 9, 10, 12, 13, 28, 44, 45, 48, 49, 50, 51, 52, 53, 55], "summary": {"covered_lines": 12, "num_statements": 12, "percent_covered": 100.0, "percent_covered_display": "100.0", "missing_lines": 0, "excluded_lines": 7, "num_branches": 0, "num_partial_branches": 0, "covered_branches": 0, "missing_branches": 0}, "missing_lines": [], "excluded_lines": [9, 10, 44, 45, 51, 52, 53], "executed_branches": [], "missing_branches": []}}}, "src/spacetraders_bot/cli/__init__.py": {"executed_lines": [1, 3, 5], "summary": {"covered_lines": 2, "num_statements": 2, "percent_covered": 100.0, "percent_covered_display": "100.0", "missing_lines": 0, "excluded_lines": 0, "num_branches": 0, "num_partial_branches": 0, "covered_branches": 0, "missing_branches": 0}, "missing_lines": [], "excluded_lines": [], "executed_branches": [], "missing_branches": [], "functions": {"": {"executed_lines": [1, 3, 5], "summary": {"covered_lines": 2, "num_statements": 2, "percent_covered": 100.0, "percent_covered_display": "100.0", "missing_lines": 0, "excluded_lines": 0, "num_branches": 0, "num_partial_branches": 0, "covered_branches": 0, "missing_branches": 0}, "missing_lines": [], "excluded_lines": [], "executed_branches": [], "missing_branches": []}}, "classes": {"": {"executed_lines": [1, 3, 5], "summary": {"covered_lines": 2, "num_statements": 2, "percent_covered": 100.0, "percent_covered_display": "100.0", "missing_lines": 0, "excluded_lines": 0, "num_branches": 0, "num_partial_branches": 0, "covered_branches": 0, "missing_branches": 0}, "missing_lines": [], "excluded_lines": [], "executed_branches": [], "missing_branches": []}}}, "src/spacetraders_bot/cli/__main__.py": {"executed_lines": [], "summary": {"covered_lines": 0, "num_statements": 1, "percent_covered": 0.0, "percent_covered_display": "0.0", "missing_lines": 1, "excluded_lines": 2, "num_branches": 0, "num_partial_branches": 0, "covered_branches": 0, "missing_branches": 0}, "missing_lines": [4], "excluded_lines": [7, 8], "executed_branches": [], "missing_branches": [], "functions": {"": {"executed_lines": [], "summary": {"covered_lines": 0, "num_statements": 1, "percent_covered": 0.0, "percent_covered_display": "0.0", "missing_lines": 1, "excluded_lines": 2, "num_branches": 0, "num_partial_branches": 0, "covered_branches": 0, "missing_branches": 0}, "missing_lines": [4], "excluded_lines": [7, 8], "executed_branches": [], "missing_branches": []}}, "classes": {"": {"executed_lines": [], "summary": {"covered_lines": 0, "num_statements": 1, "percent_covered": 0.0, "percent_covered_display": "0.0", "missing_lines": 1, "excluded_lines": 2, "num_branches": 0, "num_partial_branches": 0, "covered_branches": 0, "missing_branches": 0}, "missing_lines": [4], "excluded_lines": [7, 8], "executed_branches": [], "missing_branches": []}}}, "src/spacetraders_bot/cli/main.py": {"executed_lines": [2, 25, 26, 27, 28, 29, 30, 31, 33, 34, 72, 73, 79, 83, 86, 87, 88, 89, 90, 91, 94, 95, 96, 97, 98, 99, 102, 103, 104, 105, 106, 107, 110, 111, 112, 113, 114, 117, 118, 119, 122, 123, 124, 125, 126, 128, 132, 133, 134, 135, 138, 142, 143, 144, 145, 147, 148, 149, 150, 151, 152, 153, 158, 159, 160, 163, 164, 165, 166, 167, 170, 171, 172, 175, 176, 177, 180, 181, 182, 183, 186, 187, 188, 191, 192, 193, 194, 195, 196, 197, 200, 201, 202, 203, 206, 207, 208, 209, 210, 211, 212, 215, 216, 217, 218, 219, 220, 221, 222, 223, 224, 227, 228, 229, 230, 231, 234, 235, 238, 239, 240, 241, 242, 246, 247, 248, 251, 252, 253, 256, 257, 258, 259, 262, 263, 266, 267, 270, 271, 272, 275, 276, 277, 278, 279, 280, 281, 284, 285, 286, 287, 290, 291, 292, 295, 296, 297, 298, 301, 302, 305, 306, 307, 308, 309, 310, 313, 314, 315, 318, 319, 322, 323, 326, 327, 328, 329, 330, 333, 334, 335, 338, 339, 340, 343, 344, 345, 348, 349, 350, 353, 354, 357, 358, 359, 362, 363, 364, 365, 366, 367, 370, 371, 372, 375, 376, 377, 378, 382, 383, 384, 385, 386, 387, 388, 389, 390, 393, 394, 395, 396, 399, 400, 401, 402, 405, 406, 407, 408, 409, 410, 411, 414, 415, 416, 418, 420, 422, 427, 429, 431, 433, 435, 437, 439, 452, 454, 456, 458, 459, 460, 461, 462, 465, 468, 471, 473, 474, 475, 484, 485, 486, 487, 488, 489, 506, 507, 509, 511, 513, 515, 516, 526], "summary": {"covered_lines": 271, "num_statements": 331, "percent_covered": 72.57683215130024, "percent_covered_display": "72.6", "missing_lines": 60, "excluded_lines": 11, "num_branches": 92, "num_partial_branches": 24, "covered_branches": 36, "missing_branches": 56}, "missing_lines": [423, 424, 428, 430, 432, 434, 436, 438, 441, 443, 444, 447, 448, 449, 450, 451, 453, 455, 457, 463, 464, 466, 467, 469, 470, 472, 476, 477, 478, 479, 480, 481, 482, 483, 490, 491, 492, 493, 494, 495, 496, 497, 498, 499, 500, 501, 502, 503, 504, 505, 508, 510, 512, 514, 517, 518, 519, 520, 521, 523], "excluded_lines": [526, 527, 528, 529, 530, 531, 532, 533, 534, 535, 536], "executed_branches": [[414, 415], [414, 420], [416, 418], [422, 427], [427, 429], [429, 431], [431, 433], [433, 435], [435, 437], [437, 439], [439, 452], [452, 454], [454, 456], [456, 458], [458, 459], [458, 460], [460, 461], [460, 462], [462, 465], [465, 468], [468, 471], [471, 473], [473, 474], [473, 484], [474, 475], [484, 485], [484, 506], [485, 486], [485, 488], [488, 489], [506, 507], [507, 509], [509, 511], [511, 513], [513, 515], [515, 516]], "missing_branches": [[416, 422], [422, 423], [427, 428], [429, 430], [431, 432], [433, 434], [435, 436], [437, 438], [439, 441], [441, 443], [441, 447], [447, 448], [447, 451], [452, 453], [454, 455], [456, 457], [462, 463], [465, 466], [468, 469], [471, 472], [474, 476], [476, 477], [476, 478], [478, 479], [478, 480], [480, 481], [480, 482], [482, 483], [482, 523], [488, 490], [490, 491], [490, 492], [492, 493], [492, 494], [494, 495], [494, 496], [496, 497], [496, 498], [498, 499], [498, 500], [500, 501], [500, 502], [502, 503], [502, 504], [504, 505], [504, 523], [506, 517], [507, 508], [509, 510], [511, 512], [513, 514], [515, 523], [517, 518], [517, 520], [520, 521], [520, 523]], "functions": {"main": {"executed_lines": [73, 79, 83, 86, 87, 88, 89, 90, 91, 94, 95, 96, 97, 98, 99, 102, 103, 104, 105, 106, 107, 110, 111, 112, 113, 114, 117, 118, 119, 122, 123, 124, 125, 126, 128, 132, 133, 134, 135, 138, 142, 143, 144, 145, 147, 148, 149, 150, 151, 152, 153, 158, 159, 160, 163, 164, 165, 166, 167, 170, 171, 172, 175, 176, 177, 180, 181, 182, 183, 186, 187, 188, 191, 192, 193, 194, 195, 196, 197, 200, 201, 202, 203, 206, 207, 208, 209, 210, 211, 212, 215, 216, 217, 218, 219, 220, 221, 222, 223, 224, 227, 228, 229, 230, 231, 234, 235, 238, 239, 240, 241, 242, 246, 247, 248, 251, 252, 253, 256, 257, 258, 259, 262, 263, 266, 267, 270, 271, 272, 275, 276, 277, 278, 279, 280, 281, 284, 285, 286, 287, 290, 291, 292, 295, 296, 297, 298, 301, 302, 305, 306, 307, 308, 309, 310, 313, 314, 315, 318, 319, 322, 323, 326, 327, 328, 329, 330, 333, 334, 335, 338, 339, 340, 343, 344, 345, 348, 349, 350, 353, 354, 357, 358, 359, 362, 363, 364, 365, 366, 367, 370, 371, 372, 375, 376, 377, 378, 382, 383, 384, 385, 386, 387, 388, 389, 390, 393, 394, 395, 396, 399, 400, 401, 402, 405, 406, 407, 408, 409, 410, 411, 414, 415, 416, 418, 420, 422, 427, 429, 431, 433, 435, 437, 439, 452, 454, 456, 458, 459, 460, 461, 462, 465, 468, 471, 473, 474, 475, 484, 485, 486, 487, 488, 489, 506, 507, 509, 511, 513, 515, 516], "summary": {"covered_lines": 261, "num_statements": 321, "percent_covered": 71.91283292978208, "percent_covered_display": "71.9", "missing_lines": 60, "excluded_lines": 0, "num_branches": 92, "num_partial_branches": 24, "covered_branches": 36, "missing_branches": 56}, "missing_lines": [423, 424, 428, 430, 432, 434, 436, 438, 441, 443, 444, 447, 448, 449, 450, 451, 453, 455, 457, 463, 464, 466, 467, 469, 470, 472, 476, 477, 478, 479, 480, 481, 482, 483, 490, 491, 492, 493, 494, 495, 496, 497, 498, 499, 500, 501, 502, 503, 504, 505, 508, 510, 512, 514, 517, 518, 519, 520, 521, 523], "excluded_lines": [], "executed_branches": [[414, 415], [414, 420], [416, 418], [422, 427], [427, 429], [429, 431], [431, 433], [433, 435], [435, 437], [437, 439], [439, 452], [452, 454], [454, 456], [456, 458], [458, 459], [458, 460], [460, 461], [460, 462], [462, 465], [465, 468], [468, 471], [471, 473], [473, 474], [473, 484], [474, 475], [484, 485], [484, 506], [485, 486], [485, 488], [488, 489], [506, 507], [507, 509], [509, 511], [511, 513], [513, 515], [515, 516]], "missing_branches": [[416, 422], [422, 423], [427, 428], [429, 430], [431, 432], [433, 434], [435, 436], [437, 438], [439, 441], [441, 443], [441, 447], [447, 448], [447, 451], [452, 453], [454, 455], [456, 457], [462, 463], [465, 466], [468, 469], [471, 472], [474, 476], [476, 477], [476, 478], [478, 479], [478, 480], [480, 481], [480, 482], [482, 483], [482, 523], [488, 490], [490, 491], [490, 492], [492, 493], [492, 494], [494, 495], [494, 496], [496, 497], [496, 498], [498, 499], [498, 500], [500, 501], [500, 502], [502, 503], [502, 504], [504, 505], [504, 523], [506, 517], [507, 508], [509, 510], [511, 512], [513, 514], [515, 523], [517, 518], [517, 520], [520, 521], [520, 523]]}, "": {"executed_lines": [2, 25, 26, 27, 28, 29, 30, 31, 33, 34, 72, 526], "summary": {"covered_lines": 10, "num_statements": 10, "percent_covered": 100.0, "percent_covered_display": "100.0", "missing_lines": 0, "excluded_lines": 11, "num_branches": 0, "num_partial_branches": 0, "covered_branches": 0, "missing_branches": 0}, "missing_lines": [], "excluded_lines": [526, 527, 528, 529, 530, 531, 532, 533, 534, 535, 536], "executed_branches": [], "missing_branches": []}}, "classes": {"": {"executed_lines": [2, 25, 26, 27, 28, 29, 30, 31, 33, 34, 72, 73, 79, 83, 86, 87, 88, 89, 90, 91, 94, 95, 96, 97, 98, 99, 102, 103, 104, 105, 106, 107, 110, 111, 112, 113, 114, 117, 118, 119, 122, 123, 124, 125, 126, 128, 132, 133, 134, 135, 138, 142, 143, 144, 145, 147, 148, 149, 150, 151, 152, 153, 158, 159, 160, 163, 164, 165, 166, 167, 170, 171, 172, 175, 176, 177, 180, 181, 182, 183, 186, 187, 188, 191, 192, 193, 194, 195, 196, 197, 200, 201, 202, 203, 206, 207, 208, 209, 210, 211, 212, 215, 216, 217, 218, 219, 220, 221, 222, 223, 224, 227, 228, 229, 230, 231, 234, 235, 238, 239, 240, 241, 242, 246, 247, 248, 251, 252, 253, 256, 257, 258, 259, 262, 263, 266, 267, 270, 271, 272, 275, 276, 277, 278, 279, 280, 281, 284, 285, 286, 287, 290, 291, 292, 295, 296, 297, 298, 301, 302, 305, 306, 307, 308, 309, 310, 313, 314, 315, 318, 319, 322, 323, 326, 327, 328, 329, 330, 333, 334, 335, 338, 339, 340, 343, 344, 345, 348, 349, 350, 353, 354, 357, 358, 359, 362, 363, 364, 365, 366, 367, 370, 371, 372, 375, 376, 377, 378, 382, 383, 384, 385, 386, 387, 388, 389, 390, 393, 394, 395, 396, 399, 400, 401, 402, 405, 406, 407, 408, 409, 410, 411, 414, 415, 416, 418, 420, 422, 427, 429, 431, 433, 435, 437, 439, 452, 454, 456, 458, 459, 460, 461, 462, 465, 468, 471, 473, 474, 475, 484, 485, 486, 487, 488, 489, 506, 507, 509, 511, 513, 515, 516, 526], "summary": {"covered_lines": 271, "num_statements": 331, "percent_covered": 72.57683215130024, "percent_covered_display": "72.6", "missing_lines": 60, "excluded_lines": 11, "num_branches": 92, "num_partial_branches": 24, "covered_branches": 36, "missing_branches": 56}, "missing_lines": [423, 424, 428, 430, 432, 434, 436, 438, 441, 443, 444, 447, 448, 449, 450, 451, 453, 455, 457, 463, 464, 466, 467, 469, 470, 472, 476, 477, 478, 479, 480, 481, 482, 483, 490, 491, 492, 493, 494, 495, 496, 497, 498, 499, 500, 501, 502, 503, 504, 505, 508, 510, 512, 514, 517, 518, 519, 520, 521, 523], "excluded_lines": [526, 527, 528, 529, 530, 531, 532, 533, 534, 535, 536], "executed_branches": [[414, 415], [414, 420], [416, 418], [422, 427], [427, 429], [429, 431], [431, 433], [433, 435], [435, 437], [437, 439], [439, 452], [452, 454], [454, 456], [456, 458], [458, 459], [458, 460], [460, 461], [460, 462], [462, 465], [465, 468], [468, 471], [471, 473], [473, 474], [473, 484], [474, 475], [484, 485], [484, 506], [485, 486], [485, 488], [488, 489], [506, 507], [507, 509], [509, 511], [511, 513], [513, 515], [515, 516]], "missing_branches": [[416, 422], [422, 423], [427, 428], [429, 430], [431, 432], [433, 434], [435, 436], [437, 438], [439, 441], [441, 443], [441, 447], [447, 448], [447, 451], [452, 453], [454, 455], [456, 457], [462, 463], [465, 466], [468, 469], [471, 472], [474, 476], [476, 477], [476, 478], [478, 479], [478, 480], [480, 481], [480, 482], [482, 483], [482, 523], [488, 490], [490, 491], [490, 492], [492, 493], [492, 494], [494, 495], [494, 496], [496, 497], [496, 498], [498, 499], [498, 500], [500, 501], [500, 502], [502, 503], [502, 504], [504, 505], [504, 523], [506, 517], [507, 508], [509, 510], [511, 512], [513, 514], [515, 523], [517, 518], [517, 520], [520, 521], [520, 523]]}}}, "src/spacetraders_bot/core/__init__.py": {"executed_lines": [1, 3, 4, 5, 6, 7, 16, 17, 18, 19, 20, 26, 27, 28, 29, 34], "summary": {"covered_lines": 15, "num_statements": 15, "percent_covered": 100.0, "percent_covered_display": "100.0", "missing_lines": 0, "excluded_lines": 0, "num_branches": 0, "num_partial_branches": 0, "covered_branches": 0, "missing_branches": 0}, "missing_lines": [], "excluded_lines": [], "executed_branches": [], "missing_branches": [], "functions": {"": {"executed_lines": [1, 3, 4, 5, 6, 7, 16, 17, 18, 19, 20, 26, 27, 28, 29, 34], "summary": {"covered_lines": 15, "num_statements": 15, "percent_covered": 100.0, "percent_covered_display": "100.0", "missing_lines": 0, "excluded_lines": 0, "num_branches": 0, "num_partial_branches": 0, "covered_branches": 0, "missing_branches": 0}, "missing_lines": [], "excluded_lines": [], "executed_branches": [], "missing_branches": []}}, "classes": {"": {"executed_lines": [1, 3, 4, 5, 6, 7, 16, 17, 18, 19, 20, 26, 27, 28, 29, 34], "summary": {"covered_lines": 15, "num_statements": 15, "percent_covered": 100.0, "percent_covered_display": "100.0", "missing_lines": 0, "excluded_lines": 0, "num_branches": 0, "num_partial_branches": 0, "covered_branches": 0, "missing_branches": 0}, "missing_lines": [], "excluded_lines": [], "executed_branches": [], "missing_branches": []}}}, "src/spacetraders_bot/core/api_client.py": {"executed_lines": [2, 7, 8, 9, 10, 12, 15, 18, 19, 20, 22, 23, 24, 25, 27, 28, 33, 34, 35, 37, 38, 44, 47, 48, 50, 51, 52, 54, 66, 67, 69, 70, 71, 72, 76, 78, 97, 99, 102, 103, 104, 108, 110, 119, 120, 121, 123, 124, 126, 127, 128, 137, 138, 151, 156, 157, 158, 166, 167, 168, 169, 178, 179, 181, 182, 190, 198, 204, 205, 206, 215, 220, 221, 317, 321, 325, 330, 335, 340, 345, 350, 355, 360, 365], "summary": {"covered_lines": 80, "num_statements": 163, "percent_covered": 46.79802955665025, "percent_covered_display": "46.8", "missing_lines": 83, "excluded_lines": 0, "num_branches": 40, "num_partial_branches": 7, "covered_branches": 15, "missing_branches": 25}, "missing_lines": [29, 30, 31, 56, 57, 59, 60, 61, 63, 100, 105, 106, 129, 130, 131, 132, 134, 135, 139, 140, 146, 171, 172, 216, 217, 218, 227, 228, 234, 235, 236, 243, 244, 245, 246, 247, 248, 253, 254, 255, 262, 263, 264, 265, 266, 267, 272, 273, 274, 282, 283, 284, 285, 286, 292, 297, 298, 305, 306, 311, 312, 319, 323, 327, 332, 333, 337, 338, 342, 343, 347, 348, 352, 353, 357, 358, 362, 363, 367, 368, 369, 370, 372], "excluded_lines": [], "executed_branches": [[99, 102], [102, 103], [102, 108], [103, 104], [123, 124], [127, 128], [156, 157], [156, 178], [166, 167], [178, 179], [178, 181], [181, 182], [181, 204], [204, 205], [215, 220]], "missing_branches": [[29, 30], [29, 31], [59, 60], [59, 63], [99, 100], [103, 105], [105, 106], [105, 108], [123, 311], [127, 129], [129, 130], [129, 131], [131, 132], [131, 134], [166, 171], [204, 227], [215, 216], [243, 244], [243, 247], [262, 263], [262, 266], [282, 283], [282, 286], [368, 369], [368, 370]], "functions": {"APIResult.message": {"executed_lines": [], "summary": {"covered_lines": 0, "num_statements": 3, "percent_covered": 0.0, "percent_covered_display": "0.0", "missing_lines": 3, "excluded_lines": 0, "num_branches": 2, "num_partial_branches": 0, "covered_branches": 0, "missing_branches": 2}, "missing_lines": [29, 30, 31], "excluded_lines": [], "executed_branches": [], "missing_branches": [[29, 30], [29, 31]]}, "APIResult.success": {"executed_lines": [35], "summary": {"covered_lines": 1, "num_statements": 1, "percent_covered": 100.0, "percent_covered_display": "100.0", "missing_lines": 0, "excluded_lines": 0, "num_branches": 0, "num_partial_branches": 0, "covered_branches": 0, "missing_branches": 0}, "missing_lines": [], "excluded_lines": [], "executed_branches": [], "missing_branches": []}, "APIResult.failure": {"executed_lines": [44], "summary": {"covered_lines": 1, "num_statements": 1, "percent_covered": 100.0, "percent_covered_display": "100.0", "missing_lines": 0, "excluded_lines": 0, "num_branches": 0, "num_partial_branches": 0, "covered_branches": 0, "missing_branches": 0}, "missing_lines": [], "excluded_lines": [], "executed_branches": [], "missing_branches": []}, "RateLimiter.__init__": {"executed_lines": [51, 52], "summary": {"covered_lines": 2, "num_statements": 2, "percent_covered": 100.0, "percent_covered_display": "100.0", "missing_lines": 0, "excluded_lines": 0, "num_branches": 0, "num_partial_branches": 0, "covered_branches": 0, "missing_branches": 0}, "missing_lines": [], "excluded_lines": [], "executed_branches": [], "missing_branches": []}, "RateLimiter.wait": {"executed_lines": [], "summary": {"covered_lines": 0, "num_statements": 6, "percent_covered": 0.0, "percent_covered_display": "0.0", "missing_lines": 6, "excluded_lines": 0, "num_branches": 2, "num_partial_branches": 0, "covered_branches": 0, "missing_branches": 2}, "missing_lines": [56, 57, 59, 60, 61, 63], "excluded_lines": [], "executed_branches": [], "missing_branches": [[59, 60], [59, 63]]}, "APIClient.__init__": {"executed_lines": [70, 71, 72, 76], "summary": {"covered_lines": 4, "num_statements": 4, "percent_covered": 100.0, "percent_covered_display": "100.0", "missing_lines": 0, "excluded_lines": 0, "num_branches": 0, "num_partial_branches": 0, "covered_branches": 0, "missing_branches": 0}, "missing_lines": [], "excluded_lines": [], "executed_branches": [], "missing_branches": []}, "APIClient.request": {"executed_lines": [97, 99, 102, 103, 104, 108], "summary": {"covered_lines": 6, "num_statements": 9, "percent_covered": 58.8235294117647, "percent_covered_display": "58.8", "missing_lines": 3, "excluded_lines": 0, "num_branches": 8, "num_partial_branches": 2, "covered_branches": 4, "missing_branches": 4}, "missing_lines": [100, 105, 106], "excluded_lines": [], "executed_branches": [[99, 102], [102, 103], [102, 108], [103, 104]], "missing_branches": [[99, 100], [103, 105], [105, 106], [105, 108]]}, "APIClient.request_result": {"executed_lines": [119, 120, 121, 123, 124, 126, 127, 128, 137, 138, 151, 156, 157, 158, 166, 167, 168, 169, 178, 179, 181, 182, 190, 198, 204, 205, 206, 215, 220, 221], "summary": {"covered_lines": 30, "num_statements": 79, "percent_covered": 39.04761904761905, "percent_covered_display": "39.0", "missing_lines": 49, "excluded_lines": 0, "num_branches": 26, "num_partial_branches": 5, "covered_branches": 11, "missing_branches": 15}, "missing_lines": [129, 130, 131, 132, 134, 135, 139, 140, 146, 171, 172, 216, 217, 218, 227, 228, 234, 235, 236, 243, 244, 245, 246, 247, 248, 253, 254, 255, 262, 263, 264, 265, 266, 267, 272, 273, 274, 282, 283, 284, 285, 286, 292, 297, 298, 305, 306, 311, 312], "excluded_lines": [], "executed_branches": [[123, 124], [127, 128], [156, 157], [156, 178], [166, 167], [178, 179], [178, 181], [181, 182], [181, 204], [204, 205], [215, 220]], "missing_branches": [[123, 311], [127, 129], [129, 130], [129, 131], [131, 132], [131, 134], [166, 171], [204, 227], [215, 216], [243, 244], [243, 247], [262, 263], [262, 266], [282, 283], [282, 286]]}, "APIClient.get": {"executed_lines": [], "summary": {"covered_lines": 0, "num_statements": 1, "percent_covered": 0.0, "percent_covered_display": "0.0", "missing_lines": 1, "excluded_lines": 0, "num_branches": 0, "num_partial_branches": 0, "covered_branches": 0, "missing_branches": 0}, "missing_lines": [319], "excluded_lines": [], "executed_branches": [], "missing_branches": []}, "APIClient.post": {"executed_lines": [], "summary": {"covered_lines": 0, "num_statements": 1, "percent_covered": 0.0, "percent_covered_display": "0.0", "missing_lines": 1, "excluded_lines": 0, "num_branches": 0, "num_partial_branches": 0, "covered_branches": 0, "missing_branches": 0}, "missing_lines": [323], "excluded_lines": [], "executed_branches": [], "missing_branches": []}, "APIClient.patch": {"executed_lines": [], "summary": {"covered_lines": 0, "num_statements": 1, "percent_covered": 0.0, "percent_covered_display": "0.0", "missing_lines": 1, "excluded_lines": 0, "num_branches": 0, "num_partial_branches": 0, "covered_branches": 0, "missing_branches": 0}, "missing_lines": [327], "excluded_lines": [], "executed_branches": [], "missing_branches": []}, "APIClient.get_agent": {"executed_lines": [], "summary": {"covered_lines": 0, "num_statements": 2, "percent_covered": 0.0, "percent_covered_display": "0.0", "missing_lines": 2, "excluded_lines": 0, "num_branches": 0, "num_partial_branches": 0, "covered_branches": 0, "missing_branches": 0}, "missing_lines": [332, 333], "excluded_lines": [], "executed_branches": [], "missing_branches": []}, "APIClient.get_ship": {"executed_lines": [], "summary": {"covered_lines": 0, "num_statements": 2, "percent_covered": 0.0, "percent_covered_display": "0.0", "missing_lines": 2, "excluded_lines": 0, "num_branches": 0, "num_partial_branches": 0, "covered_branches": 0, "missing_branches": 0}, "missing_lines": [337, 338], "excluded_lines": [], "executed_branches": [], "missing_branches": []}, "APIClient.list_ships": {"executed_lines": [], "summary": {"covered_lines": 0, "num_statements": 2, "percent_covered": 0.0, "percent_covered_display": "0.0", "missing_lines": 2, "excluded_lines": 0, "num_branches": 0, "num_partial_branches": 0, "covered_branches": 0, "missing_branches": 0}, "missing_lines": [342, 343], "excluded_lines": [], "executed_branches": [], "missing_branches": []}, "APIClient.get_contract": {"executed_lines": [], "summary": {"covered_lines": 0, "num_statements": 2, "percent_covered": 0.0, "percent_covered_display": "0.0", "missing_lines": 2, "excluded_lines": 0, "num_branches": 0, "num_partial_branches": 0, "covered_branches": 0, "missing_branches": 0}, "missing_lines": [347, 348], "excluded_lines": [], "executed_branches": [], "missing_branches": []}, "APIClient.list_contracts": {"executed_lines": [], "summary": {"covered_lines": 0, "num_statements": 2, "percent_covered": 0.0, "percent_covered_display": "0.0", "missing_lines": 2, "excluded_lines": 0, "num_branches": 0, "num_partial_branches": 0, "covered_branches": 0, "missing_branches": 0}, "missing_lines": [352, 353], "excluded_lines": [], "executed_branches": [], "missing_branches": []}, "APIClient.get_market": {"executed_lines": [], "summary": {"covered_lines": 0, "num_statements": 2, "percent_covered": 0.0, "percent_covered_display": "0.0", "missing_lines": 2, "excluded_lines": 0, "num_branches": 0, "num_partial_branches": 0, "covered_branches": 0, "missing_branches": 0}, "missing_lines": [357, 358], "excluded_lines": [], "executed_branches": [], "missing_branches": []}, "APIClient.get_waypoint": {"executed_lines": [], "summary": {"covered_lines": 0, "num_statements": 2, "percent_covered": 0.0, "percent_covered_display": "0.0", "missing_lines": 2, "excluded_lines": 0, "num_branches": 0, "num_partial_branches": 0, "covered_branches": 0, "missing_branches": 0}, "missing_lines": [362, 363], "excluded_lines": [], "executed_branches": [], "missing_branches": []}, "APIClient.list_waypoints": {"executed_lines": [], "summary": {"covered_lines": 0, "num_statements": 5, "percent_covered": 0.0, "percent_covered_display": "0.0", "missing_lines": 5, "excluded_lines": 0, "num_branches": 2, "num_partial_branches": 0, "covered_branches": 0, "missing_branches": 2}, "missing_lines": [367, 368, 369, 370, 372], "excluded_lines": [], "executed_branches": [], "missing_branches": [[368, 369], [368, 370]]}, "": {"executed_lines": [2, 7, 8, 9, 10, 12, 15, 18, 19, 20, 22, 23, 24, 25, 27, 28, 33, 34, 37, 38, 47, 48, 50, 54, 66, 67, 69, 78, 110, 317, 321, 325, 330, 335, 340, 345, 350, 355, 360, 365], "summary": {"covered_lines": 36, "num_statements": 36, "percent_covered": 100.0, "percent_covered_display": "100.0", "missing_lines": 0, "excluded_lines": 0, "num_branches": 0, "num_partial_branches": 0, "covered_branches": 0, "missing_branches": 0}, "missing_lines": [], "excluded_lines": [], "executed_branches": [], "missing_branches": []}}, "classes": {"APIResult": {"executed_lines": [35, 44], "summary": {"covered_lines": 2, "num_statements": 5, "percent_covered": 28.571428571428573, "percent_covered_display": "28.6", "missing_lines": 3, "excluded_lines": 0, "num_branches": 2, "num_partial_branches": 0, "covered_branches": 0, "missing_branches": 2}, "missing_lines": [29, 30, 31], "excluded_lines": [], "executed_branches": [], "missing_branches": [[29, 30], [29, 31]]}, "RateLimiter": {"executed_lines": [51, 52], "summary": {"covered_lines": 2, "num_statements": 8, "percent_covered": 20.0, "percent_covered_display": "20.0", "missing_lines": 6, "excluded_lines": 0, "num_branches": 2, "num_partial_branches": 0, "covered_branches": 0, "missing_branches": 2}, "missing_lines": [56, 57, 59, 60, 61, 63], "excluded_lines": [], "executed_branches": [], "missing_branches": [[59, 60], [59, 63]]}, "APIClient": {"executed_lines": [70, 71, 72, 76, 97, 99, 102, 103, 104, 108, 119, 120, 121, 123, 124, 126, 127, 128, 137, 138, 151, 156, 157, 158, 166, 167, 168, 169, 178, 179, 181, 182, 190, 198, 204, 205, 206, 215, 220, 221], "summary": {"covered_lines": 40, "num_statements": 114, "percent_covered": 36.666666666666664, "percent_covered_display": "36.7", "missing_lines": 74, "excluded_lines": 0, "num_branches": 36, "num_partial_branches": 7, "covered_branches": 15, "missing_branches": 21}, "missing_lines": [100, 105, 106, 129, 130, 131, 132, 134, 135, 139, 140, 146, 171, 172, 216, 217, 218, 227, 228, 234, 235, 236, 243, 244, 245, 246, 247, 248, 253, 254, 255, 262, 263, 264, 265, 266, 267, 272, 273, 274, 282, 283, 284, 285, 286, 292, 297, 298, 305, 306, 311, 312, 319, 323, 327, 332, 333, 337, 338, 342, 343, 347, 348, 352, 353, 357, 358, 362, 363, 367, 368, 369, 370, 372], "excluded_lines": [], "executed_branches": [[99, 102], [102, 103], [102, 108], [103, 104], [123, 124], [127, 128], [156, 157], [156, 178], [166, 167], [178, 179], [178, 181], [181, 182], [181, 204], [204, 205], [215, 220]], "missing_branches": [[99, 100], [103, 105], [105, 106], [105, 108], [123, 311], [127, 129], [129, 130], [129, 131], [131, 132], [131, 134], [166, 171], [204, 227], [215, 216], [243, 244], [243, 247], [262, 263], [262, 266], [282, 283], [282, 286], [368, 369], [368, 370]]}, "": {"executed_lines": [2, 7, 8, 9, 10, 12, 15, 18, 19, 20, 22, 23, 24, 25, 27, 28, 33, 34, 37, 38, 47, 48, 50, 54, 66, 67, 69, 78, 110, 317, 321, 325, 330, 335, 340, 345, 350, 355, 360, 365], "summary": {"covered_lines": 36, "num_statements": 36, "percent_covered": 100.0, "percent_covered_display": "100.0", "missing_lines": 0, "excluded_lines": 0, "num_branches": 0, "num_partial_branches": 0, "covered_branches": 0, "missing_branches": 0}, "missing_lines": [], "excluded_lines": [], "executed_branches": [], "missing_branches": []}}}, "src/spacetraders_bot/core/daemon_manager.py": {"executed_lines": [2, 10, 11, 12, 13, 14, 15, 17, 18, 21, 22, 40, 54, 56, 57, 58, 59, 60, 62, 63, 64, 67, 68, 69, 70, 71, 76, 78, 80, 81, 83, 86, 87, 95, 112, 113, 117, 130, 134, 135, 139, 142, 143, 146, 156, 157, 167, 168, 169, 171, 173, 175, 176, 178, 179, 180, 181, 182, 183, 186, 188, 190, 192, 193, 194, 196, 214, 218, 219, 221, 223, 225, 229, 240, 241, 245, 247, 252, 253, 254, 255, 256, 257, 258, 266, 271, 282, 284, 286, 287, 291, 299, 301, 302, 304, 306, 307, 308, 320, 327, 329, 332, 333, 334, 335, 336, 338, 339, 340, 341, 342, 343, 346, 347, 352, 367, 381, 403, 422, 460], "summary": {"covered_lines": 118, "num_statements": 213, "percent_covered": 50.583657587548636, "percent_covered_display": "50.6", "missing_lines": 95, "excluded_lines": 39, "num_branches": 44, "num_partial_branches": 10, "covered_branches": 12, "missing_branches": 32}, "missing_lines": [73, 74, 106, 108, 109, 110, 115, 131, 132, 215, 227, 242, 243, 248, 249, 250, 259, 260, 261, 262, 263, 264, 273, 274, 275, 276, 278, 279, 280, 285, 288, 289, 293, 310, 311, 312, 313, 315, 316, 317, 318, 330, 349, 350, 369, 370, 371, 373, 374, 375, 376, 377, 379, 383, 385, 386, 387, 389, 391, 392, 393, 396, 397, 398, 400, 401, 405, 407, 408, 410, 411, 413, 415, 416, 417, 419, 429, 430, 431, 433, 434, 435, 436, 439, 440, 441, 444, 445, 446, 448, 449, 450, 451, 454, 455], "excluded_lines": [460, 462, 464, 465, 468, 469, 470, 473, 474, 477, 478, 481, 484, 485, 486, 489, 491, 493, 495, 496, 498, 499, 501, 502, 503, 504, 505, 506, 508, 509, 510, 511, 512, 515, 516, 518, 519, 521, 522], "executed_branches": [[69, 70], [130, 134], [214, 218], [221, 223], [223, 225], [241, 245], [247, 252], [284, 286], [307, 308], [329, 332], [340, 341], [340, 352]], "missing_branches": [[69, 73], [106, 108], [106, 110], [130, 131], [214, 215], [221, 227], [223, 227], [241, 242], [247, 248], [284, 285], [307, 310], [311, 312], [311, 315], [316, 317], [316, 318], [329, 330], [373, 374], [373, 379], [376, 373], [376, 377], [385, 386], [385, 389], [391, 392], [391, 396], [410, 411], [410, 419], [413, 410], [413, 415], [431, 433], [431, 439], [446, 448], [446, 454]], "functions": {"DaemonManager.__init__": {"executed_lines": [54, 56, 57, 58, 59, 60, 62, 63, 64, 67, 68, 69, 70, 71, 76], "summary": {"covered_lines": 15, "num_statements": 17, "percent_covered": 84.21052631578948, "percent_covered_display": "84.2", "missing_lines": 2, "excluded_lines": 0, "num_branches": 2, "num_partial_branches": 1, "covered_branches": 1, "missing_branches": 1}, "missing_lines": [73, 74], "excluded_lines": [], "executed_branches": [[69, 70]], "missing_branches": [[69, 73]]}, "DaemonManager._fetch_daemon": {"executed_lines": [80, 81], "summary": {"covered_lines": 2, "num_statements": 2, "percent_covered": 100.0, "percent_covered_display": "100.0", "missing_lines": 0, "excluded_lines": 0, "num_branches": 0, "num_partial_branches": 0, "covered_branches": 0, "missing_branches": 0}, "missing_lines": [], "excluded_lines": [], "executed_branches": [], "missing_branches": []}, "DaemonManager._update_daemon_status": {"executed_lines": [86, 87], "summary": {"covered_lines": 2, "num_statements": 2, "percent_covered": 100.0, "percent_covered_display": "100.0", "missing_lines": 0, "excluded_lines": 0, "num_branches": 0, "num_partial_branches": 0, "covered_branches": 0, "missing_branches": 0}, "missing_lines": [], "excluded_lines": [], "executed_branches": [], "missing_branches": []}, "DaemonManager.get_api_client": {"executed_lines": [], "summary": {"covered_lines": 0, "num_statements": 4, "percent_covered": 0.0, "percent_covered_display": "0.0", "missing_lines": 4, "excluded_lines": 0, "num_branches": 2, "num_partial_branches": 0, "covered_branches": 0, "missing_branches": 2}, "missing_lines": [106, 108, 109, 110], "excluded_lines": [], "executed_branches": [], "missing_branches": [[106, 108], [106, 110]]}, "DaemonManager.api": {"executed_lines": [], "summary": {"covered_lines": 0, "num_statements": 1, "percent_covered": 0.0, "percent_covered_display": "0.0", "missing_lines": 1, "excluded_lines": 0, "num_branches": 0, "num_partial_branches": 0, "covered_branches": 0, "missing_branches": 0}, "missing_lines": [115], "excluded_lines": [], "executed_branches": [], "missing_branches": []}, "DaemonManager.start": {"executed_lines": [130, 134, 135, 139, 142, 143, 146, 156, 157, 167, 168, 169, 171], "summary": {"covered_lines": 13, "num_statements": 15, "percent_covered": 82.3529411764706, "percent_covered_display": "82.4", "missing_lines": 2, "excluded_lines": 0, "num_branches": 2, "num_partial_branches": 1, "covered_branches": 1, "missing_branches": 1}, "missing_lines": [131, 132], "excluded_lines": [], "executed_branches": [[130, 134]], "missing_branches": [[130, 131]]}, "DaemonManager._prepare_log_files": {"executed_lines": [175, 176, 178, 179, 180, 181, 182, 183, 186, 188], "summary": {"covered_lines": 10, "num_statements": 10, "percent_covered": 100.0, "percent_covered_display": "100.0", "missing_lines": 0, "excluded_lines": 0, "num_branches": 0, "num_partial_branches": 0, "covered_branches": 0, "missing_branches": 0}, "missing_lines": [], "excluded_lines": [], "executed_branches": [], "missing_branches": []}, "DaemonManager._open_log_streams": {"executed_lines": [192, 193, 194], "summary": {"covered_lines": 3, "num_statements": 3, "percent_covered": 100.0, "percent_covered_display": "100.0", "missing_lines": 0, "excluded_lines": 0, "num_branches": 0, "num_partial_branches": 0, "covered_branches": 0, "missing_branches": 0}, "missing_lines": [], "excluded_lines": [], "executed_branches": [], "missing_branches": []}, "DaemonManager._inject_python_no_cache_flag": {"executed_lines": [214, 218, 219, 221, 223, 225], "summary": {"covered_lines": 6, "num_statements": 8, "percent_covered": 64.28571428571429, "percent_covered_display": "64.3", "missing_lines": 2, "excluded_lines": 0, "num_branches": 6, "num_partial_branches": 3, "covered_branches": 3, "missing_branches": 3}, "missing_lines": [215, 227], "excluded_lines": [], "executed_branches": [[214, 218], [221, 223], [223, 225]], "missing_branches": [[214, 215], [221, 227], [223, 227]]}, "DaemonManager.stop": {"executed_lines": [240, 241, 245, 247, 252, 253, 254, 255, 256, 257, 258, 266, 271], "summary": {"covered_lines": 13, "num_statements": 31, "percent_covered": 42.857142857142854, "percent_covered_display": "42.9", "missing_lines": 18, "excluded_lines": 0, "num_branches": 4, "num_partial_branches": 2, "covered_branches": 2, "missing_branches": 2}, "missing_lines": [242, 243, 248, 249, 250, 259, 260, 261, 262, 263, 264, 273, 274, 275, 276, 278, 279, 280], "excluded_lines": [], "executed_branches": [[241, 245], [247, 252]], "missing_branches": [[241, 242], [247, 248]]}, "DaemonManager._fetch_process": {"executed_lines": [284, 286, 287], "summary": {"covered_lines": 3, "num_statements": 6, "percent_covered": 50.0, "percent_covered_display": "50.0", "missing_lines": 3, "excluded_lines": 0, "num_branches": 2, "num_partial_branches": 1, "covered_branches": 1, "missing_branches": 1}, "missing_lines": [285, 288, 289], "excluded_lines": [], "executed_branches": [[284, 286]], "missing_branches": [[284, 285]]}, "DaemonManager._mark_crashed": {"executed_lines": [], "summary": {"covered_lines": 0, "num_statements": 1, "percent_covered": 0.0, "percent_covered_display": "0.0", "missing_lines": 1, "excluded_lines": 0, "num_branches": 0, "num_partial_branches": 0, "covered_branches": 0, "missing_branches": 0}, "missing_lines": [293], "excluded_lines": [], "executed_branches": [], "missing_branches": []}, "DaemonManager.get_pid": {"executed_lines": [301, 302], "summary": {"covered_lines": 2, "num_statements": 2, "percent_covered": 100.0, "percent_covered_display": "100.0", "missing_lines": 0, "excluded_lines": 0, "num_branches": 0, "num_partial_branches": 0, "covered_branches": 0, "missing_branches": 0}, "missing_lines": [], "excluded_lines": [], "executed_branches": [], "missing_branches": []}, "DaemonManager.is_running": {"executed_lines": [306, 307, 308], "summary": {"covered_lines": 3, "num_statements": 11, "percent_covered": 23.529411764705884, "percent_covered_display": "23.5", "missing_lines": 8, "excluded_lines": 0, "num_branches": 6, "num_partial_branches": 1, "covered_branches": 1, "missing_branches": 5}, "missing_lines": [310, 311, 312, 313, 315, 316, 317, 318], "excluded_lines": [], "executed_branches": [[307, 308]], "missing_branches": [[307, 310], [311, 312], [311, 315], [316, 317], [316, 318]]}, "DaemonManager.status": {"executed_lines": [327, 329, 332, 333, 334, 335, 336, 338, 339, 340, 341, 342, 343, 346, 347, 352], "summary": {"covered_lines": 16, "num_statements": 19, "percent_covered": 82.6086956521739, "percent_covered_display": "82.6", "missing_lines": 3, "excluded_lines": 0, "num_branches": 4, "num_partial_branches": 1, "covered_branches": 3, "missing_branches": 1}, "missing_lines": [330, 349, 350], "excluded_lines": [], "executed_branches": [[329, 332], [340, 341], [340, 352]], "missing_branches": [[329, 330]]}, "DaemonManager.list_all": {"executed_lines": [], "summary": {"covered_lines": 0, "num_statements": 9, "percent_covered": 0.0, "percent_covered_display": "0.0", "missing_lines": 9, "excluded_lines": 0, "num_branches": 4, "num_partial_branches": 0, "covered_branches": 0, "missing_branches": 4}, "missing_lines": [369, 370, 371, 373, 374, 375, 376, 377, 379], "excluded_lines": [], "executed_branches": [], "missing_branches": [[373, 374], [373, 379], [376, 373], [376, 377]]}, "DaemonManager.tail_logs": {"executed_lines": [], "summary": {"covered_lines": 0, "num_statements": 13, "percent_covered": 0.0, "percent_covered_display": "0.0", "missing_lines": 13, "excluded_lines": 0, "num_branches": 4, "num_partial_branches": 0, "covered_branches": 0, "missing_branches": 4}, "missing_lines": [383, 385, 386, 387, 389, 391, 392, 393, 396, 397, 398, 400, 401], "excluded_lines": [], "executed_branches": [], "missing_branches": [[385, 386], [385, 389], [391, 392], [391, 396]]}, "DaemonManager.cleanup_stopped": {"executed_lines": [], "summary": {"covered_lines": 0, "num_statements": 10, "percent_covered": 0.0, "percent_covered_display": "0.0", "missing_lines": 10, "excluded_lines": 0, "num_branches": 4, "num_partial_branches": 0, "covered_branches": 0, "missing_branches": 4}, "missing_lines": [405, 407, 408, 410, 411, 413, 415, 416, 417, 419], "excluded_lines": [], "executed_branches": [], "missing_branches": [[410, 411], [410, 419], [413, 410], [413, 415]]}, "daemonize_current_process": {"executed_lines": [], "summary": {"covered_lines": 0, "num_statements": 19, "percent_covered": 0.0, "percent_covered_display": "0.0", "missing_lines": 19, "excluded_lines": 0, "num_branches": 4, "num_partial_branches": 0, "covered_branches": 0, "missing_branches": 4}, "missing_lines": [429, 430, 431, 433, 434, 435, 436, 439, 440, 441, 444, 445, 446, 448, 449, 450, 451, 454, 455], "excluded_lines": [], "executed_branches": [], "missing_branches": [[431, 433], [431, 439], [446, 448], [446, 454]]}, "": {"executed_lines": [2, 10, 11, 12, 13, 14, 15, 17, 18, 21, 22, 40, 78, 83, 95, 112, 113, 117, 173, 190, 196, 229, 282, 291, 299, 304, 320, 367, 381, 403, 422, 460], "summary": {"covered_lines": 30, "num_statements": 30, "percent_covered": 100.0, "percent_covered_display": "100.0", "missing_lines": 0, "excluded_lines": 39, "num_branches": 0, "num_partial_branches": 0, "covered_branches": 0, "missing_branches": 0}, "missing_lines": [], "excluded_lines": [460, 462, 464, 465, 468, 469, 470, 473, 474, 477, 478, 481, 484, 485, 486, 489, 491, 493, 495, 496, 498, 499, 501, 502, 503, 504, 505, 506, 508, 509, 510, 511, 512, 515, 516, 518, 519, 521, 522], "executed_branches": [], "missing_branches": []}}, "classes": {"DaemonManager": {"executed_lines": [54, 56, 57, 58, 59, 60, 62, 63, 64, 67, 68, 69, 70, 71, 76, 80, 81, 86, 87, 130, 134, 135, 139, 142, 143, 146, 156, 157, 167, 168, 169, 171, 175, 176, 178, 179, 180, 181, 182, 183, 186, 188, 192, 193, 194, 214, 218, 219, 221, 223, 225, 240, 241, 245, 247, 252, 253, 254, 255, 256, 257, 258, 266, 271, 284, 286, 287, 301, 302, 306, 307, 308, 327, 329, 332, 333, 334, 335, 336, 338, 339, 340, 341, 342, 343, 346, 347, 352], "summary": {"covered_lines": 88, "num_statements": 164, "percent_covered": 49.01960784313726, "percent_covered_display": "49.0", "missing_lines": 76, "excluded_lines": 0, "num_branches": 40, "num_partial_branches": 10, "covered_branches": 12, "missing_branches": 28}, "missing_lines": [73, 74, 106, 108, 109, 110, 115, 131, 132, 215, 227, 242, 243, 248, 249, 250, 259, 260, 261, 262, 263, 264, 273, 274, 275, 276, 278, 279, 280, 285, 288, 289, 293, 310, 311, 312, 313, 315, 316, 317, 318, 330, 349, 350, 369, 370, 371, 373, 374, 375, 376, 377, 379, 383, 385, 386, 387, 389, 391, 392, 393, 396, 397, 398, 400, 401, 405, 407, 408, 410, 411, 413, 415, 416, 417, 419], "excluded_lines": [], "executed_branches": [[69, 70], [130, 134], [214, 218], [221, 223], [223, 225], [241, 245], [247, 252], [284, 286], [307, 308], [329, 332], [340, 341], [340, 352]], "missing_branches": [[69, 73], [106, 108], [106, 110], [130, 131], [214, 215], [221, 227], [223, 227], [241, 242], [247, 248], [284, 285], [307, 310], [311, 312], [311, 315], [316, 317], [316, 318], [329, 330], [373, 374], [373, 379], [376, 373], [376, 377], [385, 386], [385, 389], [391, 392], [391, 396], [410, 411], [410, 419], [413, 410], [413, 415]]}, "": {"executed_lines": [2, 10, 11, 12, 13, 14, 15, 17, 18, 21, 22, 40, 78, 83, 95, 112, 113, 117, 173, 190, 196, 229, 282, 291, 299, 304, 320, 367, 381, 403, 422, 460], "summary": {"covered_lines": 30, "num_statements": 49, "percent_covered": 56.60377358490566, "percent_covered_display": "56.6", "missing_lines": 19, "excluded_lines": 39, "num_branches": 4, "num_partial_branches": 0, "covered_branches": 0, "missing_branches": 4}, "missing_lines": [429, 430, 431, 433, 434, 435, 436, 439, 440, 441, 444, 445, 446, 448, 449, 450, 451, 454, 455], "excluded_lines": [460, 462, 464, 465, 468, 469, 470, 473, 474, 477, 478, 481, 484, 485, 486, 489, 491, 493, 495, 496, 498, 499, 501, 502, 503, 504, 505, 506, 508, 509, 510, 511, 512, 515, 516, 518, 519, 521, 522], "executed_branches": [], "missing_branches": [[431, 433], [431, 439], [446, 448], [446, 454]]}}}, "src/spacetraders_bot/core/database.py": {"executed_lines": [2, 17, 18, 19, 20, 21, 22, 23, 25, 28, 31, 33, 36, 37, 49, 56, 57, 60, 62, 64, 66, 73, 76, 79, 81, 83, 85, 86, 91, 102, 110, 127, 132, 137, 145, 161, 166, 171, 179, 191, 204, 209, 217, 228, 233, 238, 246, 262, 267, 272, 280, 296, 301, 306, 311, 319, 332, 337, 342, 344, 345, 354, 355, 356, 357, 363, 365, 366, 374, 375, 376, 378, 384, 398, 400, 401, 411, 412, 414, 430, 432, 434, 438, 439, 440, 441, 442, 443, 446, 463, 475, 529, 547, 564, 589, 604, 608, 610, 616, 618, 621, 623, 624, 636, 638, 640, 642, 646, 647, 648, 649, 650, 651, 652, 654, 679, 693, 739, 742, 744, 748, 749, 750, 753, 761, 777, 803, 821, 838, 872, 916, 954, 976, 979, 983, 984, 986, 987, 989], "summary": {"covered_lines": 138, "num_statements": 278, "percent_covered": 43.75, "percent_covered_display": "43.8", "missing_lines": 140, "excluded_lines": 0, "num_branches": 58, "num_partial_branches": 5, "covered_branches": 9, "missing_branches": 49}, "missing_lines": [358, 359, 360, 361, 416, 418, 422, 423, 424, 425, 426, 427, 428, 444, 448, 450, 454, 455, 456, 457, 458, 459, 461, 465, 467, 493, 496, 502, 504, 505, 506, 509, 510, 527, 532, 534, 545, 550, 552, 556, 557, 558, 559, 560, 561, 562, 567, 569, 570, 575, 580, 581, 582, 583, 584, 585, 587, 591, 593, 598, 630, 657, 659, 660, 665, 670, 671, 672, 673, 674, 675, 677, 681, 683, 687, 700, 701, 704, 713, 714, 717, 718, 729, 730, 737, 751, 755, 757, 759, 764, 766, 771, 782, 784, 801, 807, 809, 810, 815, 819, 826, 828, 836, 844, 846, 847, 849, 850, 851, 853, 854, 855, 857, 858, 859, 861, 862, 864, 866, 887, 890, 891, 894, 895, 901, 907, 908, 909, 914, 934, 937, 938, 939, 941, 952, 965, 967, 968, 970, 972], "excluded_lines": [], "executed_branches": [[439, 440], [441, 442], [623, 624], [647, 648], [647, 652], [649, 650], [749, 750], [986, 987], [986, 989]], "missing_branches": [[423, 424], [423, 428], [425, 426], [425, 427], [439, 444], [441, 443], [455, 456], [455, 461], [457, 458], [457, 459], [504, 505], [504, 509], [557, 558], [557, 562], [559, 560], [559, 561], [569, 570], [569, 575], [581, 582], [581, 587], [583, 584], [583, 585], [623, 630], [649, 651], [659, 660], [659, 665], [671, 672], [671, 677], [673, 674], [673, 675], [717, 718], [717, 729], [729, 730], [729, 737], [749, 751], [809, 810], [809, 815], [849, 850], [849, 853], [853, 854], [853, 857], [857, 858], [857, 861], [894, 895], [894, 901], [908, 909], [908, 914], [967, 968], [967, 970]], "functions": {"_now_iso": {"executed_lines": [33], "summary": {"covered_lines": 1, "num_statements": 1, "percent_covered": 100.0, "percent_covered_display": "100.0", "missing_lines": 0, "excluded_lines": 0, "num_branches": 0, "num_partial_branches": 0, "covered_branches": 0, "missing_branches": 0}, "missing_lines": [], "excluded_lines": [], "executed_branches": [], "missing_branches": []}, "Database.__init__": {"executed_lines": [56, 57, 60, 62], "summary": {"covered_lines": 4, "num_statements": 4, "percent_covered": 100.0, "percent_covered_display": "100.0", "missing_lines": 0, "excluded_lines": 0, "num_branches": 0, "num_partial_branches": 0, "covered_branches": 0, "missing_branches": 0}, "missing_lines": [], "excluded_lines": [], "executed_branches": [], "missing_branches": []}, "Database._get_connection": {"executed_lines": [66, 73, 76, 79, 81], "summary": {"covered_lines": 5, "num_statements": 5, "percent_covered": 100.0, "percent_covered_display": "100.0", "missing_lines": 0, "excluded_lines": 0, "num_branches": 0, "num_partial_branches": 0, "covered_branches": 0, "missing_branches": 0}, "missing_lines": [], "excluded_lines": [], "executed_branches": [], "missing_branches": []}, "Database._init_database": {"executed_lines": [85, 86, 91, 102, 110, 127, 132, 137, 145, 161, 166, 171, 179, 191, 204, 209, 217, 228, 233, 238, 246, 262, 267, 272, 280, 296, 301, 306, 311, 319, 332, 337, 342], "summary": {"covered_lines": 33, "num_statements": 33, "percent_covered": 100.0, "percent_covered_display": "100.0", "missing_lines": 0, "excluded_lines": 0, "num_branches": 0, "num_partial_branches": 0, "covered_branches": 0, "missing_branches": 0}, "missing_lines": [], "excluded_lines": [], "executed_branches": [], "missing_branches": []}, "Database.transaction": {"executed_lines": [354, 355, 356, 357, 363], "summary": {"covered_lines": 5, "num_statements": 9, "percent_covered": 55.55555555555556, "percent_covered_display": "55.6", "missing_lines": 4, "excluded_lines": 0, "num_branches": 0, "num_partial_branches": 0, "covered_branches": 0, "missing_branches": 0}, "missing_lines": [358, 359, 360, 361], "excluded_lines": [], "executed_branches": [], "missing_branches": []}, "Database.connection": {"executed_lines": [374, 375, 376, 378], "summary": {"covered_lines": 4, "num_statements": 4, "percent_covered": 100.0, "percent_covered_display": "100.0", "missing_lines": 0, "excluded_lines": 0, "num_branches": 0, "num_partial_branches": 0, "covered_branches": 0, "missing_branches": 0}, "missing_lines": [], "excluded_lines": [], "executed_branches": [], "missing_branches": []}, "Database.create_player": {"executed_lines": [398, 400, 401, 411, 412], "summary": {"covered_lines": 5, "num_statements": 5, "percent_covered": 100.0, "percent_covered_display": "100.0", "missing_lines": 0, "excluded_lines": 0, "num_branches": 0, "num_partial_branches": 0, "covered_branches": 0, "missing_branches": 0}, "missing_lines": [], "excluded_lines": [], "executed_branches": [], "missing_branches": []}, "Database.get_player": {"executed_lines": [], "summary": {"covered_lines": 0, "num_statements": 9, "percent_covered": 0.0, "percent_covered_display": "0.0", "missing_lines": 9, "excluded_lines": 0, "num_branches": 4, "num_partial_branches": 0, "covered_branches": 0, "missing_branches": 4}, "missing_lines": [416, 418, 422, 423, 424, 425, 426, 427, 428], "excluded_lines": [], "executed_branches": [], "missing_branches": [[423, 424], [423, 428], [425, 426], [425, 427]]}, "Database.get_player_by_id": {"executed_lines": [432, 434, 438, 439, 440, 441, 442, 443], "summary": {"covered_lines": 8, "num_statements": 9, "percent_covered": 76.92307692307692, "percent_covered_display": "76.9", "missing_lines": 1, "excluded_lines": 0, "num_branches": 4, "num_partial_branches": 2, "covered_branches": 2, "missing_branches": 2}, "missing_lines": [444], "excluded_lines": [], "executed_branches": [[439, 440], [441, 442]], "missing_branches": [[439, 444], [441, 443]]}, "Database.list_players": {"executed_lines": [], "summary": {"covered_lines": 0, "num_statements": 9, "percent_covered": 0.0, "percent_covered_display": "0.0", "missing_lines": 9, "excluded_lines": 0, "num_branches": 4, "num_partial_branches": 0, "covered_branches": 0, "missing_branches": 4}, "missing_lines": [448, 450, 454, 455, 456, 457, 458, 459, 461], "excluded_lines": [], "executed_branches": [], "missing_branches": [[455, 456], [455, 461], [457, 458], [457, 459]]}, "Database.update_player_activity": {"executed_lines": [], "summary": {"covered_lines": 0, "num_statements": 2, "percent_covered": 0.0, "percent_covered_display": "0.0", "missing_lines": 2, "excluded_lines": 0, "num_branches": 0, "num_partial_branches": 0, "covered_branches": 0, "missing_branches": 0}, "missing_lines": [465, 467], "excluded_lines": [], "executed_branches": [], "missing_branches": []}, "Database.assign_ship": {"executed_lines": [], "summary": {"covered_lines": 0, "num_statements": 9, "percent_covered": 0.0, "percent_covered_display": "0.0", "missing_lines": 9, "excluded_lines": 0, "num_branches": 2, "num_partial_branches": 0, "covered_branches": 0, "missing_branches": 2}, "missing_lines": [493, 496, 502, 504, 505, 506, 509, 510, 527], "excluded_lines": [], "executed_branches": [], "missing_branches": [[504, 505], [504, 509]]}, "Database.release_ship": {"executed_lines": [], "summary": {"covered_lines": 0, "num_statements": 3, "percent_covered": 0.0, "percent_covered_display": "0.0", "missing_lines": 3, "excluded_lines": 0, "num_branches": 0, "num_partial_branches": 0, "covered_branches": 0, "missing_branches": 0}, "missing_lines": [532, 534, 545], "excluded_lines": [], "executed_branches": [], "missing_branches": []}, "Database.get_ship_assignment": {"executed_lines": [], "summary": {"covered_lines": 0, "num_statements": 9, "percent_covered": 0.0, "percent_covered_display": "0.0", "missing_lines": 9, "excluded_lines": 0, "num_branches": 4, "num_partial_branches": 0, "covered_branches": 0, "missing_branches": 4}, "missing_lines": [550, 552, 556, 557, 558, 559, 560, 561, 562], "excluded_lines": [], "executed_branches": [], "missing_branches": [[557, 558], [557, 562], [559, 560], [559, 561]]}, "Database.list_ship_assignments": {"executed_lines": [], "summary": {"covered_lines": 0, "num_statements": 11, "percent_covered": 0.0, "percent_covered_display": "0.0", "missing_lines": 11, "excluded_lines": 0, "num_branches": 6, "num_partial_branches": 0, "covered_branches": 0, "missing_branches": 6}, "missing_lines": [567, 569, 570, 575, 580, 581, 582, 583, 584, 585, 587], "excluded_lines": [], "executed_branches": [], "missing_branches": [[569, 570], [569, 575], [581, 582], [581, 587], [583, 584], [583, 585]]}, "Database.find_available_ships": {"executed_lines": [], "summary": {"covered_lines": 0, "num_statements": 3, "percent_covered": 0.0, "percent_covered_display": "0.0", "missing_lines": 3, "excluded_lines": 0, "num_branches": 0, "num_partial_branches": 0, "covered_branches": 0, "missing_branches": 0}, "missing_lines": [591, 593, 598], "excluded_lines": [], "executed_branches": [], "missing_branches": []}, "Database.create_daemon": {"executed_lines": [608, 610, 616], "summary": {"covered_lines": 3, "num_statements": 3, "percent_covered": 100.0, "percent_covered_display": "100.0", "missing_lines": 0, "excluded_lines": 0, "num_branches": 0, "num_partial_branches": 0, "covered_branches": 0, "missing_branches": 0}, "missing_lines": [], "excluded_lines": [], "executed_branches": [], "missing_branches": []}, "Database.update_daemon_status": {"executed_lines": [621, 623, 624, 636], "summary": {"covered_lines": 4, "num_statements": 5, "percent_covered": 71.42857142857143, "percent_covered_display": "71.4", "missing_lines": 1, "excluded_lines": 0, "num_branches": 2, "num_partial_branches": 1, "covered_branches": 1, "missing_branches": 1}, "missing_lines": [630], "excluded_lines": [], "executed_branches": [[623, 624]], "missing_branches": [[623, 630]]}, "Database.get_daemon": {"executed_lines": [640, 642, 646, 647, 648, 649, 650, 651, 652], "summary": {"covered_lines": 9, "num_statements": 9, "percent_covered": 92.3076923076923, "percent_covered_display": "92.3", "missing_lines": 0, "excluded_lines": 0, "num_branches": 4, "num_partial_branches": 1, "covered_branches": 3, "missing_branches": 1}, "missing_lines": [], "excluded_lines": [], "executed_branches": [[647, 648], [647, 652], [649, 650]], "missing_branches": [[649, 651]]}, "Database.list_daemons": {"executed_lines": [], "summary": {"covered_lines": 0, "num_statements": 11, "percent_covered": 0.0, "percent_covered_display": "0.0", "missing_lines": 11, "excluded_lines": 0, "num_branches": 6, "num_partial_branches": 0, "covered_branches": 0, "missing_branches": 6}, "missing_lines": [657, 659, 660, 665, 670, 671, 672, 673, 674, 675, 677], "excluded_lines": [], "executed_branches": [], "missing_branches": [[659, 660], [659, 665], [671, 672], [671, 677], [673, 674], [673, 675]]}, "Database.delete_daemon": {"executed_lines": [], "summary": {"covered_lines": 0, "num_statements": 3, "percent_covered": 0.0, "percent_covered_display": "0.0", "missing_lines": 3, "excluded_lines": 0, "num_branches": 0, "num_partial_branches": 0, "covered_branches": 0, "missing_branches": 0}, "missing_lines": [681, 683, 687], "excluded_lines": [], "executed_branches": [], "missing_branches": []}, "Database.save_system_graph": {"executed_lines": [], "summary": {"covered_lines": 0, "num_statements": 10, "percent_covered": 0.0, "percent_covered_display": "0.0", "missing_lines": 10, "excluded_lines": 0, "num_branches": 4, "num_partial_branches": 0, "covered_branches": 0, "missing_branches": 4}, "missing_lines": [700, 701, 704, 713, 714, 717, 718, 729, 730, 737], "excluded_lines": [], "executed_branches": [], "missing_branches": [[717, 718], [717, 729], [729, 730], [729, 737]]}, "Database.get_system_graph": {"executed_lines": [742, 744, 748, 749, 750], "summary": {"covered_lines": 5, "num_statements": 6, "percent_covered": 75.0, "percent_covered_display": "75.0", "missing_lines": 1, "excluded_lines": 0, "num_branches": 2, "num_partial_branches": 1, "covered_branches": 1, "missing_branches": 1}, "missing_lines": [751], "excluded_lines": [], "executed_branches": [[749, 750]], "missing_branches": [[749, 751]]}, "Database.list_systems": {"executed_lines": [], "summary": {"covered_lines": 0, "num_statements": 3, "percent_covered": 0.0, "percent_covered_display": "0.0", "missing_lines": 3, "excluded_lines": 0, "num_branches": 0, "num_partial_branches": 0, "covered_branches": 0, "missing_branches": 0}, "missing_lines": [755, 757, 759], "excluded_lines": [], "executed_branches": [], "missing_branches": []}, "Database.find_fuel_stations": {"executed_lines": [], "summary": {"covered_lines": 0, "num_statements": 3, "percent_covered": 0.0, "percent_covered_display": "0.0", "missing_lines": 3, "excluded_lines": 0, "num_branches": 0, "num_partial_branches": 0, "covered_branches": 0, "missing_branches": 0}, "missing_lines": [764, 766, 771], "excluded_lines": [], "executed_branches": [], "missing_branches": []}, "Database.update_market_data": {"executed_lines": [], "summary": {"covered_lines": 0, "num_statements": 3, "percent_covered": 0.0, "percent_covered_display": "0.0", "missing_lines": 3, "excluded_lines": 0, "num_branches": 0, "num_partial_branches": 0, "covered_branches": 0, "missing_branches": 0}, "missing_lines": [782, 784, 801], "excluded_lines": [], "executed_branches": [], "missing_branches": []}, "Database.get_market_data": {"executed_lines": [], "summary": {"covered_lines": 0, "num_statements": 5, "percent_covered": 0.0, "percent_covered_display": "0.0", "missing_lines": 5, "excluded_lines": 0, "num_branches": 2, "num_partial_branches": 0, "covered_branches": 0, "missing_branches": 2}, "missing_lines": [807, 809, 810, 815, 819], "excluded_lines": [], "executed_branches": [], "missing_branches": [[809, 810], [809, 815]]}, "Database.record_transaction": {"executed_lines": [], "summary": {"covered_lines": 0, "num_statements": 3, "percent_covered": 0.0, "percent_covered_display": "0.0", "missing_lines": 3, "excluded_lines": 0, "num_branches": 0, "num_partial_branches": 0, "covered_branches": 0, "missing_branches": 0}, "missing_lines": [826, 828, 836], "excluded_lines": [], "executed_branches": [], "missing_branches": []}, "Database.get_transactions": {"executed_lines": [], "summary": {"covered_lines": 0, "num_statements": 16, "percent_covered": 0.0, "percent_covered_display": "0.0", "missing_lines": 16, "excluded_lines": 0, "num_branches": 6, "num_partial_branches": 0, "covered_branches": 0, "missing_branches": 6}, "missing_lines": [844, 846, 847, 849, 850, 851, 853, 854, 855, 857, 858, 859, 861, 862, 864, 866], "excluded_lines": [], "executed_branches": [], "missing_branches": [[849, 850], [849, 853], [853, 854], [853, 857], [857, 858], [857, 861]]}, "Database.get_cached_tour": {"executed_lines": [], "summary": {"covered_lines": 0, "num_statements": 10, "percent_covered": 0.0, "percent_covered_display": "0.0", "missing_lines": 10, "excluded_lines": 0, "num_branches": 4, "num_partial_branches": 0, "covered_branches": 0, "missing_branches": 4}, "missing_lines": [887, 890, 891, 894, 895, 901, 907, 908, 909, 914], "excluded_lines": [], "executed_branches": [], "missing_branches": [[894, 895], [894, 901], [908, 909], [908, 914]]}, "Database.save_tour_cache": {"executed_lines": [], "summary": {"covered_lines": 0, "num_statements": 6, "percent_covered": 0.0, "percent_covered_display": "0.0", "missing_lines": 6, "excluded_lines": 0, "num_branches": 0, "num_partial_branches": 0, "covered_branches": 0, "missing_branches": 0}, "missing_lines": [934, 937, 938, 939, 941, 952], "excluded_lines": [], "executed_branches": [], "missing_branches": []}, "Database.clear_tour_cache": {"executed_lines": [], "summary": {"covered_lines": 0, "num_statements": 5, "percent_covered": 0.0, "percent_covered_display": "0.0", "missing_lines": 5, "excluded_lines": 0, "num_branches": 2, "num_partial_branches": 0, "covered_branches": 0, "missing_branches": 2}, "missing_lines": [965, 967, 968, 970, 972], "excluded_lines": [], "executed_branches": [], "missing_branches": [[967, 968], [967, 970]]}, "get_database": {"executed_lines": [983, 984, 986, 987, 989], "summary": {"covered_lines": 5, "num_statements": 5, "percent_covered": 100.0, "percent_covered_display": "100.0", "missing_lines": 0, "excluded_lines": 0, "num_branches": 2, "num_partial_branches": 0, "covered_branches": 2, "missing_branches": 0}, "missing_lines": [], "excluded_lines": [], "executed_branches": [[986, 987], [986, 989]], "missing_branches": []}, "": {"executed_lines": [2, 17, 18, 19, 20, 21, 22, 23, 25, 28, 31, 36, 37, 49, 64, 83, 344, 345, 365, 366, 384, 414, 430, 446, 463, 475, 529, 547, 564, 589, 604, 618, 638, 654, 679, 693, 739, 753, 761, 777, 803, 821, 838, 872, 916, 954, 976, 979], "summary": {"covered_lines": 47, "num_statements": 47, "percent_covered": 100.0, "percent_covered_display": "100.0", "missing_lines": 0, "excluded_lines": 0, "num_branches": 0, "num_partial_branches": 0, "covered_branches": 0, "missing_branches": 0}, "missing_lines": [], "excluded_lines": [], "executed_branches": [], "missing_branches": []}}, "classes": {"Database": {"executed_lines": [56, 57, 60, 62, 66, 73, 76, 79, 81, 85, 86, 91, 102, 110, 127, 132, 137, 145, 161, 166, 171, 179, 191, 204, 209, 217, 228, 233, 238, 246, 262, 267, 272, 280, 296, 301, 306, 311, 319, 332, 337, 342, 354, 355, 356, 357, 363, 374, 375, 376, 378, 398, 400, 401, 411, 412, 432, 434, 438, 439, 440, 441, 442, 443, 608, 610, 616, 621, 623, 624, 636, 640, 642, 646, 647, 648, 649, 650, 651, 652, 742, 744, 748, 749, 750], "summary": {"covered_lines": 85, "num_statements": 225, "percent_covered": 32.74021352313167, "percent_covered_display": "32.7", "missing_lines": 140, "excluded_lines": 0, "num_branches": 56, "num_partial_branches": 5, "covered_branches": 7, "missing_branches": 49}, "missing_lines": [358, 359, 360, 361, 416, 418, 422, 423, 424, 425, 426, 427, 428, 444, 448, 450, 454, 455, 456, 457, 458, 459, 461, 465, 467, 493, 496, 502, 504, 505, 506, 509, 510, 527, 532, 534, 545, 550, 552, 556, 557, 558, 559, 560, 561, 562, 567, 569, 570, 575, 580, 581, 582, 583, 584, 585, 587, 591, 593, 598, 630, 657, 659, 660, 665, 670, 671, 672, 673, 674, 675, 677, 681, 683, 687, 700, 701, 704, 713, 714, 717, 718, 729, 730, 737, 751, 755, 757, 759, 764, 766, 771, 782, 784, 801, 807, 809, 810, 815, 819, 826, 828, 836, 844, 846, 847, 849, 850, 851, 853, 854, 855, 857, 858, 859, 861, 862, 864, 866, 887, 890, 891, 894, 895, 901, 907, 908, 909, 914, 934, 937, 938, 939, 941, 952, 965, 967, 968, 970, 972], "excluded_lines": [], "executed_branches": [[439, 440], [441, 442], [623, 624], [647, 648], [647, 652], [649, 650], [749, 750]], "missing_branches": [[423, 424], [423, 428], [425, 426], [425, 427], [439, 444], [441, 443], [455, 456], [455, 461], [457, 458], [457, 459], [504, 505], [504, 509], [557, 558], [557, 562], [559, 560], [559, 561], [569, 570], [569, 575], [581, 582], [581, 587], [583, 584], [583, 585], [623, 630], [649, 651], [659, 660], [659, 665], [671, 672], [671, 677], [673, 674], [673, 675], [717, 718], [717, 729], [729, 730], [729, 737], [749, 751], [809, 810], [809, 815], [849, 850], [849, 853], [853, 854], [853, 857], [857, 858], [857, 861], [894, 895], [894, 901], [908, 909], [908, 914], [967, 968], [967, 970]]}, "": {"executed_lines": [2, 17, 18, 19, 20, 21, 22, 23, 25, 28, 31, 33, 36, 37, 49, 64, 83, 344, 345, 365, 366, 384, 414, 430, 446, 463, 475, 529, 547, 564, 589, 604, 618, 638, 654, 679, 693, 739, 753, 761, 777, 803, 821, 838, 872, 916, 954, 976, 979, 983, 984, 986, 987, 989], "summary": {"covered_lines": 53, "num_statements": 53, "percent_covered": 100.0, "percent_covered_display": "100.0", "missing_lines": 0, "excluded_lines": 0, "num_branches": 2, "num_partial_branches": 0, "covered_branches": 2, "missing_branches": 0}, "missing_lines": [], "excluded_lines": [], "executed_branches": [[986, 987], [986, 989]], "missing_branches": []}}}, "src/spacetraders_bot/core/market_data.py": {"executed_lines": [1, 3, 5, 6, 7, 9, 10, 12, 14, 22, 30, 31, 32, 37, 38, 40, 43, 60, 82, 106, 117, 118, 119, 121, 122, 123, 125, 130, 139, 140, 141, 143, 144, 153, 200, 232, 262, 318, 332, 341, 420], "summary": {"covered_lines": 40, "num_statements": 171, "percent_covered": 21.12676056338028, "percent_covered_display": "21.1", "missing_lines": 131, "excluded_lines": 0, "num_branches": 42, "num_partial_branches": 5, "covered_branches": 5, "missing_branches": 37}, "missing_lines": [33, 34, 39, 44, 45, 46, 47, 48, 49, 50, 51, 52, 53, 54, 55, 56, 57, 67, 68, 69, 79, 90, 91, 92, 102, 103, 126, 127, 128, 146, 164, 165, 166, 168, 169, 170, 172, 173, 174, 175, 177, 186, 187, 188, 190, 191, 193, 208, 209, 210, 212, 213, 214, 216, 218, 227, 228, 229, 240, 241, 242, 243, 245, 246, 247, 249, 257, 258, 259, 270, 271, 272, 274, 275, 276, 278, 292, 293, 294, 296, 297, 299, 302, 303, 304, 305, 306, 307, 308, 370, 371, 373, 380, 382, 383, 384, 385, 387, 388, 389, 393, 394, 395, 397, 404, 405, 408, 409, 411, 417, 451, 452, 454, 477, 480, 485, 486, 489, 492, 493, 494, 496, 497, 498, 499, 501, 508, 511, 512, 514, 520], "excluded_lines": [], "executed_branches": [[31, 32], [38, 40], [121, 122], [125, 130], [143, 144]], "missing_branches": [[31, 33], [38, 39], [44, 45], [44, 46], [46, 47], [46, 48], [121, 125], [125, 126], [143, 146], [168, 169], [168, 172], [172, 173], [172, 177], [190, 191], [190, 193], [212, 213], [212, 216], [245, 246], [245, 249], [274, 275], [274, 278], [296, 297], [296, 299], [302, 303], [302, 308], [304, 305], [304, 306], [306, 302], [306, 307], [370, 371], [370, 373], [387, 388], [387, 408], [451, 452], [451, 454], [496, 497], [496, 511]], "functions": {"_resolve_db": {"executed_lines": [31, 32], "summary": {"covered_lines": 2, "num_statements": 4, "percent_covered": 50.0, "percent_covered_display": "50.0", "missing_lines": 2, "excluded_lines": 0, "num_branches": 2, "num_partial_branches": 1, "covered_branches": 1, "missing_branches": 1}, "missing_lines": [33, 34], "excluded_lines": [], "executed_branches": [[31, 32]], "missing_branches": [[31, 33]]}, "_system_like": {"executed_lines": [38, 40], "summary": {"covered_lines": 2, "num_statements": 3, "percent_covered": 60.0, "percent_covered_display": "60.0", "missing_lines": 1, "excluded_lines": 0, "num_branches": 2, "num_partial_branches": 1, "covered_branches": 1, "missing_branches": 1}, "missing_lines": [39], "excluded_lines": [], "executed_branches": [[38, 40]], "missing_branches": [[38, 39]]}, "_filter_by_minimum": {"executed_lines": [], "summary": {"covered_lines": 0, "num_statements": 14, "percent_covered": 0.0, "percent_covered_display": "0.0", "missing_lines": 14, "excluded_lines": 0, "num_branches": 4, "num_partial_branches": 0, "covered_branches": 0, "missing_branches": 4}, "missing_lines": [44, 45, 46, 47, 48, 49, 50, 51, 52, 53, 54, 55, 56, 57], "excluded_lines": [], "executed_branches": [], "missing_branches": [[44, 45], [44, 46], [46, 47], [46, 48]]}, "get_waypoint_goods": {"executed_lines": [], "summary": {"covered_lines": 0, "num_statements": 4, "percent_covered": 0.0, "percent_covered_display": "0.0", "missing_lines": 4, "excluded_lines": 0, "num_branches": 0, "num_partial_branches": 0, "covered_branches": 0, "missing_branches": 0}, "missing_lines": [67, 68, 69, 79], "excluded_lines": [], "executed_branches": [], "missing_branches": []}, "get_waypoint_good": {"executed_lines": [], "summary": {"covered_lines": 0, "num_statements": 5, "percent_covered": 0.0, "percent_covered_display": "0.0", "missing_lines": 5, "excluded_lines": 0, "num_branches": 0, "num_partial_branches": 0, "covered_branches": 0, "missing_branches": 0}, "missing_lines": [90, 91, 92, 102, 103], "excluded_lines": [], "executed_branches": [], "missing_branches": []}, "find_markets_selling": {"executed_lines": [117, 118, 119, 121, 122, 123, 125, 130, 139, 140, 141, 143, 144], "summary": {"covered_lines": 13, "num_statements": 17, "percent_covered": 69.56521739130434, "percent_covered_display": "69.6", "missing_lines": 4, "excluded_lines": 0, "num_branches": 6, "num_partial_branches": 3, "covered_branches": 3, "missing_branches": 3}, "missing_lines": [126, 127, 128, 146], "excluded_lines": [], "executed_branches": [[121, 122], [125, 130], [143, 144]], "missing_branches": [[121, 125], [125, 126], [143, 146]]}, "find_markets_buying": {"executed_lines": [], "summary": {"covered_lines": 0, "num_statements": 17, "percent_covered": 0.0, "percent_covered_display": "0.0", "missing_lines": 17, "excluded_lines": 0, "num_branches": 6, "num_partial_branches": 0, "covered_branches": 0, "missing_branches": 6}, "missing_lines": [164, 165, 166, 168, 169, 170, 172, 173, 174, 175, 177, 186, 187, 188, 190, 191, 193], "excluded_lines": [], "executed_branches": [], "missing_branches": [[168, 169], [168, 172], [172, 173], [172, 177], [190, 191], [190, 193]]}, "get_recent_updates": {"executed_lines": [], "summary": {"covered_lines": 0, "num_statements": 11, "percent_covered": 0.0, "percent_covered_display": "0.0", "missing_lines": 11, "excluded_lines": 0, "num_branches": 2, "num_partial_branches": 0, "covered_branches": 0, "missing_branches": 2}, "missing_lines": [208, 209, 210, 212, 213, 214, 216, 218, 227, 228, 229], "excluded_lines": [], "executed_branches": [], "missing_branches": [[212, 213], [212, 216]]}, "get_stale_markets": {"executed_lines": [], "summary": {"covered_lines": 0, "num_statements": 11, "percent_covered": 0.0, "percent_covered_display": "0.0", "missing_lines": 11, "excluded_lines": 0, "num_branches": 2, "num_partial_branches": 0, "covered_branches": 0, "missing_branches": 2}, "missing_lines": [240, 241, 242, 243, 245, 246, 247, 249, 257, 258, 259], "excluded_lines": [], "executed_branches": [], "missing_branches": [[245, 246], [245, 249]]}, "summarize_good": {"executed_lines": [], "summary": {"covered_lines": 0, "num_statements": 20, "percent_covered": 0.0, "percent_covered_display": "0.0", "missing_lines": 20, "excluded_lines": 0, "num_branches": 10, "num_partial_branches": 0, "covered_branches": 0, "missing_branches": 10}, "missing_lines": [270, 271, 272, 274, 275, 276, 278, 292, 293, 294, 296, 297, 299, 302, 303, 304, 305, 306, 307, 308], "excluded_lines": [], "executed_branches": [], "missing_branches": [[274, 275], [274, 278], [296, 297], [296, 299], [302, 303], [302, 308], [304, 305], [304, 306], [306, 302], [306, 307]]}, "calculate_batch_purchase_cost": {"executed_lines": [], "summary": {"covered_lines": 0, "num_statements": 21, "percent_covered": 0.0, "percent_covered_display": "0.0", "missing_lines": 21, "excluded_lines": 0, "num_branches": 4, "num_partial_branches": 0, "covered_branches": 0, "missing_branches": 4}, "missing_lines": [370, 371, 373, 380, 382, 383, 384, 385, 387, 388, 389, 393, 394, 395, 397, 404, 405, 408, 409, 411, 417], "excluded_lines": [], "executed_branches": [], "missing_branches": [[370, 371], [370, 373], [387, 388], [387, 408]]}, "calculate_batch_sale_revenue": {"executed_lines": [], "summary": {"covered_lines": 0, "num_statements": 21, "percent_covered": 0.0, "percent_covered_display": "0.0", "missing_lines": 21, "excluded_lines": 0, "num_branches": 4, "num_partial_branches": 0, "covered_branches": 0, "missing_branches": 4}, "missing_lines": [451, 452, 454, 477, 480, 485, 486, 489, 492, 493, 494, 496, 497, 498, 499, 501, 508, 511, 512, 514, 520], "excluded_lines": [], "executed_branches": [], "missing_branches": [[451, 452], [451, 454], [496, 497], [496, 511]]}, "": {"executed_lines": [1, 3, 5, 6, 7, 9, 10, 12, 14, 22, 30, 37, 43, 60, 82, 106, 153, 200, 232, 262, 318, 332, 341, 420], "summary": {"covered_lines": 23, "num_statements": 23, "percent_covered": 100.0, "percent_covered_display": "100.0", "missing_lines": 0, "excluded_lines": 0, "num_branches": 0, "num_partial_branches": 0, "covered_branches": 0, "missing_branches": 0}, "missing_lines": [], "excluded_lines": [], "executed_branches": [], "missing_branches": []}}, "classes": {"": {"executed_lines": [1, 3, 5, 6, 7, 9, 10, 12, 14, 22, 30, 31, 32, 37, 38, 40, 43, 60, 82, 106, 117, 118, 119, 121, 122, 123, 125, 130, 139, 140, 141, 143, 144, 153, 200, 232, 262, 318, 332, 341, 420], "summary": {"covered_lines": 40, "num_statements": 171, "percent_covered": 21.12676056338028, "percent_covered_display": "21.1", "missing_lines": 131, "excluded_lines": 0, "num_branches": 42, "num_partial_branches": 5, "covered_branches": 5, "missing_branches": 37}, "missing_lines": [33, 34, 39, 44, 45, 46, 47, 48, 49, 50, 51, 52, 53, 54, 55, 56, 57, 67, 68, 69, 79, 90, 91, 92, 102, 103, 126, 127, 128, 146, 164, 165, 166, 168, 169, 170, 172, 173, 174, 175, 177, 186, 187, 188, 190, 191, 193, 208, 209, 210, 212, 213, 214, 216, 218, 227, 228, 229, 240, 241, 242, 243, 245, 246, 247, 249, 257, 258, 259, 270, 271, 272, 274, 275, 276, 278, 292, 293, 294, 296, 297, 299, 302, 303, 304, 305, 306, 307, 308, 370, 371, 373, 380, 382, 383, 384, 385, 387, 388, 389, 393, 394, 395, 397, 404, 405, 408, 409, 411, 417, 451, 452, 454, 477, 480, 485, 486, 489, 492, 493, 494, 496, 497, 498, 499, 501, 508, 511, 512, 514, 520], "excluded_lines": [], "executed_branches": [[31, 32], [38, 40], [121, 122], [125, 130], [143, 144]], "missing_branches": [[31, 33], [38, 39], [44, 45], [44, 46], [46, 47], [46, 48], [121, 125], [125, 126], [143, 146], [168, 169], [168, 172], [172, 173], [172, 177], [190, 191], [190, 193], [212, 213], [212, 216], [245, 246], [245, 249], [274, 275], [274, 278], [296, 297], [296, 299], [302, 303], [302, 308], [304, 305], [304, 306], [306, 302], [306, 307], [370, 371], [370, 373], [387, 388], [387, 408], [451, 452], [451, 454], [496, 497], [496, 511]]}}}, "src/spacetraders_bot/core/market_partitioning.py": {"executed_lines": [1, 3, 5, 6, 7, 8, 9, 11, 12, 14, 17, 18, 19, 21, 22, 25, 26, 28, 44, 62, 65, 68, 71, 88, 96, 97, 101, 102, 104, 126, 127, 129, 132, 161, 186, 187, 207, 208, 227, 228, 242, 243, 245, 280, 281, 293, 317, 318, 320, 323], "summary": {"covered_lines": 43, "num_statements": 196, "percent_covered": 16.412213740458014, "percent_covered_display": "16.4", "missing_lines": 153, "excluded_lines": 0, "num_branches": 66, "num_partial_branches": 0, "covered_branches": 0, "missing_branches": 66}, "missing_lines": [37, 38, 39, 40, 41, 42, 47, 48, 55, 56, 58, 63, 66, 69, 72, 74, 75, 77, 78, 80, 81, 82, 83, 86, 89, 90, 98, 105, 106, 107, 109, 110, 111, 113, 114, 116, 118, 119, 120, 121, 123, 130, 133, 134, 135, 137, 138, 139, 140, 142, 144, 146, 147, 149, 150, 151, 153, 154, 155, 157, 159, 167, 168, 170, 171, 173, 174, 176, 177, 178, 179, 181, 182, 184, 191, 192, 194, 195, 197, 198, 199, 200, 202, 203, 205, 213, 214, 216, 217, 218, 219, 221, 222, 223, 225, 233, 235, 236, 237, 239, 246, 247, 248, 250, 251, 252, 254, 255, 257, 258, 259, 261, 262, 263, 264, 266, 267, 269, 271, 272, 273, 274, 276, 278, 282, 283, 285, 286, 288, 289, 291, 302, 303, 304, 306, 307, 309, 310, 311, 312, 314, 321, 324, 325, 327, 328, 330, 331, 332, 337, 338, 339, 340], "excluded_lines": [], "executed_branches": [], "missing_branches": [[55, 56], [55, 58], [74, 75], [74, 77], [77, 78], [77, 80], [81, 82], [81, 83], [106, 107], [106, 109], [110, 111], [110, 113], [118, 119], [118, 123], [134, 135], [134, 137], [139, 140], [139, 142], [149, 150], [149, 157], [153, 154], [153, 155], [167, 168], [167, 170], [173, 174], [173, 176], [181, 182], [181, 184], [191, 192], [191, 194], [198, 199], [198, 205], [199, 200], [199, 202], [216, 217], [216, 225], [217, 218], [217, 221], [235, 236], [235, 239], [236, 235], [236, 237], [247, 248], [247, 250], [251, 252], [251, 254], [254, 255], [254, 257], [258, 259], [258, 261], [271, 272], [271, 273], [273, 274], [273, 276], [285, 286], [285, 288], [288, 289], [288, 291], [303, 304], [303, 306], [309, 310], [309, 314], [324, 325], [324, 327], [327, 328], [327, 330]], "functions": {"MarketPartitioner.__init__": {"executed_lines": [], "summary": {"covered_lines": 0, "num_statements": 6, "percent_covered": 0.0, "percent_covered_display": "0.0", "missing_lines": 6, "excluded_lines": 0, "num_branches": 0, "num_partial_branches": 0, "covered_branches": 0, "missing_branches": 0}, "missing_lines": [37, 38, 39, 40, 41, 42], "excluded_lines": [], "executed_branches": [], "missing_branches": []}, "MarketPartitioner.partition": {"executed_lines": [], "summary": {"covered_lines": 0, "num_statements": 5, "percent_covered": 0.0, "percent_covered_display": "0.0", "missing_lines": 5, "excluded_lines": 0, "num_branches": 2, "num_partial_branches": 0, "covered_branches": 0, "missing_branches": 2}, "missing_lines": [47, 48, 55, 56, 58], "excluded_lines": [], "executed_branches": [], "missing_branches": [[55, 56], [55, 58]]}, "MarketPartitioner.available_ship_ids": {"executed_lines": [], "summary": {"covered_lines": 0, "num_statements": 1, "percent_covered": 0.0, "percent_covered_display": "0.0", "missing_lines": 1, "excluded_lines": 0, "num_branches": 0, "num_partial_branches": 0, "covered_branches": 0, "missing_branches": 0}, "missing_lines": [63], "excluded_lines": [], "executed_branches": [], "missing_branches": []}, "MarketPartitioner.market_coordinates": {"executed_lines": [], "summary": {"covered_lines": 0, "num_statements": 1, "percent_covered": 0.0, "percent_covered_display": "0.0", "missing_lines": 1, "excluded_lines": 0, "num_branches": 0, "num_partial_branches": 0, "covered_branches": 0, "missing_branches": 0}, "missing_lines": [66], "excluded_lines": [], "executed_branches": [], "missing_branches": []}, "MarketPartitioner.create_empty_partitions": {"executed_lines": [], "summary": {"covered_lines": 0, "num_statements": 1, "percent_covered": 0.0, "percent_covered_display": "0.0", "missing_lines": 1, "excluded_lines": 0, "num_branches": 0, "num_partial_branches": 0, "covered_branches": 0, "missing_branches": 0}, "missing_lines": [69], "excluded_lines": [], "executed_branches": [], "missing_branches": []}, "MarketPartitioner.estimate_tour_seconds": {"executed_lines": [], "summary": {"covered_lines": 0, "num_statements": 10, "percent_covered": 0.0, "percent_covered_display": "0.0", "missing_lines": 10, "excluded_lines": 0, "num_branches": 6, "num_partial_branches": 0, "covered_branches": 0, "missing_branches": 6}, "missing_lines": [72, 74, 75, 77, 78, 80, 81, 82, 83, 86], "excluded_lines": [], "executed_branches": [], "missing_branches": [[74, 75], [74, 77], [77, 78], [77, 80], [81, 82], [81, 83]]}, "MarketPartitioner._extract_market_coords": {"executed_lines": [], "summary": {"covered_lines": 0, "num_statements": 2, "percent_covered": 0.0, "percent_covered_display": "0.0", "missing_lines": 2, "excluded_lines": 0, "num_branches": 0, "num_partial_branches": 0, "covered_branches": 0, "missing_branches": 0}, "missing_lines": [89, 90], "excluded_lines": [], "executed_branches": [], "missing_branches": []}, "MarketPartitioner._distance": {"executed_lines": [], "summary": {"covered_lines": 0, "num_statements": 1, "percent_covered": 0.0, "percent_covered_display": "0.0", "missing_lines": 1, "excluded_lines": 0, "num_branches": 0, "num_partial_branches": 0, "covered_branches": 0, "missing_branches": 0}, "missing_lines": [98], "excluded_lines": [], "executed_branches": [], "missing_branches": []}, "GreedyPartitionStrategy.partition": {"executed_lines": [], "summary": {"covered_lines": 0, "num_statements": 14, "percent_covered": 0.0, "percent_covered_display": "0.0", "missing_lines": 14, "excluded_lines": 0, "num_branches": 6, "num_partial_branches": 0, "covered_branches": 0, "missing_branches": 6}, "missing_lines": [105, 106, 107, 109, 110, 111, 113, 114, 116, 118, 119, 120, 121, 123], "excluded_lines": [], "executed_branches": [], "missing_branches": [[106, 107], [106, 109], [110, 111], [110, 113], [118, 119], [118, 123]]}, "KMeansPartitionStrategy.__init__": {"executed_lines": [], "summary": {"covered_lines": 0, "num_statements": 1, "percent_covered": 0.0, "percent_covered_display": "0.0", "missing_lines": 1, "excluded_lines": 0, "num_branches": 0, "num_partial_branches": 0, "covered_branches": 0, "missing_branches": 0}, "missing_lines": [130], "excluded_lines": [], "executed_branches": [], "missing_branches": []}, "KMeansPartitionStrategy.partition": {"executed_lines": [], "summary": {"covered_lines": 0, "num_statements": 19, "percent_covered": 0.0, "percent_covered_display": "0.0", "missing_lines": 19, "excluded_lines": 0, "num_branches": 8, "num_partial_branches": 0, "covered_branches": 0, "missing_branches": 8}, "missing_lines": [133, 134
[...]
25, 26, 27], "summary": {"covered_lines": 4, "num_statements": 4, "percent_covered": 100.0, "percent_covered_display": "100.0", "missing_lines": 0, "excluded_lines": 0, "num_branches": 0, "num_partial_branches": 0, "covered_branches": 0, "missing_branches": 0}, "missing_lines": [], "excluded_lines": [], "executed_branches": [], "missing_branches": []}, "MarketDataService.collect_market_data": {"executed_lines": [40, 41, 42, 43, 44, 46], "summary": {"covered_lines": 6, "num_statements": 9, "percent_covered": 72.72727272727273, "percent_covered_display": "72.7", "missing_lines": 3, "excluded_lines": 0, "num_branches": 2, "num_partial_branches": 0, "covered_branches": 2, "missing_branches": 0}, "missing_lines": [47, 48, 49], "excluded_lines": [], "executed_branches": [[42, 43], [42, 46]], "missing_branches": []}, "MarketDataService.update_database": {"executed_lines": [67, 69, 70, 71, 72, 84, 86, 87], "summary": {"covered_lines": 8, "num_statements": 11, "percent_covered": 76.92307692307692, "percent_covered_display": "76.9", "missing_lines": 3, "excluded_lines": 0, "num_branches": 2, "num_partial_branches": 0, "covered_branches": 2, "missing_branches": 0}, "missing_lines": [89, 90, 91], "excluded_lines": [], "executed_branches": [[71, 72], [71, 86]], "missing_branches": []}, "MarketDataService.collect_and_update": {"executed_lines": [105, 106, 109, 110, 114], "summary": {"covered_lines": 5, "num_statements": 8, "percent_covered": 58.333333333333336, "percent_covered_display": "58.3", "missing_lines": 3, "excluded_lines": 0, "num_branches": 4, "num_partial_branches": 2, "covered_branches": 2, "missing_branches": 2}, "missing_lines": [107, 111, 112], "excluded_lines": [], "executed_branches": [[106, 109], [110, 114]], "missing_branches": [[106, 107], [110, 111]]}, "": {"executed_lines": [1, 8, 9, 12, 13, 15, 29, 51, 93], "summary": {"covered_lines": 7, "num_statements": 7, "percent_covered": 100.0, "percent_covered_display": "100.0", "missing_lines": 0, "excluded_lines": 0, "num_branches": 0, "num_partial_branches": 0, "covered_branches": 0, "missing_branches": 0}, "missing_lines": [], "excluded_lines": [], "executed_branches": [], "missing_branches": []}}, "classes": {"MarketDataService": {"executed_lines": [24, 25, 26, 27, 40, 41, 42, 43, 44, 46, 67, 69, 70, 71, 72, 84, 86, 87, 105, 106, 109, 110, 114], "summary": {"covered_lines": 23, "num_statements": 32, "percent_covered": 72.5, "percent_covered_display": "72.5", "missing_lines": 9, "excluded_lines": 0, "num_branches": 8, "num_partial_branches": 2, "covered_branches": 6, "missing_branches": 2}, "missing_lines": [47, 48, 49, 89, 90, 91, 107, 111, 112], "excluded_lines": [], "executed_branches": [[42, 43], [42, 46], [71, 72], [71, 86], [106, 109], [110, 114]], "missing_branches": [[106, 107], [110, 111]]}, "": {"executed_lines": [1, 8, 9, 12, 13, 15, 29, 51, 93], "summary": {"covered_lines": 7, "num_statements": 7, "percent_covered": 100.0, "percent_covered_display": "100.0", "missing_lines": 0, "excluded_lines": 0, "num_branches": 0, "num_partial_branches": 0, "covered_branches": 0, "missing_branches": 0}, "missing_lines": [], "excluded_lines": [], "executed_branches": [], "missing_branches": []}}}, "src/spacetraders_bot/operations/scouting/stationary_mode.py": {"executed_lines": [1, 8, 9, 10, 11, 12, 13, 15, 18, 19, 20, 21, 22, 23, 24, 27, 28, 34, 44, 45, 46, 47, 48, 50, 71, 72, 73, 76, 77, 78, 79, 80, 81, 89, 99, 100, 103, 104, 105, 108, 109, 112, 113, 115, 116, 117, 119, 122, 123, 125, 126, 127, 132, 133, 136, 137, 139, 141], "summary": {"covered_lines": 55, "num_statements": 59, "percent_covered": 91.78082191780823, "percent_covered_display": "91.8", "missing_lines": 4, "excluded_lines": 0, "num_branches": 14, "num_partial_branches": 2, "covered_branches": 12, "missing_branches": 2}, "missing_lines": [90, 91, 92, 129], "excluded_lines": [], "executed_branches": [[76, 77], [76, 89], [78, 79], [78, 89], [89, 99], [112, 113], [112, 115], [115, 116], [115, 139], [125, 126], [132, 133], [132, 136]], "missing_branches": [[89, 90], [125, 129]], "functions": {"StationaryScoutMode.__init__": {"executed_lines": [44, 45, 46, 47, 48], "summary": {"covered_lines": 5, "num_statements": 5, "percent_covered": 100.0, "percent_covered_display": "100.0", "missing_lines": 0, "excluded_lines": 0, "num_branches": 0, "num_partial_branches": 0, "covered_branches": 0, "missing_branches": 0}, "missing_lines": [], "excluded_lines": [], "executed_branches": [], "missing_branches": []}, "StationaryScoutMode.execute": {"executed_lines": [71, 72, 73, 76, 77, 78, 79, 80, 81, 89, 99, 100, 103, 104, 105, 108, 109, 112, 113, 115, 116, 117, 119, 122, 123, 125, 126, 127, 132, 133, 136, 137, 139, 141], "summary": {"covered_lines": 34, "num_statements": 38, "percent_covered": 88.46153846153847, "percent_covered_display": "88.5", "missing_lines": 4, "excluded_lines": 0, "num_branches": 14, "num_partial_branches": 2, "covered_branches": 12, "missing_branches": 2}, "missing_lines": [90, 91, 92, 129], "excluded_lines": [], "executed_branches": [[76, 77], [76, 89], [78, 79], [78, 89], [89, 99], [112, 113], [112, 115], [115, 116], [115, 139], [125, 126], [132, 133], [132, 136]], "missing_branches": [[89, 90], [125, 129]]}, "": {"executed_lines": [1, 8, 9, 10, 11, 12, 13, 15, 18, 19, 20, 21, 22, 23, 24, 27, 28, 34, 50], "summary": {"covered_lines": 16, "num_statements": 16, "percent_covered": 100.0, "percent_covered_display": "100.0", "missing_lines": 0, "excluded_lines": 0, "num_branches": 0, "num_partial_branches": 0, "covered_branches": 0, "missing_branches": 0}, "missing_lines": [], "excluded_lines": [], "executed_branches": [], "missing_branches": []}}, "classes": {"StationaryScoutResult": {"executed_lines": [], "summary": {"covered_lines": 0, "num_statements": 0, "percent_covered": 100.0, "percent_covered_display": "100.0", "missing_lines": 0, "excluded_lines": 0, "num_branches": 0, "num_partial_branches": 0, "covered_branches": 0, "missing_branches": 0}, "missing_lines": [], "excluded_lines": [], "executed_branches": [], "missing_branches": []}, "StationaryScoutMode": {"executed_lines": [44, 45, 46, 47, 48, 71, 72, 73, 76, 77, 78, 79, 80, 81, 89, 99, 100, 103, 104, 105, 108, 109, 112, 113, 115, 116, 117, 119, 122, 123, 125, 126, 127, 132, 133, 136, 137, 139, 141], "summary": {"covered_lines": 39, "num_statements": 43, "percent_covered": 89.47368421052632, "percent_covered_display": "89.5", "missing_lines": 4, "excluded_lines": 0, "num_branches": 14, "num_partial_branches": 2, "covered_branches": 12, "missing_branches": 2}, "missing_lines": [90, 91, 92, 129], "excluded_lines": [], "executed_branches": [[76, 77], [76, 89], [78, 79], [78, 89], [89, 99], [112, 113], [112, 115], [115, 116], [115, 139], [125, 126], [132, 133], [132, 136]], "missing_branches": [[89, 90], [125, 129]]}, "": {"executed_lines": [1, 8, 9, 10, 11, 12, 13, 15, 18, 19, 20, 21, 22, 23, 24, 27, 28, 34, 50], "summary": {"covered_lines": 16, "num_statements": 16, "percent_covered": 100.0, "percent_covered_display": "100.0", "missing_lines": 0, "excluded_lines": 0, "num_branches": 0, "num_partial_branches": 0, "covered_branches": 0, "missing_branches": 0}, "missing_lines": [], "excluded_lines": [], "executed_branches": [], "missing_branches": []}}}, "src/spacetraders_bot/operations/scouting/tour_mode.py": {"executed_lines": [1, 8, 9, 10, 11, 12, 13, 15, 16, 19, 20, 21, 22, 23, 24, 25, 26, 29, 30, 36, 47, 48, 49, 50, 51, 52, 54, 73, 75, 84, 85, 86, 88, 90, 115, 123, 124, 125, 126, 127, 129, 141, 142, 143, 145, 146, 147, 150, 151, 152, 155, 160, 165, 166, 168, 169, 170, 171, 175, 176, 177, 178, 179, 180, 182, 189], "summary": {"covered_lines": 63, "num_statements": 90, "percent_covered": 64.81481481481481, "percent_covered_display": "64.8", "missing_lines": 27, "excluded_lines": 0, "num_branches": 18, "num_partial_branches": 3, "covered_branches": 7, "missing_branches": 11}, "missing_lines": [99, 100, 101, 102, 103, 104, 105, 106, 107, 108, 109, 110, 111, 112, 113, 156, 157, 161, 162, 173, 213, 220, 221, 230, 233, 234, 237], "excluded_lines": [], "executed_branches": [[84, 85], [84, 88], [150, 151], [150, 175], [155, 160], [160, 165], [168, 169]], "missing_branches": [[101, 102], [101, 103], [111, -90], [111, 112], [155, 156], [160, 161], [168, 173], [220, 221], [220, 230], [233, 234], [233, 237]], "functions": {"TourScoutMode.__init__": {"executed_lines": [47, 48, 49, 50, 51, 52], "summary": {"covered_lines": 6, "num_statements": 6, "percent_covered": 100.0, "percent_covered_display": "100.0", "missing_lines": 0, "excluded_lines": 0, "num_branches": 0, "num_partial_branches": 0, "covered_branches": 0, "missing_branches": 0}, "missing_lines": [], "excluded_lines": [], "executed_branches": [], "missing_branches": []}, "TourScoutMode.plan_tour": {"executed_lines": [73, 75, 84, 85, 86, 88], "summary": {"covered_lines": 6, "num_statements": 6, "percent_covered": 100.0, "percent_covered_display": "100.0", "missing_lines": 0, "excluded_lines": 0, "num_branches": 2, "num_partial_branches": 0, "covered_branches": 2, "missing_branches": 0}, "missing_lines": [], "excluded_lines": [], "executed_branches": [[84, 85], [84, 88]], "missing_branches": []}, "TourScoutMode.print_tour_summary": {"executed_lines": [], "summary": {"covered_lines": 0, "num_statements": 15, "percent_covered": 0.0, "percent_covered_display": "0.0", "missing_lines": 15, "excluded_lines": 0, "num_branches": 4, "num_partial_branches": 0, "covered_branches": 0, "missing_branches": 4}, "missing_lines": [99, 100, 101, 102, 103, 104, 105, 106, 107, 108, 109, 110, 111, 112, 113], "excluded_lines": [], "executed_branches": [], "missing_branches": [[101, 102], [101, 103], [111, -90], [111, 112]]}, "TourScoutMode.save_tour_to_file": {"executed_lines": [123, 124, 125, 126, 127], "summary": {"covered_lines": 5, "num_statements": 5, "percent_covered": 100.0, "percent_covered_display": "100.0", "missing_lines": 0, "excluded_lines": 0, "num_branches": 0, "num_partial_branches": 0, "covered_branches": 0, "missing_branches": 0}, "missing_lines": [], "excluded_lines": [], "executed_branches": [], "missing_branches": []}, "TourScoutMode.execute_tour": {"executed_lines": [141, 142, 143, 145, 146, 147, 150, 151, 152, 155, 160, 165, 166, 168, 169, 170, 171, 175, 176, 177, 178, 179, 180, 182], "summary": {"covered_lines": 24, "num_statements": 29, "percent_covered": 78.37837837837837, "percent_covered_display": "78.4", "missing_lines": 5, "excluded_lines": 0, "num_branches": 8, "num_partial_branches": 3, "covered_branches": 5, "missing_branches": 3}, "missing_lines": [156, 157, 161, 162, 173], "excluded_lines": [], "executed_branches": [[150, 151], [150, 175], [155, 160], [160, 165], [168, 169]], "missing_branches": [[155, 156], [160, 161], [168, 173]]}, "TourScoutMode.execute": {"executed_lines": [], "summary": {"covered_lines": 0, "num_statements": 7, "percent_covered": 0.0, "percent_covered_display": "0.0", "missing_lines": 7, "excluded_lines": 0, "num_branches": 4, "num_partial_branches": 0, "covered_branches": 0, "missing_branches": 4}, "missing_lines": [213, 220, 221, 230, 233, 234, 237], "excluded_lines": [], "executed_branches": [], "missing_branches": [[220, 221], [220, 230], [233, 234], [233, 237]]}, "": {"executed_lines": [1, 8, 9, 10, 11, 12, 13, 15, 16, 19, 20, 21, 22, 23, 24, 25, 26, 29, 30, 36, 54, 90, 115, 129, 189], "summary": {"covered_lines": 22, "num_statements": 22, "percent_covered": 100.0, "percent_covered_display": "100.0", "missing_lines": 0, "excluded_lines": 0, "num_branches": 0, "num_partial_branches": 0, "covered_branches": 0, "missing_branches": 0}, "missing_lines": [], "excluded_lines": [], "executed_branches": [], "missing_branches": []}}, "classes": {"TourScoutResult": {"executed_lines": [], "summary": {"covered_lines": 0, "num_statements": 0, "percent_covered": 100.0, "percent_covered_display": "100.0", "missing_lines": 0, "excluded_lines": 0, "num_branches": 0, "num_partial_branches": 0, "covered_branches": 0, "missing_branches": 0}, "missing_lines": [], "excluded_lines": [], "executed_branches": [], "missing_branches": []}, "TourScoutMode": {"executed_lines": [47, 48, 49, 50, 51, 52, 73, 75, 84, 85, 86, 88, 123, 124, 125, 126, 127, 141, 142, 143, 145, 146, 147, 150, 151, 152, 155, 160, 165, 166, 168, 169, 170, 171, 175, 176, 177, 178, 179, 180, 182], "summary": {"covered_lines": 41, "num_statements": 68, "percent_covered": 55.81395348837209, "percent_covered_display": "55.8", "missing_lines": 27, "excluded_lines": 0, "num_branches": 18, "num_partial_branches": 3, "covered_branches": 7, "missing_branches": 11}, "missing_lines": [99, 100, 101, 102, 103, 104, 105, 106, 107, 108, 109, 110, 111, 112, 113, 156, 157, 161, 162, 173, 213, 220, 221, 230, 233, 234, 237], "excluded_lines": [], "executed_branches": [[84, 85], [84, 88], [150, 151], [150, 175], [155, 160], [160, 165], [168, 169]], "missing_branches": [[101, 102], [101, 103], [111, -90], [111, 112], [155, 156], [160, 161], [168, 173], [220, 221], [220, 230], [233, 234], [233, 237]]}, "": {"executed_lines": [1, 8, 9, 10, 11, 12, 13, 15, 16, 19, 20, 21, 22, 23, 24, 25, 26, 29, 30, 36, 54, 90, 115, 129, 189], "summary": {"covered_lines": 22, "num_statements": 22, "percent_covered": 100.0, "percent_covered_display": "100.0", "missing_lines": 0, "excluded_lines": 0, "num_branches": 0, "num_partial_branches": 0, "covered_branches": 0, "missing_branches": 0}, "missing_lines": [], "excluded_lines": [], "executed_branches": [], "missing_branches": []}}}, "src/spacetraders_bot/operations/validate_routing.py": {"executed_lines": [1, 3, 4, 6, 7, 8, 9, 10, 13], "summary": {"covered_lines": 8, "num_statements": 62, "percent_covered": 10.256410256410257, "percent_covered_display": "10.3", "missing_lines": 54, "excluded_lines": 0, "num_branches": 16, "num_partial_branches": 0, "covered_branches": 0, "missing_branches": 16}, "missing_lines": [16, 17, 18, 20, 21, 22, 24, 25, 26, 28, 29, 30, 32, 34, 35, 36, 37, 39, 40, 41, 43, 44, 45, 47, 48, 54, 55, 56, 58, 59, 60, 61, 62, 63, 64, 66, 67, 68, 70, 71, 72, 74, 75, 76, 78, 79, 80, 81, 82, 84, 85, 86, 87, 88], "excluded_lines": [], "executed_branches": [], "missing_branches": [[28, 29], [28, 32], [35, 36], [35, 39], [43, 44], [43, 47], [54, 55], [54, 58], [66, 67], [66, 70], [78, 79], [78, 84], [80, 81], [80, 82], [85, 86], [85, 88]], "functions": {"validate_routing_operation": {"executed_lines": [], "summary": {"covered_lines": 0, "num_statements": 54, "percent_covered": 0.0, "percent_covered_display": "0.0", "missing_lines": 54, "excluded_lines": 0, "num_branches": 16, "num_partial_branches": 0, "covered_branches": 0, "missing_branches": 16}, "missing_lines": [16, 17, 18, 20, 21, 22, 24, 25, 26, 28, 29, 30, 32, 34, 35, 36, 37, 39, 40, 41, 43, 44, 45, 47, 48, 54, 55, 56, 58, 59, 60, 61, 62, 63, 64, 66, 67, 68, 70, 71, 72, 74, 75, 76, 78, 79, 80, 81, 82, 84, 85, 86, 87, 88], "excluded_lines": [], "executed_branches": [], "missing_branches": [[28, 29], [28, 32], [35, 36], [35, 39], [43, 44], [43, 47], [54, 55], [54, 58], [66, 67], [66, 70], [78, 79], [78, 84], [80, 81], [80, 82], [85, 86], [85, 88]]}, "": {"executed_lines": [1, 3, 4, 6, 7, 8, 9, 10, 13], "summary": {"covered_lines": 8, "num_statements": 8, "percent_covered": 100.0, "percent_covered_display": "100.0", "missing_lines": 0, "excluded_lines": 0, "num_branches": 0, "num_partial_branches": 0, "covered_branches": 0, "missing_branches": 0}, "missing_lines": [], "excluded_lines": [], "executed_branches": [], "missing_branches": []}}, "classes": {"": {"executed_lines": [1, 3, 4, 6, 7, 8, 9, 10, 13], "summary": {"covered_lines": 8, "num_statements": 62, "percent_covered": 10.256410256410257, "percent_covered_display": "10.3", "missing_lines": 54, "excluded_lines": 0, "num_branches": 16, "num_partial_branches": 0, "covered_branches": 0, "missing_branches": 16}, "missing_lines": [16, 17, 18, 20, 21, 22, 24, 25, 26, 28, 29, 30, 32, 34, 35, 36, 37, 39, 40, 41, 43, 44, 45, 47, 48, 54, 55, 56, 58, 59, 60, 61, 62, 63, 64, 66, 67, 68, 70, 71, 72, 74, 75, 76, 78, 79, 80, 81, 82, 84, 85, 86, 87, 88], "excluded_lines": [], "executed_branches": [], "missing_branches": [[28, 29], [28, 32], [35, 36], [35, 39], [43, 44], [43, 47], [54, 55], [54, 58], [66, 67], [66, 70], [78, 79], [78, 84], [80, 81], [80, 82], [85, 86], [85, 88]]}}}, "src/spacetraders_bot/operations/waypoint_query.py": {"executed_lines": [2, 4, 6, 7, 10, 21, 22, 25, 28, 31, 32, 33, 34, 35, 36, 37, 38, 39, 41, 44, 45, 46, 47, 48, 51, 52, 55, 60, 63, 64, 65, 68, 69, 72, 75, 76, 79, 80, 81, 82, 83, 86, 89, 90, 93, 94, 95, 96, 97, 100, 101, 102, 103, 104, 105, 106, 107, 110, 111, 114, 117, 118, 121, 122, 123, 124, 127, 128, 129, 131, 132, 133, 135], "summary": {"covered_lines": 72, "num_statements": 72, "percent_covered": 99.0, "percent_covered_display": "99.0", "missing_lines": 0, "excluded_lines": 0, "num_branches": 28, "num_partial_branches": 1, "covered_branches": 27, "missing_branches": 1}, "missing_lines": [], "excluded_lines": [], "executed_branches": [[32, 33], [32, 34], [34, 35], [34, 36], [36, 37], [36, 38], [38, 39], [38, 41], [63, 64], [63, 68], [68, 69], [68, 72], [72, 75], [72, 79], [79, 80], [79, 86], [81, 82], [81, 86], [93, 94], [93, 100], [100, 101], [100, 131], [121, 122], [121, 127], [123, 124], [127, 100], [127, 128]], "missing_branches": [[123, 127]], "functions": {"waypoint_query_operation": {"executed_lines": [21, 22, 25, 28, 31, 32, 33, 34, 35, 36, 37, 38, 39, 41, 44, 45, 46, 47, 48, 51, 52, 55, 60, 63, 64, 65, 68, 69, 72, 75, 76, 79, 80, 81, 82, 83, 86, 89, 90, 93, 94, 95, 96, 97, 100, 101, 102, 103, 104, 105, 106, 107, 110, 111, 114, 117, 118, 121, 122, 123, 124, 127, 128, 129, 131, 132, 133, 135], "summary": {"covered_lines": 68, "num_statements": 68, "percent_covered": 98.95833333333333, "percent_covered_display": "99.0", "missing_lines": 0, "excluded_lines": 0, "num_branches": 28, "num_partial_branches": 1, "covered_branches": 27, "missing_branches": 1}, "missing_lines": [], "excluded_lines": [], "executed_branches": [[32, 33], [32, 34], [34, 35], [34, 36], [36, 37], [36, 38], [38, 39], [38, 41], [63, 64], [63, 68], [68, 69], [68, 72], [72, 75], [72, 79], [79, 80], [79, 86], [81, 82], [81, 86], [93, 94], [93, 100], [100, 101], [100, 131], [121, 122], [121, 127], [123, 124], [127, 100], [127, 128]], "missing_branches": [[123, 127]]}, "": {"executed_lines": [2, 4, 6, 7, 10], "summary": {"covered_lines": 4, "num_statements": 4, "percent_covered": 100.0, "percent_covered_display": "100.0", "missing_lines": 0, "excluded_lines": 0, "num_branches": 0, "num_partial_branches": 0, "covered_branches": 0, "missing_branches": 0}, "missing_lines": [], "excluded_lines": [], "executed_branches": [], "missing_branches": []}}, "classes": {"": {"executed_lines": [2, 4, 6, 7, 10, 21, 22, 25, 28, 31, 32, 33, 34, 35, 36, 37, 38, 39, 41, 44, 45, 46, 47, 48, 51, 52, 55, 60, 63, 64, 65, 68, 69, 72, 75, 76, 79, 80, 81, 82, 83, 86, 89, 90, 93, 94, 95, 96, 97, 100, 101, 102, 103, 104, 105, 106, 107, 110, 111, 114, 117, 118, 121, 122, 123, 124, 127, 128, 129, 131, 132, 133, 135], "summary": {"covered_lines": 72, "num_statements": 72, "percent_covered": 99.0, "percent_covered_display": "99.0", "missing_lines": 0, "excluded_lines": 0, "num_branches": 28, "num_partial_branches": 1, "covered_branches": 27, "missing_branches": 1}, "missing_lines": [], "excluded_lines": [], "executed_branches": [[32, 33], [32, 34], [34, 35], [34, 36], [36, 37], [36, 38], [38, 39], [38, 41], [63, 64], [63, 68], [68, 69], [68, 72], [72, 75], [72, 79], [79, 80], [79, 86], [81, 82], [81, 86], [93, 94], [93, 100], [100, 101], [100, 131], [121, 122], [121, 127], [123, 124], [127, 100], [127, 128]], "missing_branches": [[123, 127]]}}}}, "totals": {"covered_lines": 3897, "num_statements": 9252, "percent_covered": 38.807203039814965, "percent_covered_display": "38.8", "missing_lines": 5355, "excluded_lines": 129, "num_branches": 2854, "num_partial_branches": 383, "covered_branches": 801, "missing_branches": 2053}}